[ 2016-04-22T22:44:52+08:00 ] 127.0.0.1 /admin
INFO: [ app_init ] --START--
INFO: Run Behavior\BuildLiteBehavior [ RunTime:0.000000s ]
INFO: [ app_init ] --END-- [ RunTime:0.001000s ]
INFO: [ app_begin ] --START--
INFO: Run Behavior\ReadHtmlCacheBehavior [ RunTime:0.001000s ]
INFO: [ app_begin ] --END-- [ RunTime:0.001000s ]
ERR: 无法加载控制器:Index

[ 2016-04-22T22:48:25+08:00 ] 127.0.0.1 /admin
INFO: [ app_init ] --START--
INFO: Run Behavior\BuildLiteBehavior [ RunTime:0.000000s ]
INFO: [ app_init ] --END-- [ RunTime:0.000000s ]
INFO: [ app_begin ] --START--
INFO: Run Behavior\ReadHtmlCacheBehavior [ RunTime:0.000000s ]
INFO: [ app_begin ] --END-- [ RunTime:0.000000s ]
NOTIC: [8] Undefined index: txl_user_id D:\PHP\wamp\www\yege\Application\Common\Common\function.php 第 38 行.
NOTIC: [8] Undefined index: user_identity D:\PHP\wamp\www\yege\Application\Admin\Controller\PublicController.class.php 第 17 行.

[ 2016-04-22T22:48:30+08:00 ] 127.0.0.1 /Admin
INFO: [ app_init ] --START--
INFO: Run Behavior\BuildLiteBehavior [ RunTime:0.010000s ]
INFO: [ app_init ] --END-- [ RunTime:0.010000s ]
INFO: [ app_begin ] --START--
INFO: Run Behavior\ReadHtmlCacheBehavior [ RunTime:0.000000s ]
INFO: [ app_begin ] --END-- [ RunTime:0.000000s ]
NOTIC: [8] Undefined index: txl_user_id D:\PHP\wamp\www\yege\Application\Common\Common\function.php 第 38 行.
NOTIC: [8] Undefined index: user_identity D:\PHP\wamp\www\yege\Application\Admin\Controller\PublicController.class.php 第 17 行.

[ 2016-04-22T22:52:57+08:00 ] 127.0.0.1 /Admin
INFO: [ app_init ] --START--
INFO: Run Behavior\BuildLiteBehavior [ RunTime:0.000000s ]
INFO: [ app_init ] --END-- [ RunTime:0.000000s ]
INFO: [ app_begin ] --START--
INFO: Run Behavior\ReadHtmlCacheBehavior [ RunTime:0.000000s ]
INFO: [ app_begin ] --END-- [ RunTime:0.000000s ]
SQL: SHOW COLUMNS FROM `tl_user` [ RunTime:0.0000s ]
SQL: SELECT * FROM `tl_user` WHERE `id` = 1 LIMIT 1   [ RunTime:0.0100s ]
INFO: [ view_parse ] --START--
INFO: [ template_filter ] --START--
INFO: Run Behavior\ContentReplaceBehavior [ RunTime:0.000000s ]
INFO: [ template_filter ] --END-- [ RunTime:0.000000s ]
INFO: Run Behavior\ParseTemplateBehavior [ RunTime:0.014000s ]
INFO: [ view_parse ] --END-- [ RunTime:0.014000s ]
INFO: [ view_filter ] --START--
INFO: Run Behavior\WriteHtmlCacheBehavior [ RunTime:0.001001s ]
INFO: [ view_filter ] --END-- [ RunTime:0.001001s ]
INFO: [ app_end ] --START--
INFO: Run Behavior\ShowPageTraceBehavior [ RunTime:0.001000s ]
INFO: [ app_end ] --END-- [ RunTime:0.002000s ]

[ 2016-04-22T22:58:32+08:00 ] 127.0.0.1 /Admin
INFO: [ app_init ] --START--
INFO: Run Behavior\BuildLiteBehavior [ RunTime:0.000000s ]
INFO: [ app_init ] --END-- [ RunTime:0.001000s ]
INFO: [ app_begin ] --START--
INFO: Run Behavior\ReadHtmlCacheBehavior [ RunTime:0.001000s ]
INFO: [ app_begin ] --END-- [ RunTime:0.002000s ]
SQL: SHOW COLUMNS FROM `tl_user` [ RunTime:0.0070s ]
SQL: SELECT * FROM `tl_user` WHERE `id` = 1 LIMIT 1   [ RunTime:0.0000s ]
INFO: [ view_parse ] --START--
INFO: [ template_filter ] --START--
INFO: Run Behavior\ContentReplaceBehavior [ RunTime:0.000000s ]
INFO: [ template_filter ] --END-- [ RunTime:0.000000s ]
INFO: Run Behavior\ParseTemplateBehavior [ RunTime:0.003000s ]
INFO: [ view_parse ] --END-- [ RunTime:0.004000s ]
INFO: [ view_filter ] --START--
INFO: Run Behavior\WriteHtmlCacheBehavior [ RunTime:0.010000s ]
INFO: [ view_filter ] --END-- [ RunTime:0.010000s ]
INFO: [ app_end ] --START--
INFO: Run Behavior\ShowPageTraceBehavior [ RunTime:0.000000s ]
INFO: [ app_end ] --END-- [ RunTime:0.000000s ]

[ 2016-04-22T22:58:44+08:00 ] 127.0.0.1 /Admin
INFO: [ app_init ] --START--
INFO: Run Behavior\BuildLiteBehavior [ RunTime:0.000000s ]
INFO: [ app_init ] --END-- [ RunTime:0.000000s ]
INFO: [ app_begin ] --START--
INFO: Run Behavior\ReadHtmlCacheBehavior [ RunTime:0.000000s ]
INFO: [ app_begin ] --END-- [ RunTime:0.000000s ]
SQL: SHOW COLUMNS FROM `tl_user` [ RunTime:0.0070s ]
SQL: SELECT * FROM `tl_user` WHERE `id` = 1 LIMIT 1   [ RunTime:0.0000s ]
INFO: [ view_parse ] --START--
INFO: [ template_filter ] --START--
INFO: Run Behavior\ContentReplaceBehavior [ RunTime:0.000000s ]
INFO: [ template_filter ] --END-- [ RunTime:0.000000s ]
INFO: Run Behavior\ParseTemplateBehavior [ RunTime:0.013001s ]
INFO: [ view_parse ] --END-- [ RunTime:0.013001s ]
INFO: [ view_filter ] --START--
INFO: Run Behavior\WriteHtmlCacheBehavior [ RunTime:0.000000s ]
INFO: [ view_filter ] --END-- [ RunTime:0.001000s ]

[ 2016-04-22T22:59:55+08:00 ] 127.0.0.1 /Admin
INFO: [ app_init ] --START--
INFO: Run Behavior\BuildLiteBehavior [ RunTime:0.001000s ]
INFO: [ app_init ] --END-- [ RunTime:0.002000s ]
INFO: [ app_begin ] --START--
INFO: Run Behavior\ReadHtmlCacheBehavior [ RunTime:0.001000s ]
INFO: [ app_begin ] --END-- [ RunTime:0.002000s ]
SQL: SHOW COLUMNS FROM `tl_user` [ RunTime:0.0070s ]
SQL: SELECT * FROM `tl_user` WHERE `id` = 1 LIMIT 1   [ RunTime:0.0010s ]
INFO: [ view_parse ] --START--
INFO: [ template_filter ] --START--
INFO: Run Behavior\ContentReplaceBehavior [ RunTime:0.000000s ]
INFO: [ template_filter ] --END-- [ RunTime:0.000000s ]
INFO: Run Behavior\ParseTemplateBehavior [ RunTime:0.013000s ]
INFO: [ view_parse ] --END-- [ RunTime:0.013000s ]
INFO: [ view_filter ] --START--
INFO: Run Behavior\WriteHtmlCacheBehavior [ RunTime:0.000000s ]
INFO: [ view_filter ] --END-- [ RunTime:0.000000s ]

[ 2016-04-22T23:00:58+08:00 ] 127.0.0.1 /Admin
INFO: [ app_init ] --START--
INFO: Run Behavior\BuildLiteBehavior [ RunTime:0.000000s ]
INFO: [ app_init ] --END-- [ RunTime:0.000000s ]
INFO: [ app_begin ] --START--
INFO: Run Behavior\ReadHtmlCacheBehavior [ RunTime:0.000000s ]
INFO: [ app_begin ] --END-- [ RunTime:0.000000s ]
SQL: SHOW COLUMNS FROM `tl_user` [ RunTime:0.0000s ]
SQL: SELECT * FROM `tl_user` WHERE `id` = 1 LIMIT 1   [ RunTime:0.0000s ]
INFO: [ view_parse ] --START--
INFO: [ template_filter ] --START--
INFO: Run Behavior\ContentReplaceBehavior [ RunTime:0.000000s ]
INFO: [ template_filter ] --END-- [ RunTime:0.000000s ]
INFO: Run Behavior\ParseTemplateBehavior [ RunTime:0.010000s ]
INFO: [ view_parse ] --END-- [ RunTime:0.010000s ]
INFO: [ view_filter ] --START--
INFO: Run Behavior\WriteHtmlCacheBehavior [ RunTime:0.000000s ]
INFO: [ view_filter ] --END-- [ RunTime:0.000000s ]
INFO: [ app_end ] --START--
INFO: Run Behavior\ShowPageTraceBehavior [ RunTime:0.000000s ]
INFO: [ app_end ] --END-- [ RunTime:0.000000s ]

[ 2016-04-22T23:01:03+08:00 ] 127.0.0.1 /Admin/Goods/goodsList
INFO: [ app_init ] --START--
INFO: Run Behavior\BuildLiteBehavior [ RunTime:0.000000s ]
INFO: [ app_init ] --END-- [ RunTime:0.000000s ]
INFO: [ app_begin ] --START--
INFO: Run Behavior\ReadHtmlCacheBehavior [ RunTime:0.000000s ]
INFO: [ app_begin ] --END-- [ RunTime:0.000000s ]
SQL: SHOW COLUMNS FROM `tl_user` [ RunTime:0.0000s ]
SQL: SELECT * FROM `tl_user` WHERE `id` = 1 LIMIT 1   [ RunTime:0.0000s ]
SQL: SHOW COLUMNS FROM `tl_goods` [ RunTime:0.0100s ]
SQL: SELECT goods.*,user.username,user.nick_name,user.mobile,attr.attr_name FROM tl_goods as goods left join tl_user as user on user.id = goods.belong_id  left join tl_attr as attr on attr.id = goods.attr_id  WHERE goods.state = 1 ORDER BY id DESC LIMIT 0,20   [ RunTime:0.0100s ]
SQL: SELECT COUNT(*) AS tp_count FROM tl_goods as goods left join tl_user as user on user.id = goods.belong_id  left join tl_attr as attr on attr.id = goods.attr_id  WHERE goods.state = 1 LIMIT 1   [ RunTime:0.0000s ]
INFO: [ view_parse ] --START--
INFO: [ template_filter ] --START--
INFO: Run Behavior\ContentReplaceBehavior [ RunTime:0.001001s ]
INFO: [ template_filter ] --END-- [ RunTime:0.001001s ]
NOTIC: [8] Undefined variable: admin_head_title D:\PHP\wamp\www\yege\Application\Runtime\Cache\Admin\3268fbbbd0eb3ffe30140f78ff508f86.php 第 5 行.
INFO: Run Behavior\ParseTemplateBehavior [ RunTime:0.040002s ]
INFO: [ view_parse ] --END-- [ RunTime:0.040002s ]
INFO: [ view_filter ] --START--
INFO: Run Behavior\WriteHtmlCacheBehavior [ RunTime:0.000000s ]
INFO: [ view_filter ] --END-- [ RunTime:0.001000s ]
INFO: [ app_end ] --START--
INFO: Run Behavior\ShowPageTraceBehavior [ RunTime:0.001000s ]
INFO: [ app_end ] --END-- [ RunTime:0.002000s ]

[ 2016-04-22T23:04:05+08:00 ] 127.0.0.1 /Admin
INFO: [ app_init ] --START--
INFO: Run Behavior\BuildLiteBehavior [ RunTime:0.000000s ]
INFO: [ app_init ] --END-- [ RunTime:0.000000s ]
INFO: [ app_begin ] --START--
INFO: Run Behavior\ReadHtmlCacheBehavior [ RunTime:0.000000s ]
INFO: [ app_begin ] --END-- [ RunTime:0.000000s ]
SQL: SHOW COLUMNS FROM `tl_user` [ RunTime:0.0000s ]
SQL: SELECT * FROM `tl_user` WHERE `id` = 1 LIMIT 1   [ RunTime:0.0000s ]
INFO: [ view_parse ] --START--
INFO: [ template_filter ] --START--
INFO: Run Behavior\ContentReplaceBehavior [ RunTime:0.001000s ]
INFO: [ template_filter ] --END-- [ RunTime:0.001000s ]
INFO: Run Behavior\ParseTemplateBehavior [ RunTime:0.016000s ]
INFO: [ view_parse ] --END-- [ RunTime:0.016000s ]
INFO: [ view_filter ] --START--
INFO: Run Behavior\WriteHtmlCacheBehavior [ RunTime:0.001000s ]
INFO: [ view_filter ] --END-- [ RunTime:0.001000s ]
INFO: [ app_end ] --START--
INFO: Run Behavior\ShowPageTraceBehavior [ RunTime:0.001000s ]
INFO: [ app_end ] --END-- [ RunTime:0.002000s ]

[ 2016-04-22T23:04:18+08:00 ] 127.0.0.1 /Admin
INFO: [ app_init ] --START--
INFO: Run Behavior\BuildLiteBehavior [ RunTime:0.000000s ]
INFO: [ app_init ] --END-- [ RunTime:0.000000s ]
INFO: [ app_begin ] --START--
INFO: Run Behavior\ReadHtmlCacheBehavior [ RunTime:0.000000s ]
INFO: [ app_begin ] --END-- [ RunTime:0.000000s ]
SQL: SHOW COLUMNS FROM `tl_user` [ RunTime:0.0100s ]
SQL: SELECT * FROM `tl_user` WHERE `id` = 1 LIMIT 1   [ RunTime:0.0000s ]
INFO: [ view_parse ] --START--
INFO: [ template_filter ] --START--
INFO: Run Behavior\ContentReplaceBehavior [ RunTime:0.000000s ]
INFO: [ template_filter ] --END-- [ RunTime:0.000000s ]
INFO: Run Behavior\ParseTemplateBehavior [ RunTime:0.020000s ]
INFO: [ view_parse ] --END-- [ RunTime:0.020000s ]
INFO: [ view_filter ] --START--
INFO: Run Behavior\WriteHtmlCacheBehavior [ RunTime:0.000000s ]
INFO: [ view_filter ] --END-- [ RunTime:0.000000s ]
INFO: [ app_end ] --START--
INFO: Run Behavior\ShowPageTraceBehavior [ RunTime:0.000000s ]
INFO: [ app_end ] --END-- [ RunTime:0.000000s ]

[ 2016-04-22T23:04:21+08:00 ] 127.0.0.1 /Admin/Attr/attrList
INFO: [ app_init ] --START--
INFO: Run Behavior\BuildLiteBehavior [ RunTime:0.000000s ]
INFO: [ app_init ] --END-- [ RunTime:0.000000s ]
INFO: [ app_begin ] --START--
INFO: Run Behavior\ReadHtmlCacheBehavior [ RunTime:0.000000s ]
INFO: [ app_begin ] --END-- [ RunTime:0.000000s ]
SQL: SHOW COLUMNS FROM `tl_user` [ RunTime:0.0000s ]
SQL: SELECT * FROM `tl_user` WHERE `id` = 1 LIMIT 1   [ RunTime:0.0000s ]
SQL: SHOW COLUMNS FROM `tl_attr` [ RunTime:0.0000s ]
SQL: SELECT attr.*,parent_attr.parent_id as p_id,parent_attr.attr_name as parent_name,child_attr.child_num FROM tl_attr as attr left join tl_attr as parent_attr on attr.parent_id = parent_attr.id left join (select count(id) as child_num,parent_id from tl_attr where state = 1 group by parent_id ) as child_attr on attr.id = child_attr.parent_id   WHERE attr.parent_id = 0 AND attr.state = 1 ORDER BY attr.id ASC  [ RunTime:0.0000s ]
SQL: SELECT COUNT(*) AS tp_count FROM tl_attr as attr left join tl_attr as parent_attr on attr.parent_id = parent_attr.id  WHERE attr.parent_id = 0 AND attr.state = 1 LIMIT 1   [ RunTime:0.0000s ]
INFO: [ view_parse ] --START--
INFO: [ template_filter ] --START--
INFO: Run Behavior\ContentReplaceBehavior [ RunTime:0.001000s ]
INFO: [ template_filter ] --END-- [ RunTime:0.001000s ]
NOTIC: [8] Undefined variable: admin_head_title D:\PHP\wamp\www\yege\Application\Runtime\Cache\Admin\9da7ec30e86ff80cd6992309b174b561.php 第 5 行.
INFO: Run Behavior\ParseTemplateBehavior [ RunTime:0.030001s ]
INFO: [ view_parse ] --END-- [ RunTime:0.030001s ]
INFO: [ view_filter ] --START--
INFO: Run Behavior\WriteHtmlCacheBehavior [ RunTime:0.000000s ]
INFO: [ view_filter ] --END-- [ RunTime:0.001001s ]
INFO: [ app_end ] --START--
INFO: Run Behavior\ShowPageTraceBehavior [ RunTime:0.001000s ]
INFO: [ app_end ] --END-- [ RunTime:0.001000s ]

[ 2016-04-22T23:04:24+08:00 ] 127.0.0.1 /Admin/Attr/addAttr/parent_id/0
INFO: [ app_init ] --START--
INFO: Run Behavior\BuildLiteBehavior [ RunTime:0.000000s ]
INFO: [ app_init ] --END-- [ RunTime:0.001000s ]
INFO: [ app_begin ] --START--
INFO: Run Behavior\ReadHtmlCacheBehavior [ RunTime:0.001000s ]
INFO: [ app_begin ] --END-- [ RunTime:0.001000s ]
SQL: SHOW COLUMNS FROM `tl_user` [ RunTime:0.0070s ]
SQL: SELECT * FROM `tl_user` WHERE `id` = 1 LIMIT 1   [ RunTime:0.0000s ]
INFO: [ view_parse ] --START--
INFO: [ template_filter ] --START--
INFO: Run Behavior\ContentReplaceBehavior [ RunTime:0.000000s ]
INFO: [ template_filter ] --END-- [ RunTime:0.000000s ]
NOTIC: [8] Undefined variable: admin_head_title D:\PHP\wamp\www\yege\Application\Runtime\Cache\Admin\accfc383daaf1ef09fecd7f4a50c679c.php 第 5 行.
INFO: Run Behavior\ParseTemplateBehavior [ RunTime:0.023000s ]
INFO: [ view_parse ] --END-- [ RunTime:0.023000s ]
INFO: [ view_filter ] --START--
INFO: Run Behavior\WriteHtmlCacheBehavior [ RunTime:0.001001s ]
INFO: [ view_filter ] --END-- [ RunTime:0.001001s ]
INFO: [ app_end ] --START--
INFO: Run Behavior\ShowPageTraceBehavior [ RunTime:0.001000s ]
INFO: [ app_end ] --END-- [ RunTime:0.001000s ]

[ 2016-04-22T23:04:25+08:00 ] 127.0.0.1 /Admin/Ajax/ajaxGetAttrList
INFO: [ app_init ] --START--
INFO: Run Behavior\BuildLiteBehavior [ RunTime:0.000000s ]
INFO: [ app_init ] --END-- [ RunTime:0.001000s ]
INFO: [ app_begin ] --START--
INFO: Run Behavior\ReadHtmlCacheBehavior [ RunTime:0.001000s ]
INFO: [ app_begin ] --END-- [ RunTime:0.001000s ]
SQL: SHOW COLUMNS FROM `tl_user` [ RunTime:0.0070s ]
SQL: SELECT * FROM `tl_user` WHERE `id` = 1 LIMIT 1   [ RunTime:0.0000s ]
SQL: SHOW COLUMNS FROM `tl_attr` [ RunTime:0.0080s ]
SQL: SELECT * FROM `tl_attr` WHERE `parent_id` = 0 AND `state` = 1 ORDER BY id ASC  [ RunTime:0.0000s ]

[ 2016-04-22T23:04:28+08:00 ] 127.0.0.1 /Admin/Attr/addAttr/parent_id/0
INFO: [ app_init ] --START--
INFO: Run Behavior\BuildLiteBehavior [ RunTime:0.000000s ]
INFO: [ app_init ] --END-- [ RunTime:0.001000s ]
INFO: [ app_begin ] --START--
INFO: Run Behavior\ReadHtmlCacheBehavior [ RunTime:0.001000s ]
INFO: [ app_begin ] --END-- [ RunTime:0.002000s ]
SQL: SHOW COLUMNS FROM `tl_user` [ RunTime:0.0060s ]
SQL: SELECT * FROM `tl_user` WHERE `id` = 1 LIMIT 1   [ RunTime:0.0000s ]
INFO: [ view_parse ] --START--
INFO: [ template_filter ] --START--
INFO: Run Behavior\ContentReplaceBehavior [ RunTime:0.000000s ]
INFO: [ template_filter ] --END-- [ RunTime:0.001000s ]
NOTIC: [8] Undefined variable: admin_head_title D:\PHP\wamp\www\yege\Application\Runtime\Cache\Admin\accfc383daaf1ef09fecd7f4a50c679c.php 第 5 行.
INFO: Run Behavior\ParseTemplateBehavior [ RunTime:0.017001s ]
INFO: [ view_parse ] --END-- [ RunTime:0.017001s ]
INFO: [ view_filter ] --START--
INFO: Run Behavior\WriteHtmlCacheBehavior [ RunTime:0.001000s ]
INFO: [ view_filter ] --END-- [ RunTime:0.001000s ]
INFO: [ app_end ] --START--
INFO: Run Behavior\ShowPageTraceBehavior [ RunTime:0.001000s ]
INFO: [ app_end ] --END-- [ RunTime:0.001000s ]

[ 2016-04-22T23:04:29+08:00 ] 127.0.0.1 /Admin/Ajax/ajaxGetAttrList
INFO: [ app_init ] --START--
INFO: Run Behavior\BuildLiteBehavior [ RunTime:0.000000s ]
INFO: [ app_init ] --END-- [ RunTime:0.000000s ]
INFO: [ app_begin ] --START--
INFO: Run Behavior\ReadHtmlCacheBehavior [ RunTime:0.000000s ]
INFO: [ app_begin ] --END-- [ RunTime:0.000000s ]
SQL: SHOW COLUMNS FROM `tl_user` [ RunTime:0.0060s ]
SQL: SELECT * FROM `tl_user` WHERE `id` = 1 LIMIT 1   [ RunTime:0.0000s ]
SQL: SHOW COLUMNS FROM `tl_attr` [ RunTime:0.0150s ]
SQL: SELECT * FROM `tl_attr` WHERE `parent_id` = 0 AND `state` = 1 ORDER BY id ASC  [ RunTime:0.0010s ]

[ 2016-04-22T23:04:30+08:00 ] 127.0.0.1 /Admin/Ajax/ajaxGetAttrList
INFO: [ app_init ] --START--
INFO: Run Behavior\BuildLiteBehavior [ RunTime:0.000000s ]
INFO: [ app_init ] --END-- [ RunTime:0.000000s ]
INFO: [ app_begin ] --START--
INFO: Run Behavior\ReadHtmlCacheBehavior [ RunTime:0.010000s ]
INFO: [ app_begin ] --END-- [ RunTime:0.010000s ]
SQL: SHOW COLUMNS FROM `tl_user` [ RunTime:0.0100s ]
SQL: SELECT * FROM `tl_user` WHERE `id` = 1 LIMIT 1   [ RunTime:0.0000s ]
SQL: SHOW COLUMNS FROM `tl_attr` [ RunTime:0.0000s ]
SQL: SELECT * FROM `tl_attr` WHERE `id` = 2 LIMIT 1   [ RunTime:0.0100s ]
SQL: SELECT * FROM `tl_attr` WHERE `parent_id` = 0 AND `state` = 1 ORDER BY id ASC  [ RunTime:0.0000s ]
SQL: SELECT * FROM `tl_attr` WHERE `parent_id` = 2  [ RunTime:0.0000s ]

[ 2016-04-22T23:04:32+08:00 ] 127.0.0.1 /Admin/Ajax/ajaxGetAttrList
INFO: [ app_init ] --START--
INFO: Run Behavior\BuildLiteBehavior [ RunTime:0.000000s ]
INFO: [ app_init ] --END-- [ RunTime:0.000000s ]
INFO: [ app_begin ] --START--
INFO: Run Behavior\ReadHtmlCacheBehavior [ RunTime:0.000000s ]
INFO: [ app_begin ] --END-- [ RunTime:0.000000s ]
SQL: SHOW COLUMNS FROM `tl_user` [ RunTime:0.0000s ]
SQL: SELECT * FROM `tl_user` WHERE `id` = 1 LIMIT 1   [ RunTime:0.0000s ]
SQL: SHOW COLUMNS FROM `tl_attr` [ RunTime:0.0000s ]
SQL: SELECT * FROM `tl_attr` WHERE `id` = 5 LIMIT 1   [ RunTime:0.0000s ]
SQL: SELECT * FROM `tl_attr` WHERE `parent_id` = 2 AND `state` = 1 ORDER BY id ASC  [ RunTime:0.0000s ]
SQL: SELECT * FROM `tl_attr` WHERE `id` = 2 AND `state` = 1 LIMIT 1   [ RunTime:0.0000s ]
SQL: SELECT * FROM `tl_attr` WHERE `parent_id` = 0 AND `state` = 1 ORDER BY id ASC  [ RunTime:0.0000s ]
SQL: SELECT * FROM `tl_attr` WHERE `parent_id` = 5  [ RunTime:0.0000s ]

[ 2016-04-22T23:04:33+08:00 ] 127.0.0.1 /Admin/Ajax/ajaxGetAttrList
INFO: [ app_init ] --START--
INFO: Run Behavior\BuildLiteBehavior [ RunTime:0.000000s ]
INFO: [ app_init ] --END-- [ RunTime:0.000000s ]
INFO: [ app_begin ] --START--
INFO: Run Behavior\ReadHtmlCacheBehavior [ RunTime:0.000000s ]
INFO: [ app_begin ] --END-- [ RunTime:0.000000s ]
SQL: SHOW COLUMNS FROM `tl_user` [ RunTime:0.0000s ]
SQL: SELECT * FROM `tl_user` WHERE `id` = 1 LIMIT 1   [ RunTime:0.0000s ]
SQL: SHOW COLUMNS FROM `tl_attr` [ RunTime:0.0000s ]
SQL: SELECT * FROM `tl_attr` WHERE `id` = 6 LIMIT 1   [ RunTime:0.0000s ]
SQL: SELECT * FROM `tl_attr` WHERE `parent_id` = 5 AND `state` = 1 ORDER BY id ASC  [ RunTime:0.0000s ]
SQL: SELECT * FROM `tl_attr` WHERE `id` = 5 AND `state` = 1 LIMIT 1   [ RunTime:0.0000s ]
SQL: SELECT * FROM `tl_attr` WHERE `parent_id` = 2 AND `state` = 1 ORDER BY id ASC  [ RunTime:0.0000s ]
SQL: SELECT * FROM `tl_attr` WHERE `id` = 2 AND `state` = 1 LIMIT 1   [ RunTime:0.0000s ]
SQL: SELECT * FROM `tl_attr` WHERE `parent_id` = 0 AND `state` = 1 ORDER BY id ASC  [ RunTime:0.0000s ]
SQL: SELECT * FROM `tl_attr` WHERE `parent_id` = 6  [ RunTime:0.0000s ]

[ 2016-04-22T23:04:35+08:00 ] 127.0.0.1 /Admin/Ajax/ajaxAddAttr
INFO: [ app_init ] --START--
INFO: Run Behavior\BuildLiteBehavior [ RunTime:0.000000s ]
INFO: [ app_init ] --END-- [ RunTime:0.000000s ]
INFO: [ app_begin ] --START--
INFO: Run Behavior\ReadHtmlCacheBehavior [ RunTime:0.000000s ]
INFO: [ app_begin ] --END-- [ RunTime:0.000000s ]
SQL: SHOW COLUMNS FROM `tl_user` [ RunTime:0.0000s ]
SQL: SELECT * FROM `tl_user` WHERE `id` = 1 LIMIT 1   [ RunTime:0.0000s ]
SQL: SHOW COLUMNS FROM `tl_attr` [ RunTime:0.0000s ]
SQL: SELECT * FROM `tl_attr` WHERE `id` = 6 LIMIT 1   [ RunTime:0.0000s ]
SQL: SELECT * FROM `tl_attr` WHERE `attr_name` = '12' AND `parent_id` = 6 AND `state` = 1 LIMIT 1   [ RunTime:0.0000s ]
SQL: INSERT INTO `tl_attr` (`parent_id`,`attr_name`,`updatetime`,`inputtime`) VALUES ('6','12','1461337475','1461337475') [ RunTime:0.0700s ]

[ 2016-04-22T23:04:36+08:00 ] 127.0.0.1 /Admin/Ajax/ajaxGetAttrList
INFO: [ app_init ] --START--
INFO: Run Behavior\BuildLiteBehavior [ RunTime:0.000000s ]
INFO: [ app_init ] --END-- [ RunTime:0.000000s ]
INFO: [ app_begin ] --START--
INFO: Run Behavior\ReadHtmlCacheBehavior [ RunTime:0.000000s ]
INFO: [ app_begin ] --END-- [ RunTime:0.000000s ]
SQL: SHOW COLUMNS FROM `tl_user` [ RunTime:0.0000s ]
SQL: SELECT * FROM `tl_user` WHERE `id` = 1 LIMIT 1   [ RunTime:0.0100s ]
SQL: SHOW COLUMNS FROM `tl_attr` [ RunTime:0.0000s ]
SQL: SELECT * FROM `tl_attr` WHERE `id` = 6 LIMIT 1   [ RunTime:0.0000s ]
SQL: SELECT * FROM `tl_attr` WHERE `parent_id` = 5 AND `state` = 1 ORDER BY id ASC  [ RunTime:0.0000s ]
SQL: SELECT * FROM `tl_attr` WHERE `id` = 5 AND `state` = 1 LIMIT 1   [ RunTime:0.0000s ]
SQL: SELECT * FROM `tl_attr` WHERE `parent_id` = 2 AND `state` = 1 ORDER BY id ASC  [ RunTime:0.0000s ]
SQL: SELECT * FROM `tl_attr` WHERE `id` = 2 AND `state` = 1 LIMIT 1   [ RunTime:0.0000s ]
SQL: SELECT * FROM `tl_attr` WHERE `parent_id` = 0 AND `state` = 1 ORDER BY id ASC  [ RunTime:0.0000s ]
SQL: SELECT * FROM `tl_attr` WHERE `parent_id` = 6  [ RunTime:0.0010s ]

[ 2016-04-22T23:04:41+08:00 ] 127.0.0.1 /Admin/Attr/attrList
INFO: [ app_init ] --START--
INFO: Run Behavior\BuildLiteBehavior [ RunTime:0.000000s ]
INFO: [ app_init ] --END-- [ RunTime:0.000000s ]
INFO: [ app_begin ] --START--
INFO: Run Behavior\ReadHtmlCacheBehavior [ RunTime:0.000000s ]
INFO: [ app_begin ] --END-- [ RunTime:0.000000s ]
SQL: SHOW COLUMNS FROM `tl_user` [ RunTime:0.0000s ]
SQL: SELECT * FROM `tl_user` WHERE `id` = 1 LIMIT 1   [ RunTime:0.0000s ]
SQL: SHOW COLUMNS FROM `tl_attr` [ RunTime:0.0100s ]
SQL: SELECT attr.*,parent_attr.parent_id as p_id,parent_attr.attr_name as parent_name,child_attr.child_num FROM tl_attr as attr left join tl_attr as parent_attr on attr.parent_id = parent_attr.id left join (select count(id) as child_num,parent_id from tl_attr where state = 1 group by parent_id ) as child_attr on attr.id = child_attr.parent_id   WHERE attr.parent_id = 0 AND attr.state = 1 ORDER BY attr.id ASC  [ RunTime:0.0100s ]
SQL: SELECT COUNT(*) AS tp_count FROM tl_attr as attr left join tl_attr as parent_attr on attr.parent_id = parent_attr.id  WHERE attr.parent_id = 0 AND attr.state = 1 LIMIT 1   [ RunTime:0.0000s ]
INFO: [ view_parse ] --START--
INFO: [ template_filter ] --START--
INFO: Run Behavior\ContentReplaceBehavior [ RunTime:0.010000s ]
INFO: [ template_filter ] --END-- [ RunTime:0.010000s ]
NOTIC: [8] Undefined variable: admin_head_title D:\PHP\wamp\www\yege\Application\Runtime\Cache\Admin\9da7ec30e86ff80cd6992309b174b561.php 第 5 行.
INFO: Run Behavior\ParseTemplateBehavior [ RunTime:0.039001s ]
INFO: [ view_parse ] --END-- [ RunTime:0.039001s ]
INFO: [ view_filter ] --START--
INFO: Run Behavior\WriteHtmlCacheBehavior [ RunTime:0.000000s ]
INFO: [ view_filter ] --END-- [ RunTime:0.001000s ]
INFO: [ app_end ] --START--
INFO: Run Behavior\ShowPageTraceBehavior [ RunTime:0.000000s ]
INFO: [ app_end ] --END-- [ RunTime:0.000000s ]

[ 2016-04-22T23:04:42+08:00 ] 127.0.0.1 /Admin/Attr/attrList/parent_id/2
INFO: [ app_init ] --START--
INFO: Run Behavior\BuildLiteBehavior [ RunTime:0.000000s ]
INFO: [ app_init ] --END-- [ RunTime:0.000000s ]
INFO: [ app_begin ] --START--
INFO: Run Behavior\ReadHtmlCacheBehavior [ RunTime:0.010000s ]
INFO: [ app_begin ] --END-- [ RunTime:0.010000s ]
SQL: SHOW COLUMNS FROM `tl_user` [ RunTime:0.0000s ]
SQL: SELECT * FROM `tl_user` WHERE `id` = 1 LIMIT 1   [ RunTime:0.0000s ]
SQL: SHOW COLUMNS FROM `tl_attr` [ RunTime:0.0100s ]
SQL: SELECT attr.*,parent_attr.parent_id as p_id,parent_attr.attr_name as parent_name,child_attr.child_num FROM tl_attr as attr left join tl_attr as parent_attr on attr.parent_id = parent_attr.id left join (select count(id) as child_num,parent_id from tl_attr where state = 1 group by parent_id ) as child_attr on attr.id = child_attr.parent_id   WHERE attr.parent_id = 2 AND attr.state = 1 ORDER BY attr.id ASC  [ RunTime:0.0000s ]
SQL: SELECT COUNT(*) AS tp_count FROM tl_attr as attr left join tl_attr as parent_attr on attr.parent_id = parent_attr.id  WHERE attr.parent_id = 2 AND attr.state = 1 LIMIT 1   [ RunTime:0.0000s ]
INFO: [ view_parse ] --START--
INFO: [ template_filter ] --START--
INFO: Run Behavior\ContentReplaceBehavior [ RunTime:0.000000s ]
INFO: [ template_filter ] --END-- [ RunTime:0.001000s ]
NOTIC: [8] Undefined variable: admin_head_title D:\PHP\wamp\www\yege\Application\Runtime\Cache\Admin\9da7ec30e86ff80cd6992309b174b561.php 第 5 行.
INFO: Run Behavior\ParseTemplateBehavior [ RunTime:0.030001s ]
INFO: [ view_parse ] --END-- [ RunTime:0.030001s ]
INFO: [ view_filter ] --START--
INFO: Run Behavior\WriteHtmlCacheBehavior [ RunTime:0.000000s ]
INFO: [ view_filter ] --END-- [ RunTime:0.002000s ]
INFO: [ app_end ] --START--
INFO: Run Behavior\ShowPageTraceBehavior [ RunTime:0.001000s ]
INFO: [ app_end ] --END-- [ RunTime:0.001000s ]

[ 2016-04-22T23:04:44+08:00 ] 127.0.0.1 /Admin/Attr/attrList/parent_id/5
INFO: [ app_init ] --START--
INFO: Run Behavior\BuildLiteBehavior [ RunTime:0.000000s ]
INFO: [ app_init ] --END-- [ RunTime:0.000000s ]
INFO: [ app_begin ] --START--
INFO: Run Behavior\ReadHtmlCacheBehavior [ RunTime:0.000000s ]
INFO: [ app_begin ] --END-- [ RunTime:0.000000s ]
SQL: SHOW COLUMNS FROM `tl_user` [ RunTime:0.0100s ]
SQL: SELECT * FROM `tl_user` WHERE `id` = 1 LIMIT 1   [ RunTime:0.0000s ]
SQL: SHOW COLUMNS FROM `tl_attr` [ RunTime:0.0100s ]
SQL: SELECT attr.*,parent_attr.parent_id as p_id,parent_attr.attr_name as parent_name,child_attr.child_num FROM tl_attr as attr left join tl_attr as parent_attr on attr.parent_id = parent_attr.id left join (select count(id) as child_num,parent_id from tl_attr where state = 1 group by parent_id ) as child_attr on attr.id = child_attr.parent_id   WHERE attr.parent_id = 5 AND attr.state = 1 ORDER BY attr.id ASC  [ RunTime:0.0000s ]
SQL: SELECT COUNT(*) AS tp_count FROM tl_attr as attr left join tl_attr as parent_attr on attr.parent_id = parent_attr.id  WHERE attr.parent_id = 5 AND attr.state = 1 LIMIT 1   [ RunTime:0.0000s ]
INFO: [ view_parse ] --START--
INFO: [ template_filter ] --START--
INFO: Run Behavior\ContentReplaceBehavior [ RunTime:0.001000s ]
INFO: [ template_filter ] --END-- [ RunTime:0.001000s ]
NOTIC: [8] Undefined variable: admin_head_title D:\PHP\wamp\www\yege\Application\Runtime\Cache\Admin\9da7ec30e86ff80cd6992309b174b561.php 第 5 行.
INFO: Run Behavior\ParseTemplateBehavior [ RunTime:0.032000s ]
INFO: [ view_parse ] --END-- [ RunTime:0.032000s ]
INFO: [ view_filter ] --START--
INFO: Run Behavior\WriteHtmlCacheBehavior [ RunTime:0.001000s ]
INFO: [ view_filter ] --END-- [ RunTime:0.001000s ]
INFO: [ app_end ] --START--
INFO: Run Behavior\ShowPageTraceBehavior [ RunTime:0.001000s ]
INFO: [ app_end ] --END-- [ RunTime:0.001000s ]

[ 2016-04-22T23:04:45+08:00 ] 127.0.0.1 /Admin/Attr/attrList/parent_id/2
INFO: [ app_init ] --START--
INFO: Run Behavior\BuildLiteBehavior [ RunTime:0.000000s ]
INFO: [ app_init ] --END-- [ RunTime:0.000000s ]
INFO: [ app_begin ] --START--
INFO: Run Behavior\ReadHtmlCacheBehavior [ RunTime:0.000000s ]
INFO: [ app_begin ] --END-- [ RunTime:0.000000s ]
SQL: SHOW COLUMNS FROM `tl_user` [ RunTime:0.0100s ]
SQL: SELECT * FROM `tl_user` WHERE `id` = 1 LIMIT 1   [ RunTime:0.0000s ]
SQL: SHOW COLUMNS FROM `tl_attr` [ RunTime:0.0120s ]
SQL: SELECT attr.*,parent_attr.parent_id as p_id,parent_attr.attr_name as parent_name,child_attr.child_num FROM tl_attr as attr left join tl_attr as parent_attr on attr.parent_id = parent_attr.id left join (select count(id) as child_num,parent_id from tl_attr where state = 1 group by parent_id ) as child_attr on attr.id = child_attr.parent_id   WHERE attr.parent_id = 2 AND attr.state = 1 ORDER BY attr.id ASC  [ RunTime:0.0020s ]
SQL: SELECT COUNT(*) AS tp_count FROM tl_attr as attr left join tl_attr as parent_attr on attr.parent_id = parent_attr.id  WHERE attr.parent_id = 2 AND attr.state = 1 LIMIT 1   [ RunTime:0.0010s ]
INFO: [ view_parse ] --START--
INFO: [ template_filter ] --START--
INFO: Run Behavior\ContentReplaceBehavior [ RunTime:0.000000s ]
INFO: [ template_filter ] --END-- [ RunTime:0.001000s ]
NOTIC: [8] Undefined variable: admin_head_title D:\PHP\wamp\www\yege\Application\Runtime\Cache\Admin\9da7ec30e86ff80cd6992309b174b561.php 第 5 行.
INFO: Run Behavior\ParseTemplateBehavior [ RunTime:0.027002s ]
INFO: [ view_parse ] --END-- [ RunTime:0.027002s ]
INFO: [ view_filter ] --START--
INFO: Run Behavior\WriteHtmlCacheBehavior [ RunTime:0.001000s ]
INFO: [ view_filter ] --END-- [ RunTime:0.001000s ]
INFO: [ app_end ] --START--
INFO: Run Behavior\ShowPageTraceBehavior [ RunTime:0.002000s ]
INFO: [ app_end ] --END-- [ RunTime:0.002000s ]

[ 2016-04-22T23:04:46+08:00 ] 127.0.0.1 /Admin/Attr/attrList/parent_id/0
INFO: [ app_init ] --START--
INFO: Run Behavior\BuildLiteBehavior [ RunTime:0.000000s ]
INFO: [ app_init ] --END-- [ RunTime:0.000000s ]
INFO: [ app_begin ] --START--
INFO: Run Behavior\ReadHtmlCacheBehavior [ RunTime:0.000000s ]
INFO: [ app_begin ] --END-- [ RunTime:0.000000s ]
SQL: SHOW COLUMNS FROM `tl_user` [ RunTime:0.0000s ]
SQL: SELECT * FROM `tl_user` WHERE `id` = 1 LIMIT 1   [ RunTime:0.0000s ]
SQL: SHOW COLUMNS FROM `tl_attr` [ RunTime:0.0100s ]
SQL: SELECT attr.*,parent_attr.parent_id as p_id,parent_attr.attr_name as parent_name,child_attr.child_num FROM tl_attr as attr left join tl_attr as parent_attr on attr.parent_id = parent_attr.id left join (select count(id) as child_num,parent_id from tl_attr where state = 1 group by parent_id ) as child_attr on attr.id = child_attr.parent_id   WHERE attr.parent_id = 0 AND attr.state = 1 ORDER BY attr.id ASC  [ RunTime:0.0000s ]
SQL: SELECT COUNT(*) AS tp_count FROM tl_attr as attr left join tl_attr as parent_attr on attr.parent_id = parent_attr.id  WHERE attr.parent_id = 0 AND attr.state = 1 LIMIT 1   [ RunTime:0.0000s ]
INFO: [ view_parse ] --START--
INFO: [ template_filter ] --START--
INFO: Run Behavior\ContentReplaceBehavior [ RunTime:0.000000s ]
INFO: [ template_filter ] --END-- [ RunTime:0.001000s ]
NOTIC: [8] Undefined variable: admin_head_title D:\PHP\wamp\www\yege\Application\Runtime\Cache\Admin\9da7ec30e86ff80cd6992309b174b561.php 第 5 行.
INFO: Run Behavior\ParseTemplateBehavior [ RunTime:0.029001s ]
INFO: [ view_parse ] --END-- [ RunTime:0.029001s ]
INFO: [ view_filter ] --START--
INFO: Run Behavior\WriteHtmlCacheBehavior [ RunTime:0.001000s ]
INFO: [ view_filter ] --END-- [ RunTime:0.001000s ]
INFO: [ app_end ] --START--
INFO: Run Behavior\ShowPageTraceBehavior [ RunTime:0.001000s ]
INFO: [ app_end ] --END-- [ RunTime:0.001000s ]

[ 2016-04-22T23:04:47+08:00 ] 127.0.0.1 /Admin/Attr/addAttr/parent_id/0
INFO: [ app_init ] --START--
INFO: Run Behavior\BuildLiteBehavior [ RunTime:0.000000s ]
INFO: [ app_init ] --END-- [ RunTime:0.000000s ]
INFO: [ app_begin ] --START--
INFO: Run Behavior\ReadHtmlCacheBehavior [ RunTime:0.000000s ]
INFO: [ app_begin ] --END-- [ RunTime:0.000000s ]
SQL: SHOW COLUMNS FROM `tl_user` [ RunTime:0.0000s ]
SQL: SELECT * FROM `tl_user` WHERE `id` = 1 LIMIT 1   [ RunTime:0.0000s ]
INFO: [ view_parse ] --START--
INFO: [ template_filter ] --START--
INFO: Run Behavior\ContentReplaceBehavior [ RunTime:0.000000s ]
INFO: [ template_filter ] --END-- [ RunTime:0.000000s ]
NOTIC: [8] Undefined variable: admin_head_title D:\PHP\wamp\www\yege\Application\Runtime\Cache\Admin\accfc383daaf1ef09fecd7f4a50c679c.php 第 5 行.
INFO: Run Behavior\ParseTemplateBehavior [ RunTime:0.020000s ]
INFO: [ view_parse ] --END-- [ RunTime:0.020000s ]
INFO: [ view_filter ] --START--
INFO: Run Behavior\WriteHtmlCacheBehavior [ RunTime:0.001000s ]
INFO: [ view_filter ] --END-- [ RunTime:0.002000s ]
INFO: [ app_end ] --START--
INFO: Run Behavior\ShowPageTraceBehavior [ RunTime:0.001000s ]
INFO: [ app_end ] --END-- [ RunTime:0.001000s ]

[ 2016-04-22T23:04:47+08:00 ] 127.0.0.1 /Admin/Ajax/ajaxGetAttrList
INFO: [ app_init ] --START--
INFO: Run Behavior\BuildLiteBehavior [ RunTime:0.000000s ]
INFO: [ app_init ] --END-- [ RunTime:0.001000s ]
INFO: [ app_begin ] --START--
INFO: Run Behavior\ReadHtmlCacheBehavior [ RunTime:0.001000s ]
INFO: [ app_begin ] --END-- [ RunTime:0.001000s ]
SQL: SHOW COLUMNS FROM `tl_user` [ RunTime:0.0060s ]
SQL: SELECT * FROM `tl_user` WHERE `id` = 1 LIMIT 1   [ RunTime:0.0000s ]
SQL: SHOW COLUMNS FROM `tl_attr` [ RunTime:0.0060s ]
SQL: SELECT * FROM `tl_attr` WHERE `parent_id` = 0 AND `state` = 1 ORDER BY id ASC  [ RunTime:0.0000s ]

[ 2016-04-22T23:04:52+08:00 ] 127.0.0.1 /Admin/Attr/attrList/parent_id/5
INFO: [ app_init ] --START--
INFO: Run Behavior\BuildLiteBehavior [ RunTime:0.000000s ]
INFO: [ app_init ] --END-- [ RunTime:0.000000s ]
INFO: [ app_begin ] --START--
INFO: Run Behavior\ReadHtmlCacheBehavior [ RunTime:0.010000s ]
INFO: [ app_begin ] --END-- [ RunTime:0.010000s ]
SQL: SHOW COLUMNS FROM `tl_user` [ RunTime:0.0100s ]
SQL: SELECT * FROM `tl_user` WHERE `id` = 1 LIMIT 1   [ RunTime:0.0000s ]
SQL: SHOW COLUMNS FROM `tl_attr` [ RunTime:0.0000s ]
SQL: SELECT attr.*,parent_attr.parent_id as p_id,parent_attr.attr_name as parent_name,child_attr.child_num FROM tl_attr as attr left join tl_attr as parent_attr on attr.parent_id = parent_attr.id left join (select count(id) as child_num,parent_id from tl_attr where state = 1 group by parent_id ) as child_attr on attr.id = child_attr.parent_id   WHERE attr.parent_id = 5 AND attr.state = 1 ORDER BY attr.id ASC  [ RunTime:0.0010s ]
SQL: SELECT COUNT(*) AS tp_count FROM tl_attr as attr left join tl_attr as parent_attr on attr.parent_id = parent_attr.id  WHERE attr.parent_id = 5 AND attr.state = 1 LIMIT 1   [ RunTime:0.0000s ]
INFO: [ view_parse ] --START--
INFO: [ template_filter ] --START--
INFO: Run Behavior\ContentReplaceBehavior [ RunTime:0.001000s ]
INFO: [ template_filter ] --END-- [ RunTime:0.001000s ]
NOTIC: [8] Undefined variable: admin_head_title D:\PHP\wamp\www\yege\Application\Runtime\Cache\Admin\9da7ec30e86ff80cd6992309b174b561.php 第 5 行.
INFO: Run Behavior\ParseTemplateBehavior [ RunTime:0.023001s ]
INFO: [ view_parse ] --END-- [ RunTime:0.023001s ]
INFO: [ view_filter ] --START--
INFO: Run Behavior\WriteHtmlCacheBehavior [ RunTime:0.001000s ]
INFO: [ view_filter ] --END-- [ RunTime:0.002000s ]
INFO: [ app_end ] --START--
INFO: Run Behavior\ShowPageTraceBehavior [ RunTime:0.001000s ]
INFO: [ app_end ] --END-- [ RunTime:0.001000s ]

[ 2016-04-22T23:04:53+08:00 ] 127.0.0.1 /Admin/Attr/addAttr/parent_id/5
INFO: [ app_init ] --START--
INFO: Run Behavior\BuildLiteBehavior [ RunTime:0.000000s ]
INFO: [ app_init ] --END-- [ RunTime:0.000000s ]
INFO: [ app_begin ] --START--
INFO: Run Behavior\ReadHtmlCacheBehavior [ RunTime:0.000000s ]
INFO: [ app_begin ] --END-- [ RunTime:0.000000s ]
SQL: SHOW COLUMNS FROM `tl_user` [ RunTime:0.0100s ]
SQL: SELECT * FROM `tl_user` WHERE `id` = 1 LIMIT 1   [ RunTime:0.0000s ]
INFO: [ view_parse ] --START--
INFO: [ template_filter ] --START--
INFO: Run Behavior\ContentReplaceBehavior [ RunTime:0.001000s ]
INFO: [ template_filter ] --END-- [ RunTime:0.001000s ]
NOTIC: [8] Undefined variable: admin_head_title D:\PHP\wamp\www\yege\Application\Runtime\Cache\Admin\accfc383daaf1ef09fecd7f4a50c679c.php 第 5 行.
INFO: Run Behavior\ParseTemplateBehavior [ RunTime:0.017001s ]
INFO: [ view_parse ] --END-- [ RunTime:0.017001s ]
INFO: [ view_filter ] --START--
INFO: Run Behavior\WriteHtmlCacheBehavior [ RunTime:0.001000s ]
INFO: [ view_filter ] --END-- [ RunTime:0.001000s ]
INFO: [ app_end ] --START--
INFO: Run Behavior\ShowPageTraceBehavior [ RunTime:0.001000s ]
INFO: [ app_end ] --END-- [ RunTime:0.002000s ]

[ 2016-04-22T23:04:53+08:00 ] 127.0.0.1 /Admin/Ajax/ajaxGetAttrList
INFO: [ app_init ] --START--
INFO: Run Behavior\BuildLiteBehavior [ RunTime:0.000000s ]
INFO: [ app_init ] --END-- [ RunTime:0.005000s ]
INFO: [ app_begin ] --START--
INFO: Run Behavior\ReadHtmlCacheBehavior [ RunTime:0.001000s ]
INFO: [ app_begin ] --END-- [ RunTime:0.002000s ]
SQL: SHOW COLUMNS FROM `tl_user` [ RunTime:0.0080s ]
SQL: SELECT * FROM `tl_user` WHERE `id` = 1 LIMIT 1   [ RunTime:0.0000s ]
SQL: SHOW COLUMNS FROM `tl_attr` [ RunTime:0.0120s ]
SQL: SELECT * FROM `tl_attr` WHERE `id` = 5 LIMIT 1   [ RunTime:0.0010s ]
SQL: SELECT * FROM `tl_attr` WHERE `parent_id` = 2 AND `state` = 1 ORDER BY id ASC  [ RunTime:0.0010s ]
SQL: SELECT * FROM `tl_attr` WHERE `id` = 2 AND `state` = 1 LIMIT 1   [ RunTime:0.0000s ]
SQL: SELECT * FROM `tl_attr` WHERE `parent_id` = 0 AND `state` = 1 ORDER BY id ASC  [ RunTime:0.0000s ]
SQL: SELECT * FROM `tl_attr` WHERE `parent_id` = 5  [ RunTime:0.0010s ]

[ 2016-04-22T23:04:59+08:00 ] 127.0.0.1 /Admin
INFO: [ app_init ] --START--
INFO: Run Behavior\BuildLiteBehavior [ RunTime:0.000000s ]
INFO: [ app_init ] --END-- [ RunTime:0.000000s ]
INFO: [ app_begin ] --START--
INFO: Run Behavior\ReadHtmlCacheBehavior [ RunTime:0.000000s ]
INFO: [ app_begin ] --END-- [ RunTime:0.000000s ]
SQL: SHOW COLUMNS FROM `tl_user` [ RunTime:0.0000s ]
SQL: SELECT * FROM `tl_user` WHERE `id` = 1 LIMIT 1   [ RunTime:0.0000s ]
INFO: [ view_parse ] --START--
INFO: [ template_filter ] --START--
INFO: Run Behavior\ContentReplaceBehavior [ RunTime:0.000000s ]
INFO: [ template_filter ] --END-- [ RunTime:0.000000s ]
INFO: Run Behavior\ParseTemplateBehavior [ RunTime:0.010000s ]
INFO: [ view_parse ] --END-- [ RunTime:0.010000s ]
INFO: [ view_filter ] --START--
INFO: Run Behavior\WriteHtmlCacheBehavior [ RunTime:0.000000s ]
INFO: [ view_filter ] --END-- [ RunTime:0.000000s ]
INFO: [ app_end ] --START--
INFO: Run Behavior\ShowPageTraceBehavior [ RunTime:0.000000s ]
INFO: [ app_end ] --END-- [ RunTime:0.000000s ]

[ 2016-04-22T23:05:01+08:00 ] 127.0.0.1 /Admin/JiaoBen
INFO: [ app_init ] --START--
INFO: Run Behavior\BuildLiteBehavior [ RunTime:0.000000s ]
INFO: [ app_init ] --END-- [ RunTime:0.000000s ]
INFO: [ app_begin ] --START--
INFO: Run Behavior\ReadHtmlCacheBehavior [ RunTime:0.010000s ]
INFO: [ app_begin ] --END-- [ RunTime:0.010000s ]
SQL: SHOW COLUMNS FROM `tl_user` [ RunTime:0.0000s ]
SQL: SELECT * FROM `tl_user` WHERE `id` = 1 LIMIT 1   [ RunTime:0.0000s ]
INFO: [ view_parse ] --START--
INFO: [ template_filter ] --START--
INFO: Run Behavior\ContentReplaceBehavior [ RunTime:0.000000s ]
INFO: [ template_filter ] --END-- [ RunTime:0.000000s ]
INFO: Run Behavior\ParseTemplateBehavior [ RunTime:0.010000s ]
INFO: [ view_parse ] --END-- [ RunTime:0.010000s ]
INFO: [ view_filter ] --START--
INFO: Run Behavior\WriteHtmlCacheBehavior [ RunTime:0.000000s ]
INFO: [ view_filter ] --END-- [ RunTime:0.000000s ]
INFO: [ app_end ] --START--
INFO: Run Behavior\ShowPageTraceBehavior [ RunTime:0.000000s ]
INFO: [ app_end ] --END-- [ RunTime:0.000000s ]

[ 2016-04-22T23:05:03+08:00 ] 127.0.0.1 /Admin/JiaoBen/cleanGoodsImage
INFO: [ app_init ] --START--
INFO: Run Behavior\BuildLiteBehavior [ RunTime:0.000000s ]
INFO: [ app_init ] --END-- [ RunTime:0.001000s ]
INFO: [ app_begin ] --START--
INFO: Run Behavior\ReadHtmlCacheBehavior [ RunTime:0.001000s ]
INFO: [ app_begin ] --END-- [ RunTime:0.002000s ]
SQL: SHOW COLUMNS FROM `tl_user` [ RunTime:0.0060s ]
SQL: SELECT * FROM `tl_user` WHERE `id` = 1 LIMIT 1   [ RunTime:0.0000s ]
SQL: SHOW COLUMNS FROM `tl_goods` [ RunTime:0.0090s ]
SQL: SELECT `goods_image` FROM `tl_goods` WHERE `goods_image` <> ''  [ RunTime:0.0000s ]
INFO: [ app_end ] --START--
INFO: Run Behavior\ShowPageTraceBehavior [ RunTime:0.001000s ]
INFO: [ app_end ] --END-- [ RunTime:0.002000s ]

[ 2016-04-22T23:06:14+08:00 ] 127.0.0.1 /Admin/JiaoBen
INFO: [ app_init ] --START--
INFO: Run Behavior\BuildLiteBehavior [ RunTime:0.000000s ]
INFO: [ app_init ] --END-- [ RunTime:0.001000s ]
INFO: [ app_begin ] --START--
INFO: Run Behavior\ReadHtmlCacheBehavior [ RunTime:0.001000s ]
INFO: [ app_begin ] --END-- [ RunTime:0.001000s ]
SQL: SHOW COLUMNS FROM `tl_user` [ RunTime:0.0070s ]
SQL: SELECT * FROM `tl_user` WHERE `id` = 1 LIMIT 1   [ RunTime:0.0010s ]
INFO: [ view_parse ] --START--
INFO: [ template_filter ] --START--
INFO: Run Behavior\ContentReplaceBehavior [ RunTime:0.000000s ]
INFO: [ template_filter ] --END-- [ RunTime:0.001000s ]
INFO: Run Behavior\ParseTemplateBehavior [ RunTime:0.015001s ]
INFO: [ view_parse ] --END-- [ RunTime:0.016001s ]
INFO: [ view_filter ] --START--
INFO: Run Behavior\WriteHtmlCacheBehavior [ RunTime:0.001000s ]
INFO: [ view_filter ] --END-- [ RunTime:0.001000s ]
INFO: [ app_end ] --START--
INFO: Run Behavior\ShowPageTraceBehavior [ RunTime:0.001000s ]
INFO: [ app_end ] --END-- [ RunTime:0.002001s ]

[ 2016-04-22T23:06:18+08:00 ] 127.0.0.1 /Admin
INFO: [ app_init ] --START--
INFO: Run Behavior\BuildLiteBehavior [ RunTime:0.000000s ]
INFO: [ app_init ] --END-- [ RunTime:0.001000s ]
INFO: [ app_begin ] --START--
INFO: Run Behavior\ReadHtmlCacheBehavior [ RunTime:0.001000s ]
INFO: [ app_begin ] --END-- [ RunTime:0.003000s ]
SQL: SHOW COLUMNS FROM `tl_user` [ RunTime:0.0070s ]
SQL: SELECT * FROM `tl_user` WHERE `id` = 1 LIMIT 1   [ RunTime:0.0000s ]
INFO: [ view_parse ] --START--
INFO: [ template_filter ] --START--
INFO: Run Behavior\ContentReplaceBehavior [ RunTime:0.000000s ]
INFO: [ template_filter ] --END-- [ RunTime:0.000000s ]
INFO: Run Behavior\ParseTemplateBehavior [ RunTime:0.012001s ]
INFO: [ view_parse ] --END-- [ RunTime:0.013001s ]
INFO: [ view_filter ] --START--
INFO: Run Behavior\WriteHtmlCacheBehavior [ RunTime:0.001000s ]
INFO: [ view_filter ] --END-- [ RunTime:0.001000s ]
INFO: [ app_end ] --START--
INFO: Run Behavior\ShowPageTraceBehavior [ RunTime:0.001000s ]
INFO: [ app_end ] --END-- [ RunTime:0.001000s ]

[ 2016-04-22T23:06:20+08:00 ] 127.0.0.1 /Admin/Goods/goodsList
INFO: [ app_init ] --START--
INFO: Run Behavior\BuildLiteBehavior [ RunTime:0.000000s ]
INFO: [ app_init ] --END-- [ RunTime:0.001000s ]
INFO: [ app_begin ] --START--
INFO: Run Behavior\ReadHtmlCacheBehavior [ RunTime:0.001000s ]
INFO: [ app_begin ] --END-- [ RunTime:0.002001s ]
SQL: SHOW COLUMNS FROM `tl_user` [ RunTime:0.0090s ]
SQL: SELECT * FROM `tl_user` WHERE `id` = 1 LIMIT 1   [ RunTime:0.0000s ]
SQL: SHOW COLUMNS FROM `tl_goods` [ RunTime:0.0070s ]
SQL: SELECT goods.*,user.username,user.nick_name,user.mobile,attr.attr_name FROM tl_goods as goods left join tl_user as user on user.id = goods.belong_id  left join tl_attr as attr on attr.id = goods.attr_id  WHERE goods.state = 1 ORDER BY id DESC LIMIT 0,20   [ RunTime:0.0080s ]
SQL: SELECT COUNT(*) AS tp_count FROM tl_goods as goods left join tl_user as user on user.id = goods.belong_id  left join tl_attr as attr on attr.id = goods.attr_id  WHERE goods.state = 1 LIMIT 1   [ RunTime:0.0010s ]
INFO: [ view_parse ] --START--
INFO: [ template_filter ] --START--
INFO: Run Behavior\ContentReplaceBehavior [ RunTime:0.000000s ]
INFO: [ template_filter ] --END-- [ RunTime:0.000000s ]
NOTIC: [8] Undefined variable: admin_head_title D:\PHP\wamp\www\yege\Application\Runtime\Cache\Admin\3268fbbbd0eb3ffe30140f78ff508f86.php 第 5 行.
INFO: Run Behavior\ParseTemplateBehavior [ RunTime:0.030002s ]
INFO: [ view_parse ] --END-- [ RunTime:0.031002s ]
INFO: [ view_filter ] --START--
INFO: Run Behavior\WriteHtmlCacheBehavior [ RunTime:0.001000s ]
INFO: [ view_filter ] --END-- [ RunTime:0.001000s ]
INFO: [ app_end ] --START--
INFO: Run Behavior\ShowPageTraceBehavior [ RunTime:0.001000s ]
INFO: [ app_end ] --END-- [ RunTime:0.001000s ]

[ 2016-04-22T23:06:22+08:00 ] 127.0.0.1 /Admin/Goods/addGoods
INFO: [ app_init ] --START--
INFO: Run Behavior\BuildLiteBehavior [ RunTime:0.000000s ]
INFO: [ app_init ] --END-- [ RunTime:0.002001s ]
INFO: [ app_begin ] --START--
INFO: Run Behavior\ReadHtmlCacheBehavior [ RunTime:0.002000s ]
INFO: [ app_begin ] --END-- [ RunTime:0.002000s ]
SQL: SHOW COLUMNS FROM `tl_user` [ RunTime:0.0090s ]
SQL: SELECT * FROM `tl_user` WHERE `id` = 1 LIMIT 1   [ RunTime:0.0010s ]
INFO: [ view_parse ] --START--
INFO: [ template_filter ] --START--
INFO: Run Behavior\ContentReplaceBehavior [ RunTime:0.000000s ]
INFO: [ template_filter ] --END-- [ RunTime:0.000000s ]
NOTIC: [8] Undefined variable: admin_head_title D:\PHP\wamp\www\yege\Application\Runtime\Cache\Admin\c74fb0c111dc216c19c7bf766c95f466.php 第 5 行.
INFO: Run Behavior\ParseTemplateBehavior [ RunTime:0.016001s ]
INFO: [ view_parse ] --END-- [ RunTime:0.016001s ]
INFO: [ view_filter ] --START--
INFO: Run Behavior\WriteHtmlCacheBehavior [ RunTime:0.000000s ]
INFO: [ view_filter ] --END-- [ RunTime:0.001000s ]
INFO: [ app_end ] --START--
INFO: Run Behavior\ShowPageTraceBehavior [ RunTime:0.001001s ]
INFO: [ app_end ] --END-- [ RunTime:0.001001s ]

[ 2016-04-22T23:06:22+08:00 ] 127.0.0.1 /Admin/Ajax/ajaxGetAttrList
INFO: [ app_init ] --START--
INFO: Run Behavior\BuildLiteBehavior [ RunTime:0.000000s ]
INFO: [ app_init ] --END-- [ RunTime:0.001000s ]
INFO: [ app_begin ] --START--
INFO: Run Behavior\ReadHtmlCacheBehavior [ RunTime:0.001000s ]
INFO: [ app_begin ] --END-- [ RunTime:0.002000s ]
SQL: SHOW COLUMNS FROM `tl_user` [ RunTime:0.0070s ]
SQL: SELECT * FROM `tl_user` WHERE `id` = 1 LIMIT 1   [ RunTime:0.0000s ]
SQL: SHOW COLUMNS FROM `tl_attr` [ RunTime:0.0060s ]
SQL: SELECT * FROM `tl_attr` WHERE `parent_id` = 0 AND `state` = 1 ORDER BY id ASC  [ RunTime:0.0010s ]

[ 2016-04-22T23:06:37+08:00 ] 127.0.0.1 /Admin/Ajax/ajaxGetAttrList
INFO: [ app_init ] --START--
INFO: Run Behavior\BuildLiteBehavior [ RunTime:0.000000s ]
INFO: [ app_init ] --END-- [ RunTime:0.001000s ]
INFO: [ app_begin ] --START--
INFO: Run Behavior\ReadHtmlCacheBehavior [ RunTime:0.001000s ]
INFO: [ app_begin ] --END-- [ RunTime:0.002000s ]
SQL: SHOW COLUMNS FROM `tl_user` [ RunTime:0.0080s ]
SQL: SELECT * FROM `tl_user` WHERE `id` = 1 LIMIT 1   [ RunTime:0.0010s ]
SQL: SHOW COLUMNS FROM `tl_attr` [ RunTime:0.0060s ]
SQL: SELECT * FROM `tl_attr` WHERE `id` = 2 LIMIT 1   [ RunTime:0.0010s ]
SQL: SELECT * FROM `tl_attr` WHERE `parent_id` = 0 AND `state` = 1 ORDER BY id ASC  [ RunTime:0.0000s ]
SQL: SELECT * FROM `tl_attr` WHERE `parent_id` = 2  [ RunTime:0.0010s ]

[ 2016-04-22T23:06:38+08:00 ] 127.0.0.1 /Admin/Ajax/ajaxGetAttrList
INFO: [ app_init ] --START--
INFO: Run Behavior\BuildLiteBehavior [ RunTime:0.001000s ]
INFO: [ app_init ] --END-- [ RunTime:0.001000s ]
INFO: [ app_begin ] --START--
INFO: Run Behavior\ReadHtmlCacheBehavior [ RunTime:0.001000s ]
INFO: [ app_begin ] --END-- [ RunTime:0.001000s ]
SQL: SHOW COLUMNS FROM `tl_user` [ RunTime:0.0070s ]
SQL: SELECT * FROM `tl_user` WHERE `id` = 1 LIMIT 1   [ RunTime:0.0010s ]
SQL: SHOW COLUMNS FROM `tl_attr` [ RunTime:0.0060s ]
SQL: SELECT * FROM `tl_attr` WHERE `id` = 7 LIMIT 1   [ RunTime:0.0000s ]
SQL: SELECT * FROM `tl_attr` WHERE `parent_id` = 2 AND `state` = 1 ORDER BY id ASC  [ RunTime:0.0000s ]
SQL: SELECT * FROM `tl_attr` WHERE `id` = 2 AND `state` = 1 LIMIT 1   [ RunTime:0.0010s ]
SQL: SELECT * FROM `tl_attr` WHERE `parent_id` = 0 AND `state` = 1 ORDER BY id ASC  [ RunTime:0.0000s ]
SQL: SELECT * FROM `tl_attr` WHERE `parent_id` = 7  [ RunTime:0.0000s ]

[ 2016-04-22T23:06:48+08:00 ] 127.0.0.1 /Admin/Goods/addGoods
INFO: [ app_init ] --START--
INFO: Run Behavior\BuildLiteBehavior [ RunTime:0.000000s ]
INFO: [ app_init ] --END-- [ RunTime:0.001000s ]
INFO: [ app_begin ] --START--
INFO: Run Behavior\ReadHtmlCacheBehavior [ RunTime:0.001000s ]
INFO: [ app_begin ] --END-- [ RunTime:0.002000s ]
SQL: SHOW COLUMNS FROM `tl_user` [ RunTime:0.0070s ]
SQL: SELECT * FROM `tl_user` WHERE `id` = 1 LIMIT 1   [ RunTime:0.0000s ]
NOTIC: [2] call_user_func() expects parameter 1 to be a valid callback, no array or string given D:\PHP\wamp\www\yege\ThinkPHP\Library\Think\Upload.class.php 第 170 行.
SQL: SELECT * FROM `tl_user` WHERE `id` = 2 LIMIT 1   [ RunTime:0.0000s ]
INFO: [ view_parse ] --START--
INFO: [ template_filter ] --START--
INFO: Run Behavior\ContentReplaceBehavior [ RunTime:0.000000s ]
INFO: [ template_filter ] --END-- [ RunTime:0.001000s ]
INFO: Run Behavior\ParseTemplateBehavior [ RunTime:0.019001s ]
INFO: [ view_parse ] --END-- [ RunTime:0.019001s ]
INFO: [ view_filter ] --START--
INFO: Run Behavior\WriteHtmlCacheBehavior [ RunTime:0.003000s ]
INFO: [ view_filter ] --END-- [ RunTime:0.003000s ]

[ 2016-04-22T23:06:54+08:00 ] 127.0.0.1 /Admin/Goods/addGoods
INFO: [ app_init ] --START--
INFO: Run Behavior\BuildLiteBehavior [ RunTime:0.000000s ]
INFO: [ app_init ] --END-- [ RunTime:0.003000s ]
INFO: [ app_begin ] --START--
INFO: Run Behavior\ReadHtmlCacheBehavior [ RunTime:0.002001s ]
INFO: [ app_begin ] --END-- [ RunTime:0.002001s ]
SQL: SHOW COLUMNS FROM `tl_user` [ RunTime:0.0060s ]
SQL: SELECT * FROM `tl_user` WHERE `id` = 1 LIMIT 1   [ RunTime:0.0010s ]
NOTIC: [2] call_user_func() expects parameter 1 to be a valid callback, no array or string given D:\PHP\wamp\www\yege\ThinkPHP\Library\Think\Upload.class.php 第 170 行.
SQL: SELECT * FROM `tl_user` WHERE `id` = 1 LIMIT 1   [ RunTime:0.0010s ]
SQL: SHOW COLUMNS FROM `tl_goods` [ RunTime:0.0080s ]
SQL: SELECT * FROM `tl_goods` WHERE `name` = '测试' AND `ext_name` = '1234' AND `belong_id` = 1 AND `state` = 1 LIMIT 1   [ RunTime:0.0010s ]
SQL: INSERT INTO `tl_goods` (`belong_id`,`name`,`ext_name`,`attr_id`,`tab`,`price`,`describe`,`goods_image`,`updatetime`,`inputtime`) VALUES ('1','测试','1234','7',',12,','11','233','Uploads/goods_images/2016-04-22/571a3e0dde9f0.jpg','1461337613','1461337613') [ RunTime:0.1440s ]
INFO: [ view_parse ] --START--
INFO: [ template_filter ] --START--
INFO: Run Behavior\ContentReplaceBehavior [ RunTime:0.000000s ]
INFO: [ template_filter ] --END-- [ RunTime:0.001001s ]
INFO: Run Behavior\ParseTemplateBehavior [ RunTime:0.017001s ]
INFO: [ view_parse ] --END-- [ RunTime:0.018001s ]
INFO: [ view_filter ] --START--
INFO: Run Behavior\WriteHtmlCacheBehavior [ RunTime:0.002000s ]
INFO: [ view_filter ] --END-- [ RunTime:0.002000s ]
INFO: [ view_parse ] --START--
INFO: [ template_filter ] --START--
INFO: Run Behavior\ContentReplaceBehavior [ RunTime:0.000000s ]
INFO: [ template_filter ] --END-- [ RunTime:-0.016000s ]
NOTIC: [8] Undefined variable: admin_head_title D:\PHP\wamp\www\yege\Application\Runtime\Cache\Admin\c74fb0c111dc216c19c7bf766c95f466.php 第 5 行.
INFO: Run Behavior\ParseTemplateBehavior [ RunTime:0.011001s ]
INFO: [ view_parse ] --END-- [ RunTime:-0.004000s ]
INFO: [ view_filter ] --START--
INFO: Run Behavior\WriteHtmlCacheBehavior [ RunTime:0.000000s ]
INFO: [ view_filter ] --END-- [ RunTime:-0.014001s ]
INFO: [ app_end ] --START--
INFO: Run Behavior\ShowPageTraceBehavior [ RunTime:0.002000s ]
INFO: [ app_end ] --END-- [ RunTime:0.002000s ]

[ 2016-04-22T23:06:54+08:00 ] 127.0.0.1 /Admin/Ajax/ajaxGetAttrList
INFO: [ app_init ] --START--
INFO: Run Behavior\BuildLiteBehavior [ RunTime:0.000000s ]
INFO: [ app_init ] --END-- [ RunTime:0.002000s ]
INFO: [ app_begin ] --START--
INFO: Run Behavior\ReadHtmlCacheBehavior [ RunTime:0.001001s ]
INFO: [ app_begin ] --END-- [ RunTime:0.002001s ]
SQL: SHOW COLUMNS FROM `tl_user` [ RunTime:0.0070s ]
SQL: SELECT * FROM `tl_user` WHERE `id` = 1 LIMIT 1   [ RunTime:0.0000s ]
SQL: SHOW COLUMNS FROM `tl_attr` [ RunTime:0.0070s ]
SQL: SELECT * FROM `tl_attr` WHERE `parent_id` = 0 AND `state` = 1 ORDER BY id ASC  [ RunTime:0.0010s ]

[ 2016-04-22T23:06:55+08:00 ] 127.0.0.1 /Admin/Goods/addGoods
INFO: [ app_init ] --START--
INFO: Run Behavior\BuildLiteBehavior [ RunTime:0.000000s ]
INFO: [ app_init ] --END-- [ RunTime:0.001000s ]
INFO: [ app_begin ] --START--
INFO: Run Behavior\ReadHtmlCacheBehavior [ RunTime:0.001000s ]
INFO: [ app_begin ] --END-- [ RunTime:0.001000s ]
SQL: SHOW COLUMNS FROM `tl_user` [ RunTime:0.0070s ]
SQL: SELECT * FROM `tl_user` WHERE `id` = 1 LIMIT 1   [ RunTime:0.0000s ]
INFO: [ view_parse ] --START--
INFO: [ template_filter ] --START--
INFO: Run Behavior\ContentReplaceBehavior [ RunTime:0.000000s ]
INFO: [ template_filter ] --END-- [ RunTime:0.001000s ]
NOTIC: [8] Undefined variable: admin_head_title D:\PHP\wamp\www\yege\Application\Runtime\Cache\Admin\c74fb0c111dc216c19c7bf766c95f466.php 第 5 行.
INFO: Run Behavior\ParseTemplateBehavior [ RunTime:0.016001s ]
INFO: [ view_parse ] --END-- [ RunTime:0.016001s ]
INFO: [ view_filter ] --START--
INFO: Run Behavior\WriteHtmlCacheBehavior [ RunTime:0.001000s ]
INFO: [ view_filter ] --END-- [ RunTime:0.002000s ]
INFO: [ app_end ] --START--
INFO: Run Behavior\ShowPageTraceBehavior [ RunTime:0.002000s ]
INFO: [ app_end ] --END-- [ RunTime:0.002000s ]

[ 2016-04-22T23:06:55+08:00 ] 127.0.0.1 /Admin/Ajax/ajaxGetAttrList
INFO: [ app_init ] --START--
INFO: Run Behavior\BuildLiteBehavior [ RunTime:0.000000s ]
INFO: [ app_init ] --END-- [ RunTime:0.001000s ]
INFO: [ app_begin ] --START--
INFO: Run Behavior\ReadHtmlCacheBehavior [ RunTime:0.002000s ]
INFO: [ app_begin ] --END-- [ RunTime:0.002000s ]
SQL: SHOW COLUMNS FROM `tl_user` [ RunTime:0.0060s ]
SQL: SELECT * FROM `tl_user` WHERE `id` = 1 LIMIT 1   [ RunTime:0.0000s ]
SQL: SHOW COLUMNS FROM `tl_attr` [ RunTime:0.0060s ]
SQL: SELECT * FROM `tl_attr` WHERE `parent_id` = 0 AND `state` = 1 ORDER BY id ASC  [ RunTime:0.0010s ]

[ 2016-04-22T23:22:40+08:00 ] 127.0.0.1 /Admin/Goods/goodsList
INFO: [ app_init ] --START--
INFO: Run Behavior\BuildLiteBehavior [ RunTime:0.000000s ]
INFO: [ app_init ] --END-- [ RunTime:0.000000s ]
INFO: [ app_begin ] --START--
INFO: Run Behavior\ReadHtmlCacheBehavior [ RunTime:0.000000s ]
INFO: [ app_begin ] --END-- [ RunTime:0.000000s ]
SQL: SHOW COLUMNS FROM `tl_user` [ RunTime:0.0070s ]
SQL: SELECT * FROM `tl_user` WHERE `id` = 1 LIMIT 1   [ RunTime:0.0000s ]
SQL: SHOW COLUMNS FROM `tl_goods` [ RunTime:0.0060s ]
SQL: SELECT goods.*,user.username,user.nick_name,user.mobile,attr.attr_name FROM tl_goods as goods left join tl_user as user on user.id = goods.belong_id  left join tl_attr as attr on attr.id = goods.attr_id  WHERE goods.state = 1 ORDER BY id DESC LIMIT 0,20   [ RunTime:0.0070s ]
SQL: SELECT COUNT(*) AS tp_count FROM tl_goods as goods left join tl_user as user on user.id = goods.belong_id  left join tl_attr as attr on attr.id = goods.attr_id  WHERE goods.state = 1 LIMIT 1   [ RunTime:0.0000s ]
INFO: [ view_parse ] --START--
INFO: [ template_filter ] --START--
INFO: Run Behavior\ContentReplaceBehavior [ RunTime:0.001001s ]
INFO: [ template_filter ] --END-- [ RunTime:0.001001s ]
NOTIC: [8] Undefined variable: admin_head_title D:\PHP\wamp\www\yege\Application\Runtime\Cache\Admin\3268fbbbd0eb3ffe30140f78ff508f86.php 第 5 行.
INFO: Run Behavior\ParseTemplateBehavior [ RunTime:0.037001s ]
INFO: [ view_parse ] --END-- [ RunTime:0.037001s ]
INFO: [ view_filter ] --START--
INFO: Run Behavior\WriteHtmlCacheBehavior [ RunTime:0.001000s ]
INFO: [ view_filter ] --END-- [ RunTime:0.001000s ]
INFO: [ app_end ] --START--
INFO: Run Behavior\ShowPageTraceBehavior [ RunTime:0.001000s ]
INFO: [ app_end ] --END-- [ RunTime:0.002000s ]

[ 2016-04-22T23:38:02+08:00 ] 127.0.0.1 /Admin/Attr/addAttr/parent_id/0
INFO: [ app_init ] --START--
INFO: Run Behavior\BuildLiteBehavior [ RunTime:0.000000s ]
INFO: [ app_init ] --END-- [ RunTime:0.000000s ]
INFO: [ app_begin ] --START--
INFO: Run Behavior\ReadHtmlCacheBehavior [ RunTime:0.010000s ]
INFO: [ app_begin ] --END-- [ RunTime:0.010000s ]
SQL: SHOW COLUMNS FROM `tl_user` [ RunTime:0.0000s ]
SQL: SELECT * FROM `tl_user` WHERE `id` = 1 LIMIT 1   [ RunTime:0.0100s ]
INFO: [ view_parse ] --START--
INFO: [ template_filter ] --START--
INFO: Run Behavior\ContentReplaceBehavior [ RunTime:0.000000s ]
INFO: [ template_filter ] --END-- [ RunTime:0.000000s ]
NOTIC: [8] Undefined variable: admin_head_title D:\PHP\wamp\www\yege\Application\Runtime\Cache\Admin\accfc383daaf1ef09fecd7f4a50c679c.php 第 5 行.
INFO: Run Behavior\ParseTemplateBehavior [ RunTime:0.008001s ]
INFO: [ view_parse ] --END-- [ RunTime:0.008001s ]
INFO: [ view_filter ] --START--
INFO: Run Behavior\WriteHtmlCacheBehavior [ RunTime:0.000000s ]
INFO: [ view_filter ] --END-- [ RunTime:0.000000s ]
INFO: [ app_end ] --START--
INFO: Run Behavior\ShowPageTraceBehavior [ RunTime:0.000000s ]
INFO: [ app_end ] --END-- [ RunTime:0.000000s ]

[ 2016-04-22T23:38:02+08:00 ] 127.0.0.1 /Admin/Ajax/ajaxGetAttrList
INFO: [ app_init ] --START--
INFO: Run Behavior\BuildLiteBehavior [ RunTime:0.000000s ]
INFO: [ app_init ] --END-- [ RunTime:0.000000s ]
INFO: [ app_begin ] --START--
INFO: Run Behavior\ReadHtmlCacheBehavior [ RunTime:0.001000s ]
INFO: [ app_begin ] --END-- [ RunTime:0.001000s ]
SQL: SHOW COLUMNS FROM `tl_user` [ RunTime:0.0000s ]
SQL: SELECT * FROM `tl_user` WHERE `id` = 1 LIMIT 1   [ RunTime:0.0000s ]
SQL: SHOW COLUMNS FROM `tl_attr` [ RunTime:0.0060s ]
SQL: SELECT * FROM `tl_attr` WHERE `parent_id` = 0 AND `state` = 1 ORDER BY id ASC  [ RunTime:0.0000s ]

[ 2016-04-22T23:38:04+08:00 ] 127.0.0.1 /Admin/Ajax/ajaxGetAttrList
INFO: [ app_init ] --START--
INFO: Run Behavior\BuildLiteBehavior [ RunTime:0.000000s ]
INFO: [ app_init ] --END-- [ RunTime:0.000000s ]
INFO: [ app_begin ] --START--
INFO: Run Behavior\ReadHtmlCacheBehavior [ RunTime:0.000000s ]
INFO: [ app_begin ] --END-- [ RunTime:0.000000s ]
SQL: SHOW COLUMNS FROM `tl_user` [ RunTime:0.0100s ]
SQL: SELECT * FROM `tl_user` WHERE `id` = 1 LIMIT 1   [ RunTime:0.0000s ]
SQL: SHOW COLUMNS FROM `tl_attr` [ RunTime:0.0000s ]
SQL: SELECT * FROM `tl_attr` WHERE `id` = 1 LIMIT 1   [ RunTime:0.0000s ]
SQL: SELECT * FROM `tl_attr` WHERE `parent_id` = 0 AND `state` = 1 ORDER BY id ASC  [ RunTime:0.0100s ]
SQL: SELECT * FROM `tl_attr` WHERE `parent_id` = 1  [ RunTime:0.0000s ]

[ 2016-04-22T23:38:07+08:00 ] 127.0.0.1 /Admin/Ajax/ajaxGetAttrList
INFO: [ app_init ] --START--
INFO: Run Behavior\BuildLiteBehavior [ RunTime:0.000000s ]
INFO: [ app_init ] --END-- [ RunTime:0.000000s ]
INFO: [ app_begin ] --START--
INFO: Run Behavior\ReadHtmlCacheBehavior [ RunTime:0.010000s ]
INFO: [ app_begin ] --END-- [ RunTime:0.010000s ]
SQL: SHOW COLUMNS FROM `tl_user` [ RunTime:0.0100s ]
SQL: SELECT * FROM `tl_user` WHERE `id` = 1 LIMIT 1   [ RunTime:0.0000s ]
SQL: SHOW COLUMNS FROM `tl_attr` [ RunTime:0.0100s ]
SQL: SELECT * FROM `tl_attr` WHERE `id` = 2 LIMIT 1   [ RunTime:0.0000s ]
SQL: SELECT * FROM `tl_attr` WHERE `parent_id` = 0 AND `state` = 1 ORDER BY id ASC  [ RunTime:0.0000s ]
SQL: SELECT * FROM `tl_attr` WHERE `parent_id` = 2  [ RunTime:0.0000s ]

[ 2016-04-22T23:38:08+08:00 ] 127.0.0.1 /Admin/Ajax/ajaxGetAttrList
INFO: [ app_init ] --START--
INFO: Run Behavior\BuildLiteBehavior [ RunTime:0.000000s ]
INFO: [ app_init ] --END-- [ RunTime:0.000000s ]
INFO: [ app_begin ] --START--
INFO: Run Behavior\ReadHtmlCacheBehavior [ RunTime:0.000000s ]
INFO: [ app_begin ] --END-- [ RunTime:0.000000s ]
SQL: SHOW COLUMNS FROM `tl_user` [ RunTime:0.0100s ]
SQL: SELECT * FROM `tl_user` WHERE `id` = 1 LIMIT 1   [ RunTime:0.0000s ]
SQL: SHOW COLUMNS FROM `tl_attr` [ RunTime:0.0000s ]
SQL: SELECT * FROM `tl_attr` WHERE `id` = 1 LIMIT 1   [ RunTime:0.0000s ]
SQL: SELECT * FROM `tl_attr` WHERE `parent_id` = 0 AND `state` = 1 ORDER BY id ASC  [ RunTime:0.0000s ]
SQL: SELECT * FROM `tl_attr` WHERE `parent_id` = 1  [ RunTime:0.0000s ]

[ 2016-04-22T23:38:10+08:00 ] 127.0.0.1 /Admin/Ajax/ajaxAddAttr
INFO: [ app_init ] --START--
INFO: Run Behavior\BuildLiteBehavior [ RunTime:0.000000s ]
INFO: [ app_init ] --END-- [ RunTime:0.000000s ]
INFO: [ app_begin ] --START--
INFO: Run Behavior\ReadHtmlCacheBehavior [ RunTime:0.000000s ]
INFO: [ app_begin ] --END-- [ RunTime:0.000000s ]
SQL: SHOW COLUMNS FROM `tl_user` [ RunTime:0.0100s ]
SQL: SELECT * FROM `tl_user` WHERE `id` = 1 LIMIT 1   [ RunTime:0.0000s ]
SQL: SHOW COLUMNS FROM `tl_attr` [ RunTime:0.0100s ]
SQL: SELECT * FROM `tl_attr` WHERE `id` = 1 LIMIT 1   [ RunTime:0.0000s ]
SQL: SELECT * FROM `tl_attr` WHERE `attr_name` = '12' AND `parent_id` = 1 AND `state` = 1 LIMIT 1   [ RunTime:0.0000s ]
SQL: INSERT INTO `tl_attr` (`parent_id`,`attr_name`,`updatetime`,`inputtime`) VALUES ('1','12','1461339490','1461339490') [ RunTime:0.1040s ]

[ 2016-04-22T23:38:11+08:00 ] 127.0.0.1 /Admin/Ajax/ajaxGetAttrList
INFO: [ app_init ] --START--
INFO: Run Behavior\BuildLiteBehavior [ RunTime:0.000000s ]
INFO: [ app_init ] --END-- [ RunTime:0.010000s ]
INFO: [ app_begin ] --START--
INFO: Run Behavior\ReadHtmlCacheBehavior [ RunTime:0.000000s ]
INFO: [ app_begin ] --END-- [ RunTime:0.000000s ]
SQL: SHOW COLUMNS FROM `tl_user` [ RunTime:0.0100s ]
SQL: SELECT * FROM `tl_user` WHERE `id` = 1 LIMIT 1   [ RunTime:0.0000s ]
SQL: SHOW COLUMNS FROM `tl_attr` [ RunTime:0.0100s ]
SQL: SELECT * FROM `tl_attr` WHERE `id` = 1 LIMIT 1   [ RunTime:0.0000s ]
SQL: SELECT * FROM `tl_attr` WHERE `parent_id` = 0 AND `state` = 1 ORDER BY id ASC  [ RunTime:0.0000s ]
SQL: SELECT * FROM `tl_attr` WHERE `parent_id` = 1  [ RunTime:0.0100s ]

[ 2016-04-22T23:38:15+08:00 ] 127.0.0.1 /Admin/Attr
INFO: [ app_init ] --START--
INFO: Run Behavior\BuildLiteBehavior [ RunTime:0.000000s ]
INFO: [ app_init ] --END-- [ RunTime:0.010000s ]
INFO: [ app_begin ] --START--
INFO: Run Behavior\ReadHtmlCacheBehavior [ RunTime:0.000000s ]
INFO: [ app_begin ] --END-- [ RunTime:0.000000s ]
SQL: SHOW COLUMNS FROM `tl_user` [ RunTime:0.0000s ]
SQL: SELECT * FROM `tl_user` WHERE `id` = 1 LIMIT 1   [ RunTime:0.0100s ]
ERR: 非法操作:index

[ 2016-04-22T23:38:21+08:00 ] 127.0.0.1 /Admin/Attr/attrList/parent_id/5
INFO: [ app_init ] --START--
INFO: Run Behavior\BuildLiteBehavior [ RunTime:0.000000s ]
INFO: [ app_init ] --END-- [ RunTime:0.000000s ]
INFO: [ app_begin ] --START--
INFO: Run Behavior\ReadHtmlCacheBehavior [ RunTime:0.000000s ]
INFO: [ app_begin ] --END-- [ RunTime:0.000000s ]
SQL: SHOW COLUMNS FROM `tl_user` [ RunTime:0.0100s ]
SQL: SELECT * FROM `tl_user` WHERE `id` = 1 LIMIT 1   [ RunTime:0.0000s ]
SQL: SHOW COLUMNS FROM `tl_attr` [ RunTime:0.0100s ]
SQL: SELECT attr.*,parent_attr.parent_id as p_id,parent_attr.attr_name as parent_name,child_attr.child_num FROM tl_attr as attr left join tl_attr as parent_attr on attr.parent_id = parent_attr.id left join (select count(id) as child_num,parent_id from tl_attr where state = 1 group by parent_id ) as child_attr on attr.id = child_attr.parent_id   WHERE attr.parent_id = 5 AND attr.state = 1 ORDER BY attr.id ASC  [ RunTime:0.0010s ]
SQL: SELECT COUNT(*) AS tp_count FROM tl_attr as attr left join tl_attr as parent_attr on attr.parent_id = parent_attr.id  WHERE attr.parent_id = 5 AND attr.state = 1 LIMIT 1   [ RunTime:0.0000s ]
INFO: [ view_parse ] --START--
INFO: [ template_filter ] --START--
INFO: Run Behavior\ContentReplaceBehavior [ RunTime:0.000000s ]
INFO: [ template_filter ] --END-- [ RunTime:0.000000s ]
NOTIC: [8] Undefined variable: admin_head_title D:\PHP\wamp\www\yege\Application\Runtime\Cache\Admin\9da7ec30e86ff80cd6992309b174b561.php 第 5 行.
INFO: Run Behavior\ParseTemplateBehavior [ RunTime:0.018001s ]
INFO: [ view_parse ] --END-- [ RunTime:0.018001s ]
INFO: [ view_filter ] --START--
INFO: Run Behavior\WriteHtmlCacheBehavior [ RunTime:0.000000s ]
INFO: [ view_filter ] --END-- [ RunTime:0.000000s ]
INFO: [ app_end ] --START--
INFO: Run Behavior\ShowPageTraceBehavior [ RunTime:0.000000s ]
INFO: [ app_end ] --END-- [ RunTime:0.000000s ]

[ 2016-04-22T23:38:23+08:00 ] 127.0.0.1 /Admin/Attr/attrList/parent_id/2
INFO: [ app_init ] --START--
INFO: Run Behavior\BuildLiteBehavior [ RunTime:0.000000s ]
INFO: [ app_init ] --END-- [ RunTime:0.000000s ]
INFO: [ app_begin ] --START--
INFO: Run Behavior\ReadHtmlCacheBehavior [ RunTime:0.000000s ]
INFO: [ app_begin ] --END-- [ RunTime:0.010000s ]
SQL: SHOW COLUMNS FROM `tl_user` [ RunTime:0.0100s ]
SQL: SELECT * FROM `tl_user` WHERE `id` = 1 LIMIT 1   [ RunTime:0.0000s ]
SQL: SHOW COLUMNS FROM `tl_attr` [ RunTime:0.0100s ]
SQL: SELECT attr.*,parent_attr.parent_id as p_id,parent_attr.attr_name as parent_name,child_attr.child_num FROM tl_attr as attr left join tl_attr as parent_attr on attr.parent_id = parent_attr.id left join (select count(id) as child_num,parent_id from tl_attr where state = 1 group by parent_id ) as child_attr on attr.id = child_attr.parent_id   WHERE attr.parent_id = 2 AND attr.state = 1 ORDER BY attr.id ASC  [ RunTime:0.0000s ]
SQL: SELECT COUNT(*) AS tp_count FROM tl_attr as attr left join tl_attr as parent_attr on attr.parent_id = parent_attr.id  WHERE attr.parent_id = 2 AND attr.state = 1 LIMIT 1   [ RunTime:0.0000s ]
INFO: [ view_parse ] --START--
INFO: [ template_filter ] --START--
INFO: Run Behavior\ContentReplaceBehavior [ RunTime:0.000000s ]
INFO: [ template_filter ] --END-- [ RunTime:0.000000s ]
NOTIC: [8] Undefined variable: admin_head_title D:\PHP\wamp\www\yege\Application\Runtime\Cache\Admin\9da7ec30e86ff80cd6992309b174b561.php 第 5 行.
INFO: Run Behavior\ParseTemplateBehavior [ RunTime:0.029001s ]
INFO: [ view_parse ] --END-- [ RunTime:0.029001s ]
INFO: [ view_filter ] --START--
INFO: Run Behavior\WriteHtmlCacheBehavior [ RunTime:0.001000s ]
INFO: [ view_filter ] --END-- [ RunTime:0.002000s ]
INFO: [ app_end ] --START--
INFO: Run Behavior\ShowPageTraceBehavior [ RunTime:0.000000s ]
INFO: [ app_end ] --END-- [ RunTime:0.000000s ]

[ 2016-04-22T23:38:24+08:00 ] 127.0.0.1 /Admin/Attr/attrList/parent_id/0
INFO: [ app_init ] --START--
INFO: Run Behavior\BuildLiteBehavior [ RunTime:0.000000s ]
INFO: [ app_init ] --END-- [ RunTime:0.000000s ]
INFO: [ app_begin ] --START--
INFO: Run Behavior\ReadHtmlCacheBehavior [ RunTime:0.000000s ]
INFO: [ app_begin ] --END-- [ RunTime:0.000000s ]
SQL: SHOW COLUMNS FROM `tl_user` [ RunTime:0.0000s ]
SQL: SELECT * FROM `tl_user` WHERE `id` = 1 LIMIT 1   [ RunTime:0.0100s ]
SQL: SHOW COLUMNS FROM `tl_attr` [ RunTime:0.0100s ]
SQL: SELECT attr.*,parent_attr.parent_id as p_id,parent_attr.attr_name as parent_name,child_attr.child_num FROM tl_attr as attr left join tl_attr as parent_attr on attr.parent_id = parent_attr.id left join (select count(id) as child_num,parent_id from tl_attr where state = 1 group by parent_id ) as child_attr on attr.id = child_attr.parent_id   WHERE attr.parent_id = 0 AND attr.state = 1 ORDER BY attr.id ASC  [ RunTime:0.0000s ]
SQL: SELECT COUNT(*) AS tp_count FROM tl_attr as attr left join tl_attr as parent_attr on attr.parent_id = parent_attr.id  WHERE attr.parent_id = 0 AND attr.state = 1 LIMIT 1   [ RunTime:0.0000s ]
INFO: [ view_parse ] --START--
INFO: [ template_filter ] --START--
INFO: Run Behavior\ContentReplaceBehavior [ RunTime:0.000000s ]
INFO: [ template_filter ] --END-- [ RunTime:0.001000s ]
NOTIC: [8] Undefined variable: admin_head_title D:\PHP\wamp\www\yege\Application\Runtime\Cache\Admin\9da7ec30e86ff80cd6992309b174b561.php 第 5 行.
INFO: Run Behavior\ParseTemplateBehavior [ RunTime:0.028001s ]
INFO: [ view_parse ] --END-- [ RunTime:0.029001s ]
INFO: [ view_filter ] --START--
INFO: Run Behavior\WriteHtmlCacheBehavior [ RunTime:0.001000s ]
INFO: [ view_filter ] --END-- [ RunTime:0.001000s ]
INFO: [ app_end ] --START--
INFO: Run Behavior\ShowPageTraceBehavior [ RunTime:0.001000s ]
INFO: [ app_end ] --END-- [ RunTime:0.002000s ]

[ 2016-04-22T23:38:26+08:00 ] 127.0.0.1 /Admin/Attr/attrList/parent_id/1
INFO: [ app_init ] --START--
INFO: Run Behavior\BuildLiteBehavior [ RunTime:0.000000s ]
INFO: [ app_init ] --END-- [ RunTime:0.000000s ]
INFO: [ app_begin ] --START--
INFO: Run Behavior\ReadHtmlCacheBehavior [ RunTime:0.000000s ]
INFO: [ app_begin ] --END-- [ RunTime:0.000000s ]
SQL: SHOW COLUMNS FROM `tl_user` [ RunTime:0.0000s ]
SQL: SELECT * FROM `tl_user` WHERE `id` = 1 LIMIT 1   [ RunTime:0.0000s ]
SQL: SHOW COLUMNS FROM `tl_attr` [ RunTime:0.0100s ]
SQL: SELECT attr.*,parent_attr.parent_id as p_id,parent_attr.attr_name as parent_name,child_attr.child_num FROM tl_attr as attr left join tl_attr as parent_attr on attr.parent_id = parent_attr.id left join (select count(id) as child_num,parent_id from tl_attr where state = 1 group by parent_id ) as child_attr on attr.id = child_attr.parent_id   WHERE attr.parent_id = 1 AND attr.state = 1 ORDER BY attr.id ASC  [ RunTime:0.0000s ]
SQL: SELECT COUNT(*) AS tp_count FROM tl_attr as attr left join tl_attr as parent_attr on attr.parent_id = parent_attr.id  WHERE attr.parent_id = 1 AND attr.state = 1 LIMIT 1   [ RunTime:0.0000s ]
INFO: [ view_parse ] --START--
INFO: [ template_filter ] --START--
INFO: Run Behavior\ContentReplaceBehavior [ RunTime:0.000000s ]
INFO: [ template_filter ] --END-- [ RunTime:0.000000s ]
NOTIC: [8] Undefined variable: admin_head_title D:\PHP\wamp\www\yege\Application\Runtime\Cache\Admin\9da7ec30e86ff80cd6992309b174b561.php 第 5 行.
INFO: Run Behavior\ParseTemplateBehavior [ RunTime:0.029001s ]
INFO: [ view_parse ] --END-- [ RunTime:0.029001s ]
INFO: [ view_filter ] --START--
INFO: Run Behavior\WriteHtmlCacheBehavior [ RunTime:0.001000s ]
INFO: [ view_filter ] --END-- [ RunTime:0.001000s ]
INFO: [ app_end ] --START--
INFO: Run Behavior\ShowPageTraceBehavior [ RunTime:0.001000s ]
INFO: [ app_end ] --END-- [ RunTime:0.002000s ]

[ 2016-04-22T23:38:27+08:00 ] 127.0.0.1 /Admin/Attr/editAttr/id/22
INFO: [ app_init ] --START--
INFO: Run Behavior\BuildLiteBehavior [ RunTime:0.000000s ]
INFO: [ app_init ] --END-- [ RunTime:0.000000s ]
INFO: [ app_begin ] --START--
INFO: Run Behavior\ReadHtmlCacheBehavior [ RunTime:0.000000s ]
INFO: [ app_begin ] --END-- [ RunTime:0.000000s ]
SQL: SHOW COLUMNS FROM `tl_user` [ RunTime:0.0100s ]
SQL: SELECT * FROM `tl_user` WHERE `id` = 1 LIMIT 1   [ RunTime:0.0000s ]
SQL: SHOW COLUMNS FROM `tl_attr` [ RunTime:0.0000s ]
SQL: SELECT * FROM `tl_attr` WHERE `id` = 22 LIMIT 1   [ RunTime:0.0000s ]
INFO: [ view_parse ] --START--
INFO: [ template_filter ] --START--
INFO: Run Behavior\ContentReplaceBehavior [ RunTime:0.000000s ]
INFO: [ template_filter ] --END-- [ RunTime:0.000000s ]
NOTIC: [8] Undefined variable: admin_head_title D:\PHP\wamp\www\yege\Application\Runtime\Cache\Admin\d7a092fbb024c87275655d4f8c22fb8b.php 第 5 行.
INFO: Run Behavior\ParseTemplateBehavior [ RunTime:0.007000s ]
INFO: [ view_parse ] --END-- [ RunTime:0.017000s ]
INFO: [ view_filter ] --START--
INFO: Run Behavior\WriteHtmlCacheBehavior [ RunTime:0.000000s ]
INFO: [ view_filter ] --END-- [ RunTime:0.000000s ]
INFO: [ app_end ] --START--
INFO: Run Behavior\ShowPageTraceBehavior [ RunTime:0.010000s ]
INFO: [ app_end ] --END-- [ RunTime:0.010000s ]

[ 2016-04-22T23:38:30+08:00 ] 127.0.0.1 /Admin/Attr/editAttr/id/22
INFO: [ app_init ] --START--
INFO: Run Behavior\BuildLiteBehavior [ RunTime:0.000000s ]
INFO: [ app_init ] --END-- [ RunTime:0.000000s ]
INFO: [ app_begin ] --START--
INFO: Run Behavior\ReadHtmlCacheBehavior [ RunTime:0.000000s ]
INFO: [ app_begin ] --END-- [ RunTime:0.002000s ]
SQL: SHOW COLUMNS FROM `tl_user` [ RunTime:0.0070s ]
SQL: SELECT * FROM `tl_user` WHERE `id` = 1 LIMIT 1   [ RunTime:0.0010s ]
SQL: SHOW COLUMNS FROM `tl_attr` [ RunTime:0.0000s ]
SQL: SELECT * FROM `tl_attr` WHERE `id` = 22 LIMIT 1   [ RunTime:0.0000s ]
SQL: SELECT * FROM `tl_attr` WHERE `id` = 22 LIMIT 1   [ RunTime:0.0000s ]
NOTIC: [8] Undefined index: parent_id D:\PHP\wamp\www\yege\ThinkPHP\Library\Yege\Attr.class.php 第 104 行.
SQL: SELECT * FROM `tl_attr` WHERE `id` <> 22 AND `parent_id` = null AND `state` = 1 AND `attr_name` = '12222' LIMIT 1   [ RunTime:0.0000s ]
SQL: UPDATE `tl_attr` SET `attr_name`='12222',`updatetime`='1461339510' WHERE `id` = 22 [ RunTime:0.1530s ]

[ 2016-04-22T23:38:30+08:00 ] 127.0.0.1 /Admin/Attr/attrList/parent_id/1
INFO: [ app_init ] --START--
INFO: Run Behavior\BuildLiteBehavior [ RunTime:0.000000s ]
INFO: [ app_init ] --END-- [ RunTime:0.000000s ]
INFO: [ app_begin ] --START--
INFO: Run Behavior\ReadHtmlCacheBehavior [ RunTime:0.000000s ]
INFO: [ app_begin ] --END-- [ RunTime:0.000000s ]
SQL: SHOW COLUMNS FROM `tl_user` [ RunTime:0.0090s ]
SQL: SELECT * FROM `tl_user` WHERE `id` = 1 LIMIT 1   [ RunTime:0.0000s ]
SQL: SHOW COLUMNS FROM `tl_attr` [ RunTime:0.0070s ]
SQL: SELECT attr.*,parent_attr.parent_id as p_id,parent_attr.attr_name as parent_name,child_attr.child_num FROM tl_attr as attr left join tl_attr as parent_attr on attr.parent_id = parent_attr.id left join (select count(id) as child_num,parent_id from tl_attr where state = 1 group by parent_id ) as child_attr on attr.id = child_attr.parent_id   WHERE attr.parent_id = 1 AND attr.state = 1 ORDER BY attr.id ASC  [ RunTime:0.0010s ]
SQL: SELECT COUNT(*) AS tp_count FROM tl_attr as attr left join tl_attr as parent_attr on attr.parent_id = parent_attr.id  WHERE attr.parent_id = 1 AND attr.state = 1 LIMIT 1   [ RunTime:0.0000s ]
INFO: [ view_parse ] --START--
INFO: [ template_filter ] --START--
INFO: Run Behavior\ContentReplaceBehavior [ RunTime:0.000000s ]
INFO: [ template_filter ] --END-- [ RunTime:0.001000s ]
NOTIC: [8] Undefined variable: admin_head_title D:\PHP\wamp\www\yege\Application\Runtime\Cache\Admin\9da7ec30e86ff80cd6992309b174b561.php 第 5 行.
INFO: Run Behavior\ParseTemplateBehavior [ RunTime:0.022001s ]
INFO: [ view_parse ] --END-- [ RunTime:0.022001s ]
INFO: [ view_filter ] --START--
INFO: Run Behavior\WriteHtmlCacheBehavior [ RunTime:0.001000s ]
INFO: [ view_filter ] --END-- [ RunTime:0.001000s ]
INFO: [ app_end ] --START--
INFO: Run Behavior\ShowPageTraceBehavior [ RunTime:0.000000s ]
INFO: [ app_end ] --END-- [ RunTime:0.000000s ]

[ 2016-04-22T23:38:32+08:00 ] 127.0.0.1 /Admin/Attr/attrList/parent_id/0
INFO: [ app_init ] --START--
INFO: Run Behavior\BuildLiteBehavior [ RunTime:0.000000s ]
INFO: [ app_init ] --END-- [ RunTime:0.000000s ]
INFO: [ app_begin ] --START--
INFO: Run Behavior\ReadHtmlCacheBehavior [ RunTime:0.000000s ]
INFO: [ app_begin ] --END-- [ RunTime:0.000000s ]
SQL: SHOW COLUMNS FROM `tl_user` [ RunTime:0.0100s ]
SQL: SELECT * FROM `tl_user` WHERE `id` = 1 LIMIT 1   [ RunTime:0.0000s ]
SQL: SHOW COLUMNS FROM `tl_attr` [ RunTime:0.0000s ]
SQL: SELECT attr.*,parent_attr.parent_id as p_id,parent_attr.attr_name as parent_name,child_attr.child_num FROM tl_attr as attr left join tl_attr as parent_attr on attr.parent_id = parent_attr.id left join (select count(id) as child_num,parent_id from tl_attr where state = 1 group by parent_id ) as child_attr on attr.id = child_attr.parent_id   WHERE attr.parent_id = 0 AND attr.state = 1 ORDER BY attr.id ASC  [ RunTime:0.0100s ]
SQL: SELECT COUNT(*) AS tp_count FROM tl_attr as attr left join tl_attr as parent_attr on attr.parent_id = parent_attr.id  WHERE attr.parent_id = 0 AND attr.state = 1 LIMIT 1   [ RunTime:0.0000s ]
INFO: [ view_parse ] --START--
INFO: [ template_filter ] --START--
INFO: Run Behavior\ContentReplaceBehavior [ RunTime:0.000000s ]
INFO: [ template_filter ] --END-- [ RunTime:0.001000s ]
NOTIC: [8] Undefined variable: admin_head_title D:\PHP\wamp\www\yege\Application\Runtime\Cache\Admin\9da7ec30e86ff80cd6992309b174b561.php 第 5 行.
INFO: Run Behavior\ParseTemplateBehavior [ RunTime:0.023001s ]
INFO: [ view_parse ] --END-- [ RunTime:0.023001s ]
INFO: [ view_filter ] --START--
INFO: Run Behavior\WriteHtmlCacheBehavior [ RunTime:0.000000s ]
INFO: [ view_filter ] --END-- [ RunTime:0.002000s ]
INFO: [ app_end ] --START--
INFO: Run Behavior\ShowPageTraceBehavior [ RunTime:0.001000s ]
INFO: [ app_end ] --END-- [ RunTime:0.001000s ]

[ 2016-04-22T23:38:35+08:00 ] 127.0.0.1 /Admin/Attr/editAttr/id/4
INFO: [ app_init ] --START--
INFO: Run Behavior\BuildLiteBehavior [ RunTime:0.000000s ]
INFO: [ app_init ] --END-- [ RunTime:0.000000s ]
INFO: [ app_begin ] --START--
INFO: Run Behavior\ReadHtmlCacheBehavior [ RunTime:0.000000s ]
INFO: [ app_begin ] --END-- [ RunTime:0.000000s ]
SQL: SHOW COLUMNS FROM `tl_user` [ RunTime:0.0000s ]
SQL: SELECT * FROM `tl_user` WHERE `id` = 1 LIMIT 1   [ RunTime:0.0000s ]
SQL: SHOW COLUMNS FROM `tl_attr` [ RunTime:0.0100s ]
SQL: SELECT * FROM `tl_attr` WHERE `id` = 4 LIMIT 1   [ RunTime:0.0000s ]
INFO: [ view_parse ] --START--
INFO: [ template_filter ] --START--
INFO: Run Behavior\ContentReplaceBehavior [ RunTime:0.000000s ]
INFO: [ template_filter ] --END-- [ RunTime:0.000000s ]
NOTIC: [8] Undefined variable: admin_head_title D:\PHP\wamp\www\yege\Application\Runtime\Cache\Admin\d7a092fbb024c87275655d4f8c22fb8b.php 第 5 行.
INFO: Run Behavior\ParseTemplateBehavior [ RunTime:0.010000s ]
INFO: [ view_parse ] --END-- [ RunTime:0.010000s ]
INFO: [ view_filter ] --START--
INFO: Run Behavior\WriteHtmlCacheBehavior [ RunTime:0.011000s ]
INFO: [ view_filter ] --END-- [ RunTime:0.011000s ]
INFO: [ app_end ] --START--
INFO: Run Behavior\ShowPageTraceBehavior [ RunTime:0.002000s ]
INFO: [ app_end ] --END-- [ RunTime:0.002000s ]

[ 2016-04-22T23:38:37+08:00 ] 127.0.0.1 /Admin/Attr/editAttr/id/4
INFO: [ app_init ] --START--
INFO: Run Behavior\BuildLiteBehavior [ RunTime:0.000000s ]
INFO: [ app_init ] --END-- [ RunTime:0.001000s ]
INFO: [ app_begin ] --START--
INFO: Run Behavior\ReadHtmlCacheBehavior [ RunTime:0.001000s ]
INFO: [ app_begin ] --END-- [ RunTime:0.001000s ]
SQL: SHOW COLUMNS FROM `tl_user` [ RunTime:0.0070s ]
SQL: SELECT * FROM `tl_user` WHERE `id` = 1 LIMIT 1   [ RunTime:0.0010s ]
SQL: SHOW COLUMNS FROM `tl_attr` [ RunTime:0.0060s ]
SQL: SELECT * FROM `tl_attr` WHERE `id` = 4 LIMIT 1   [ RunTime:0.0000s ]
SQL: SELECT * FROM `tl_attr` WHERE `id` = 4 LIMIT 1   [ RunTime:0.0010s ]
NOTIC: [8] Undefined index: parent_id D:\PHP\wamp\www\yege\ThinkPHP\Library\Yege\Attr.class.php 第 104 行.
SQL: SELECT * FROM `tl_attr` WHERE `id` <> 4 AND `parent_id` = null AND `state` = 1 AND `attr_name` = '测试2的2' LIMIT 1   [ RunTime:0.0010s ]
SQL: UPDATE `tl_attr` SET `attr_name`='测试2的2',`updatetime`='1461339517' WHERE `id` = 4 [ RunTime:0.1600s ]

[ 2016-04-22T23:38:38+08:00 ] 127.0.0.1 /Admin/Attr/attrList/parent_id/0
INFO: [ app_init ] --START--
INFO: Run Behavior\BuildLiteBehavior [ RunTime:0.000000s ]
INFO: [ app_init ] --END-- [ RunTime:0.000000s ]
INFO: [ app_begin ] --START--
INFO: Run Behavior\ReadHtmlCacheBehavior [ RunTime:0.000000s ]
INFO: [ app_begin ] --END-- [ RunTime:0.000000s ]
SQL: SHOW COLUMNS FROM `tl_user` [ RunTime:0.0070s ]
SQL: SELECT * FROM `tl_user` WHERE `id` = 1 LIMIT 1   [ RunTime:0.0010s ]
SQL: SHOW COLUMNS FROM `tl_attr` [ RunTime:0.0060s ]
SQL: SELECT attr.*,parent_attr.parent_id as p_id,parent_attr.attr_name as parent_name,child_attr.child_num FROM tl_attr as attr left join tl_attr as parent_attr on attr.parent_id = parent_attr.id left join (select count(id) as child_num,parent_id from tl_attr where state = 1 group by parent_id ) as child_attr on attr.id = child_attr.parent_id   WHERE attr.parent_id = 0 AND attr.state = 1 ORDER BY attr.id ASC  [ RunTime:0.0010s ]
SQL: SELECT COUNT(*) AS tp_count FROM tl_attr as attr left join tl_attr as parent_attr on attr.parent_id = parent_attr.id  WHERE attr.parent_id = 0 AND attr.state = 1 LIMIT 1   [ RunTime:0.0000s ]
INFO: [ view_parse ] --START--
INFO: [ template_filter ] --START--
INFO: Run Behavior\ContentReplaceBehavior [ RunTime:0.000000s ]
INFO: [ template_filter ] --END-- [ RunTime:0.000000s ]
NOTIC: [8] Undefined variable: admin_head_title D:\PHP\wamp\www\yege\Application\Runtime\Cache\Admin\9da7ec30e86ff80cd6992309b174b561.php 第 5 行.
INFO: Run Behavior\ParseTemplateBehavior [ RunTime:0.025000s ]
INFO: [ view_parse ] --END-- [ RunTime:0.025000s ]
INFO: [ view_filter ] --START--
INFO: Run Behavior\WriteHtmlCacheBehavior [ RunTime:0.001000s ]
INFO: [ view_filter ] --END-- [ RunTime:0.001000s ]
INFO: [ app_end ] --START--
INFO: Run Behavior\ShowPageTraceBehavior [ RunTime:0.000000s ]
INFO: [ app_end ] --END-- [ RunTime:0.000000s ]

[ 2016-04-22T23:38:41+08:00 ] 127.0.0.1 /Admin/Ajax/ajaxDeleteAttr
INFO: [ app_init ] --START--
INFO: Run Behavior\BuildLiteBehavior [ RunTime:0.000000s ]
INFO: [ app_init ] --END-- [ RunTime:0.000000s ]
INFO: [ app_begin ] --START--
INFO: Run Behavior\ReadHtmlCacheBehavior [ RunTime:0.000000s ]
INFO: [ app_begin ] --END-- [ RunTime:0.000000s ]
SQL: SHOW COLUMNS FROM `tl_user` [ RunTime:0.0000s ]
SQL: SELECT * FROM `tl_user` WHERE `id` = 1 LIMIT 1   [ RunTime:0.0000s ]
SQL: SHOW COLUMNS FROM `tl_attr` [ RunTime:0.0000s ]
SQL: SELECT * FROM `tl_attr` WHERE `id` = 4 LIMIT 1   [ RunTime:0.0100s ]
SQL: UPDATE `tl_attr` SET `state`='0' WHERE `id` = 4 [ RunTime:0.0780s ]
SQL: SELECT COUNT(*) AS tp_count FROM `tl_attr` WHERE `parent_id` = 0 AND `state` = 1 LIMIT 1   [ RunTime:0.0020s ]

