[ 2016-03-30T08:59:43+08:00 ] 127.0.0.1 /Admin/Goods/goodslist
INFO: [ app_init ] --START--
INFO: Run Behavior\BuildLiteBehavior [ RunTime:0.000031s ]
INFO: [ app_init ] --END-- [ RunTime:0.000706s ]
INFO: [ app_begin ] --START--
INFO: Run Behavior\ReadHtmlCacheBehavior [ RunTime:0.000623s ]
INFO: [ app_begin ] --END-- [ RunTime:0.000728s ]
SQL: SHOW COLUMNS FROM `tl_user` [ RunTime:0.0025s ]
SQL: SELECT * FROM `tl_user` WHERE `id` = 1 LIMIT 1   [ RunTime:0.0002s ]
SQL: SHOW COLUMNS FROM `tl_goods` [ RunTime:0.0194s ]
SQL: SELECT goods.*,user.username,user.nick_name,user.mobile FROM tl_goods as goods left join tl_user as user on user.id = goods.belong_id   WHERE goods.state = 1 ORDER BY id DESC LIMIT 0,20   [ RunTime:0.0089s ]
SQL: SELECT COUNT(*) AS tp_count FROM tl_goods as goods left join tl_user as user on user.id = goods.belong_id   WHERE goods.state = 1 LIMIT 1   [ RunTime:0.0008s ]
INFO: [ view_parse ] --START--
INFO: [ template_filter ] --START--
INFO: Run Behavior\ContentReplaceBehavior [ RunTime:0.000147s ]
INFO: [ template_filter ] --END-- [ RunTime:0.000345s ]
NOTIC: [8] Undefined variable: admin_head_title E:\wamp\www\yege\Application\Runtime\Cache\Admin\b73ef5165de81c70180d171a8503c208.php 第 5 行.
INFO: Run Behavior\ParseTemplateBehavior [ RunTime:0.049791s ]
INFO: [ view_parse ] --END-- [ RunTime:0.049973s ]
INFO: [ view_filter ] --START--
INFO: Run Behavior\WriteHtmlCacheBehavior [ RunTime:0.000464s ]
INFO: [ view_filter ] --END-- [ RunTime:0.000567s ]
INFO: [ app_end ] --START--
INFO: Run Behavior\ShowPageTraceBehavior [ RunTime:0.000757s ]
INFO: [ app_end ] --END-- [ RunTime:0.000871s ]

[ 2016-03-30T08:59:47+08:00 ] 127.0.0.1 /Admin/Goods/goodsList
INFO: [ app_init ] --START--
INFO: Run Behavior\BuildLiteBehavior [ RunTime:0.000024s ]
INFO: [ app_init ] --END-- [ RunTime:0.000537s ]
INFO: [ app_begin ] --START--
INFO: Run Behavior\ReadHtmlCacheBehavior [ RunTime:0.000772s ]
INFO: [ app_begin ] --END-- [ RunTime:0.000886s ]
SQL: SHOW COLUMNS FROM `tl_user` [ RunTime:0.0029s ]
SQL: SELECT * FROM `tl_user` WHERE `id` = 1 LIMIT 1   [ RunTime:0.0002s ]
SQL: SHOW COLUMNS FROM `tl_goods` [ RunTime:0.0026s ]
SQL: SELECT goods.*,user.username,user.nick_name,user.mobile FROM tl_goods as goods left join tl_user as user on user.id = goods.belong_id   WHERE goods.state = 1 ORDER BY id DESC LIMIT 0,20   [ RunTime:0.0026s ]
SQL: SELECT COUNT(*) AS tp_count FROM tl_goods as goods left join tl_user as user on user.id = goods.belong_id   WHERE goods.state = 1 LIMIT 1   [ RunTime:0.0002s ]
INFO: [ view_parse ] --START--
INFO: [ template_filter ] --START--
INFO: Run Behavior\ContentReplaceBehavior [ RunTime:0.000048s ]
INFO: [ template_filter ] --END-- [ RunTime:0.000106s ]
NOTIC: [8] Undefined variable: admin_head_title E:\wamp\www\yege\Application\Runtime\Cache\Admin\3268fbbbd0eb3ffe30140f78ff508f86.php 第 5 行.
INFO: Run Behavior\ParseTemplateBehavior [ RunTime:0.017501s ]
INFO: [ view_parse ] --END-- [ RunTime:0.017570s ]
INFO: [ view_filter ] --START--
INFO: Run Behavior\WriteHtmlCacheBehavior [ RunTime:0.000256s ]
INFO: [ view_filter ] --END-- [ RunTime:0.000311s ]
INFO: [ app_end ] --START--
INFO: Run Behavior\ShowPageTraceBehavior [ RunTime:0.000451s ]
INFO: [ app_end ] --END-- [ RunTime:0.000513s ]

[ 2016-03-30T08:59:50+08:00 ] 127.0.0.1 /Admin/Goods/goodsList
INFO: [ app_init ] --START--
INFO: Run Behavior\BuildLiteBehavior [ RunTime:0.000019s ]
INFO: [ app_init ] --END-- [ RunTime:0.000473s ]
INFO: [ app_begin ] --START--
INFO: Run Behavior\ReadHtmlCacheBehavior [ RunTime:0.000473s ]
INFO: [ app_begin ] --END-- [ RunTime:0.000563s ]
SQL: SHOW COLUMNS FROM `tl_user` [ RunTime:0.0034s ]
SQL: SELECT * FROM `tl_user` WHERE `id` = 1 LIMIT 1   [ RunTime:0.0003s ]
SQL: SHOW COLUMNS FROM `tl_goods` [ RunTime:0.0025s ]
SQL: SELECT goods.*,user.username,user.nick_name,user.mobile FROM tl_goods as goods left join tl_user as user on user.id = goods.belong_id   WHERE goods.state = 1 ORDER BY id DESC LIMIT 20,20   [ RunTime:0.0047s ]
SQL: SELECT COUNT(*) AS tp_count FROM tl_goods as goods left join tl_user as user on user.id = goods.belong_id   WHERE goods.state = 1 LIMIT 1   [ RunTime:0.0008s ]
INFO: [ view_parse ] --START--
INFO: [ template_filter ] --START--
INFO: Run Behavior\ContentReplaceBehavior [ RunTime:0.000049s ]
INFO: [ template_filter ] --END-- [ RunTime:0.000114s ]
NOTIC: [8] Undefined variable: admin_head_title E:\wamp\www\yege\Application\Runtime\Cache\Admin\3268fbbbd0eb3ffe30140f78ff508f86.php 第 5 行.
INFO: Run Behavior\ParseTemplateBehavior [ RunTime:0.008462s ]
INFO: [ view_parse ] --END-- [ RunTime:0.008620s ]
INFO: [ view_filter ] --START--
INFO: Run Behavior\WriteHtmlCacheBehavior [ RunTime:0.000359s ]
INFO: [ view_filter ] --END-- [ RunTime:0.000453s ]
INFO: [ app_end ] --START--
INFO: Run Behavior\ShowPageTraceBehavior [ RunTime:0.000666s ]
INFO: [ app_end ] --END-- [ RunTime:0.000774s ]

[ 2016-03-30T08:59:52+08:00 ] 127.0.0.1 /Admin/Goods/goodsList
INFO: [ app_init ] --START--
INFO: Run Behavior\BuildLiteBehavior [ RunTime:0.000018s ]
INFO: [ app_init ] --END-- [ RunTime:0.000464s ]
INFO: [ app_begin ] --START--
INFO: Run Behavior\ReadHtmlCacheBehavior [ RunTime:0.000458s ]
INFO: [ app_begin ] --END-- [ RunTime:0.000528s ]
SQL: SHOW COLUMNS FROM `tl_user` [ RunTime:0.0035s ]
SQL: SELECT * FROM `tl_user` WHERE `id` = 1 LIMIT 1   [ RunTime:0.0003s ]
SQL: SHOW COLUMNS FROM `tl_goods` [ RunTime:0.0027s ]
SQL: SELECT goods.*,user.username,user.nick_name,user.mobile FROM tl_goods as goods left join tl_user as user on user.id = goods.belong_id   WHERE goods.state = 1 ORDER BY id DESC LIMIT 0,20   [ RunTime:0.0041s ]
SQL: SELECT COUNT(*) AS tp_count FROM tl_goods as goods left join tl_user as user on user.id = goods.belong_id   WHERE goods.state = 1 LIMIT 1   [ RunTime:0.0005s ]
INFO: [ view_parse ] --START--
INFO: [ template_filter ] --START--
INFO: Run Behavior\ContentReplaceBehavior [ RunTime:0.000051s ]
INFO: [ template_filter ] --END-- [ RunTime:0.000113s ]
NOTIC: [8] Undefined variable: admin_head_title E:\wamp\www\yege\Application\Runtime\Cache\Admin\3268fbbbd0eb3ffe30140f78ff508f86.php 第 5 行.
INFO: Run Behavior\ParseTemplateBehavior [ RunTime:0.008032s ]
INFO: [ view_parse ] --END-- [ RunTime:0.008154s ]
INFO: [ view_filter ] --START--
INFO: Run Behavior\WriteHtmlCacheBehavior [ RunTime:0.000246s ]
INFO: [ view_filter ] --END-- [ RunTime:0.000299s ]
INFO: [ app_end ] --START--
INFO: Run Behavior\ShowPageTraceBehavior [ RunTime:0.000404s ]
INFO: [ app_end ] --END-- [ RunTime:0.000467s ]

[ 2016-03-30T08:59:54+08:00 ] 127.0.0.1 /Admin/Goods/goodsList
INFO: [ app_init ] --START--
INFO: Run Behavior\BuildLiteBehavior [ RunTime:0.000057s ]
INFO: [ app_init ] --END-- [ RunTime:0.000779s ]
INFO: [ app_begin ] --START--
INFO: Run Behavior\ReadHtmlCacheBehavior [ RunTime:0.000846s ]
INFO: [ app_begin ] --END-- [ RunTime:0.000982s ]
SQL: SHOW COLUMNS FROM `tl_user` [ RunTime:0.0039s ]
SQL: SELECT * FROM `tl_user` WHERE `id` = 1 LIMIT 1   [ RunTime:0.0004s ]
SQL: SHOW COLUMNS FROM `tl_goods` [ RunTime:0.0026s ]
SQL: SELECT goods.*,user.username,user.nick_name,user.mobile FROM tl_goods as goods left join tl_user as user on user.id = goods.belong_id   WHERE goods.state = 1 ORDER BY id DESC LIMIT 0,20   [ RunTime:0.0030s ]
SQL: SELECT COUNT(*) AS tp_count FROM tl_goods as goods left join tl_user as user on user.id = goods.belong_id   WHERE goods.state = 1 LIMIT 1   [ RunTime:0.0002s ]
INFO: [ view_parse ] --START--
INFO: [ template_filter ] --START--
INFO: Run Behavior\ContentReplaceBehavior [ RunTime:0.000050s ]
INFO: [ template_filter ] --END-- [ RunTime:0.000114s ]
NOTIC: [8] Undefined variable: admin_head_title E:\wamp\www\yege\Application\Runtime\Cache\Admin\3268fbbbd0eb3ffe30140f78ff508f86.php 第 5 行.
INFO: Run Behavior\ParseTemplateBehavior [ RunTime:0.008148s ]
INFO: [ view_parse ] --END-- [ RunTime:0.008212s ]
INFO: [ view_filter ] --START--
INFO: Run Behavior\WriteHtmlCacheBehavior [ RunTime:0.000310s ]
INFO: [ view_filter ] --END-- [ RunTime:0.000375s ]
INFO: [ app_end ] --START--
INFO: Run Behavior\ShowPageTraceBehavior [ RunTime:0.000421s ]
INFO: [ app_end ] --END-- [ RunTime:0.000485s ]

[ 2016-03-30T08:59:56+08:00 ] 127.0.0.1 /Admin/Goods/goodsList
INFO: [ app_init ] --START--
INFO: Run Behavior\BuildLiteBehavior [ RunTime:0.000029s ]
INFO: [ app_init ] --END-- [ RunTime:0.000608s ]
INFO: [ app_begin ] --START--
INFO: Run Behavior\ReadHtmlCacheBehavior [ RunTime:0.000719s ]
INFO: [ app_begin ] --END-- [ RunTime:0.000844s ]
SQL: SHOW COLUMNS FROM `tl_user` [ RunTime:0.0040s ]
SQL: SELECT * FROM `tl_user` WHERE `id` = 1 LIMIT 1   [ RunTime:0.0003s ]
SQL: SHOW COLUMNS FROM `tl_goods` [ RunTime:0.0028s ]
SQL: SELECT goods.*,user.username,user.nick_name,user.mobile FROM tl_goods as goods left join tl_user as user on user.id = goods.belong_id   WHERE goods.state = 1 ORDER BY id DESC LIMIT 0,20   [ RunTime:0.0028s ]
SQL: SELECT COUNT(*) AS tp_count FROM tl_goods as goods left join tl_user as user on user.id = goods.belong_id   WHERE goods.state = 1 LIMIT 1   [ RunTime:0.0002s ]
INFO: [ view_parse ] --START--
INFO: [ template_filter ] --START--
INFO: Run Behavior\ContentReplaceBehavior [ RunTime:0.000050s ]
INFO: [ template_filter ] --END-- [ RunTime:0.000114s ]
NOTIC: [8] Undefined variable: admin_head_title E:\wamp\www\yege\Application\Runtime\Cache\Admin\3268fbbbd0eb3ffe30140f78ff508f86.php 第 5 行.
INFO: Run Behavior\ParseTemplateBehavior [ RunTime:0.007974s ]
INFO: [ view_parse ] --END-- [ RunTime:0.008038s ]
INFO: [ view_filter ] --START--
INFO: Run Behavior\WriteHtmlCacheBehavior [ RunTime:0.000228s ]
INFO: [ view_filter ] --END-- [ RunTime:0.000282s ]
INFO: [ app_end ] --START--
INFO: Run Behavior\ShowPageTraceBehavior [ RunTime:0.000403s ]
INFO: [ app_end ] --END-- [ RunTime:0.000479s ]

[ 2016-03-30T08:59:58+08:00 ] 127.0.0.1 /Admin/Goods/goodsList
INFO: [ app_init ] --START--
INFO: Run Behavior\BuildLiteBehavior [ RunTime:0.000018s ]
INFO: [ app_init ] --END-- [ RunTime:0.000352s ]
INFO: [ app_begin ] --START--
INFO: Run Behavior\ReadHtmlCacheBehavior [ RunTime:0.000428s ]
INFO: [ app_begin ] --END-- [ RunTime:0.000499s ]
SQL: SHOW COLUMNS FROM `tl_user` [ RunTime:0.0029s ]
SQL: SELECT * FROM `tl_user` WHERE `id` = 1 LIMIT 1   [ RunTime:0.0003s ]
SQL: SHOW COLUMNS FROM `tl_goods` [ RunTime:0.0030s ]
SQL: SELECT goods.*,user.username,user.nick_name,user.mobile FROM tl_goods as goods left join tl_user as user on user.id = goods.belong_id   WHERE goods.state = 1 ORDER BY id DESC LIMIT 0,20   [ RunTime:0.0028s ]
SQL: SELECT COUNT(*) AS tp_count FROM tl_goods as goods left join tl_user as user on user.id = goods.belong_id   WHERE goods.state = 1 LIMIT 1   [ RunTime:0.0002s ]
INFO: [ view_parse ] --START--
INFO: [ template_filter ] --START--
INFO: Run Behavior\ContentReplaceBehavior [ RunTime:0.000065s ]
INFO: [ template_filter ] --END-- [ RunTime:0.000143s ]
NOTIC: [8] Undefined variable: admin_head_title E:\wamp\www\yege\Application\Runtime\Cache\Admin\3268fbbbd0eb3ffe30140f78ff508f86.php 第 5 行.
INFO: Run Behavior\ParseTemplateBehavior [ RunTime:0.007948s ]
INFO: [ view_parse ] --END-- [ RunTime:0.008014s ]
INFO: [ view_filter ] --START--
INFO: Run Behavior\WriteHtmlCacheBehavior [ RunTime:0.000273s ]
INFO: [ view_filter ] --END-- [ RunTime:0.000327s ]
INFO: [ app_end ] --START--
INFO: Run Behavior\ShowPageTraceBehavior [ RunTime:0.000416s ]
INFO: [ app_end ] --END-- [ RunTime:0.000507s ]

[ 2016-03-30T09:00:00+08:00 ] 127.0.0.1 /Admin/Goods/goodsList
INFO: [ app_init ] --START--
INFO: Run Behavior\BuildLiteBehavior [ RunTime:0.000065s ]
INFO: [ app_init ] --END-- [ RunTime:0.001159s ]
INFO: [ app_begin ] --START--
INFO: Run Behavior\ReadHtmlCacheBehavior [ RunTime:0.000694s ]
INFO: [ app_begin ] --END-- [ RunTime:0.000819s ]
SQL: SHOW COLUMNS FROM `tl_user` [ RunTime:0.0092s ]
SQL: SELECT * FROM `tl_user` WHERE `id` = 1 LIMIT 1   [ RunTime:0.0003s ]
SQL: SHOW COLUMNS FROM `tl_goods` [ RunTime:0.0033s ]
SQL: SELECT goods.*,user.username,user.nick_name,user.mobile FROM tl_goods as goods left join tl_user as user on user.id = goods.belong_id   WHERE goods.state = 1 ORDER BY id DESC LIMIT 0,20   [ RunTime:0.0047s ]
SQL: SELECT COUNT(*) AS tp_count FROM tl_goods as goods left join tl_user as user on user.id = goods.belong_id   WHERE goods.state = 1 LIMIT 1   [ RunTime:0.0003s ]
INFO: [ view_parse ] --START--
INFO: [ template_filter ] --START--
INFO: Run Behavior\ContentReplaceBehavior [ RunTime:0.000051s ]
INFO: [ template_filter ] --END-- [ RunTime:0.000116s ]
NOTIC: [8] Undefined variable: admin_head_title E:\wamp\www\yege\Application\Runtime\Cache\Admin\3268fbbbd0eb3ffe30140f78ff508f86.php 第 5 行.
INFO: Run Behavior\ParseTemplateBehavior [ RunTime:0.008336s ]
INFO: [ view_parse ] --END-- [ RunTime:0.008441s ]
INFO: [ view_filter ] --START--
INFO: Run Behavior\WriteHtmlCacheBehavior [ RunTime:0.000366s ]
INFO: [ view_filter ] --END-- [ RunTime:0.000422s ]
INFO: [ app_end ] --START--
INFO: Run Behavior\ShowPageTraceBehavior [ RunTime:0.000581s ]
INFO: [ app_end ] --END-- [ RunTime:0.000652s ]

[ 2016-03-30T09:00:02+08:00 ] 127.0.0.1 /Admin/Goods/goodsList
INFO: [ app_init ] --START--
INFO: Run Behavior\BuildLiteBehavior [ RunTime:0.000019s ]
INFO: [ app_init ] --END-- [ RunTime:0.000402s ]
INFO: [ app_begin ] --START--
INFO: Run Behavior\ReadHtmlCacheBehavior [ RunTime:0.000458s ]
INFO: [ app_begin ] --END-- [ RunTime:0.000539s ]
SQL: SHOW COLUMNS FROM `tl_user` [ RunTime:0.0030s ]
SQL: SELECT * FROM `tl_user` WHERE `id` = 1 LIMIT 1   [ RunTime:0.0003s ]
SQL: SHOW COLUMNS FROM `tl_goods` [ RunTime:0.0027s ]
SQL: SELECT goods.*,user.username,user.nick_name,user.mobile FROM tl_goods as goods left join tl_user as user on user.id = goods.belong_id   WHERE goods.state = 1 ORDER BY id DESC LIMIT 0,20   [ RunTime:0.0029s ]
SQL: SELECT COUNT(*) AS tp_count FROM tl_goods as goods left join tl_user as user on user.id = goods.belong_id   WHERE goods.state = 1 LIMIT 1   [ RunTime:0.0002s ]
INFO: [ view_parse ] --START--
INFO: [ template_filter ] --START--
INFO: Run Behavior\ContentReplaceBehavior [ RunTime:0.000050s ]
INFO: [ template_filter ] --END-- [ RunTime:0.000110s ]
NOTIC: [8] Undefined variable: admin_head_title E:\wamp\www\yege\Application\Runtime\Cache\Admin\3268fbbbd0eb3ffe30140f78ff508f86.php 第 5 行.
INFO: Run Behavior\ParseTemplateBehavior [ RunTime:0.007815s ]
INFO: [ view_parse ] --END-- [ RunTime:0.007880s ]
INFO: [ view_filter ] --START--
INFO: Run Behavior\WriteHtmlCacheBehavior [ RunTime:0.000372s ]
INFO: [ view_filter ] --END-- [ RunTime:0.000451s ]
INFO: [ app_end ] --START--
INFO: Run Behavior\ShowPageTraceBehavior [ RunTime:0.000817s ]
INFO: [ app_end ] --END-- [ RunTime:0.000922s ]

[ 2016-03-30T09:01:22+08:00 ] 127.0.0.1 /Admin/Goods/goodsList
INFO: [ app_init ] --START--
INFO: Run Behavior\BuildLiteBehavior [ RunTime:0.000018s ]
INFO: [ app_init ] --END-- [ RunTime:0.000382s ]
INFO: [ app_begin ] --START--
INFO: Run Behavior\ReadHtmlCacheBehavior [ RunTime:0.000748s ]
INFO: [ app_begin ] --END-- [ RunTime:0.000911s ]
SQL: SHOW COLUMNS FROM `tl_user` [ RunTime:0.0031s ]
SQL: SELECT * FROM `tl_user` WHERE `id` = 1 LIMIT 1   [ RunTime:0.0003s ]
SQL: SHOW COLUMNS FROM `tl_goods` [ RunTime:0.0023s ]
SQL: SELECT goods.*,user.username,user.nick_name,user.mobile FROM tl_goods as goods left join tl_user as user on user.id = goods.belong_id   WHERE goods.state = 1 ORDER BY id DESC LIMIT 0,20   [ RunTime:0.0024s ]
SQL: SELECT COUNT(*) AS tp_count FROM tl_goods as goods left join tl_user as user on user.id = goods.belong_id   WHERE goods.state = 1 LIMIT 1   [ RunTime:0.0002s ]
INFO: [ view_parse ] --START--
INFO: [ template_filter ] --START--
INFO: Run Behavior\ContentReplaceBehavior [ RunTime:0.000058s ]
INFO: [ template_filter ] --END-- [ RunTime:0.000134s ]
NOTIC: [8] Undefined variable: admin_head_title E:\wamp\www\yege\Application\Runtime\Cache\Admin\3268fbbbd0eb3ffe30140f78ff508f86.php 第 5 行.
INFO: Run Behavior\ParseTemplateBehavior [ RunTime:0.009262s ]
INFO: [ view_parse ] --END-- [ RunTime:0.009366s ]
INFO: [ view_filter ] --START--
INFO: Run Behavior\WriteHtmlCacheBehavior [ RunTime:0.000259s ]
INFO: [ view_filter ] --END-- [ RunTime:0.000334s ]
INFO: [ app_end ] --START--
INFO: Run Behavior\ShowPageTraceBehavior [ RunTime:0.000474s ]
INFO: [ app_end ] --END-- [ RunTime:0.000541s ]

[ 2016-03-30T09:01:25+08:00 ] 127.0.0.1 /Admin/Goods/goodsList
INFO: [ app_init ] --START--
INFO: Run Behavior\BuildLiteBehavior [ RunTime:0.000029s ]
INFO: [ app_init ] --END-- [ RunTime:0.000653s ]
INFO: [ app_begin ] --START--
INFO: Run Behavior\ReadHtmlCacheBehavior [ RunTime:0.000798s ]
INFO: [ app_begin ] --END-- [ RunTime:0.000917s ]
SQL: SHOW COLUMNS FROM `tl_user` [ RunTime:0.0037s ]
SQL: SELECT * FROM `tl_user` WHERE `id` = 1 LIMIT 1   [ RunTime:0.0003s ]
SQL: SHOW COLUMNS FROM `tl_goods` [ RunTime:0.0027s ]
SQL: SELECT goods.*,user.username,user.nick_name,user.mobile FROM tl_goods as goods left join tl_user as user on user.id = goods.belong_id   WHERE goods.state = 1 ORDER BY id DESC LIMIT 0,20   [ RunTime:0.0035s ]
SQL: SELECT COUNT(*) AS tp_count FROM tl_goods as goods left join tl_user as user on user.id = goods.belong_id   WHERE goods.state = 1 LIMIT 1   [ RunTime:0.0003s ]
INFO: [ view_parse ] --START--
INFO: [ template_filter ] --START--
INFO: Run Behavior\ContentReplaceBehavior [ RunTime:0.000053s ]
INFO: [ template_filter ] --END-- [ RunTime:0.000118s ]
NOTIC: [8] Undefined variable: admin_head_title E:\wamp\www\yege\Application\Runtime\Cache\Admin\3268fbbbd0eb3ffe30140f78ff508f86.php 第 5 行.
INFO: Run Behavior\ParseTemplateBehavior [ RunTime:0.007890s ]
INFO: [ view_parse ] --END-- [ RunTime:0.007955s ]
INFO: [ view_filter ] --START--
INFO: Run Behavior\WriteHtmlCacheBehavior [ RunTime:0.000345s ]
INFO: [ view_filter ] --END-- [ RunTime:0.000400s ]
INFO: [ app_end ] --START--
INFO: Run Behavior\ShowPageTraceBehavior [ RunTime:0.000459s ]
INFO: [ app_end ] --END-- [ RunTime:0.000522s ]

[ 2016-03-30T09:01:28+08:00 ] 127.0.0.1 /Admin/Goods/goodsList
INFO: [ app_init ] --START--
INFO: Run Behavior\BuildLiteBehavior [ RunTime:0.000104s ]
INFO: [ app_init ] --END-- [ RunTime:0.001871s ]
INFO: [ app_begin ] --START--
INFO: Run Behavior\ReadHtmlCacheBehavior [ RunTime:0.001185s ]
INFO: [ app_begin ] --END-- [ RunTime:0.001425s ]
SQL: SHOW COLUMNS FROM `tl_user` [ RunTime:0.0039s ]
SQL: SELECT * FROM `tl_user` WHERE `id` = 1 LIMIT 1   [ RunTime:0.0004s ]
SQL: SHOW COLUMNS FROM `tl_goods` [ RunTime:0.0048s ]
SQL: SELECT goods.*,user.username,user.nick_name,user.mobile FROM tl_goods as goods left join tl_user as user on user.id = goods.belong_id   WHERE goods.state = 1 ORDER BY id DESC LIMIT 0,20   [ RunTime:0.0034s ]
SQL: SELECT COUNT(*) AS tp_count FROM tl_goods as goods left join tl_user as user on user.id = goods.belong_id   WHERE goods.state = 1 LIMIT 1   [ RunTime:0.0003s ]
INFO: [ view_parse ] --START--
INFO: [ template_filter ] --START--
INFO: Run Behavior\ContentReplaceBehavior [ RunTime:0.000064s ]
INFO: [ template_filter ] --END-- [ RunTime:0.000165s ]
NOTIC: [8] Undefined variable: admin_head_title E:\wamp\www\yege\Application\Runtime\Cache\Admin\3268fbbbd0eb3ffe30140f78ff508f86.php 第 5 行.
INFO: Run Behavior\ParseTemplateBehavior [ RunTime:0.010301s ]
INFO: [ view_parse ] --END-- [ RunTime:0.010408s ]
INFO: [ view_filter ] --START--
INFO: Run Behavior\WriteHtmlCacheBehavior [ RunTime:0.000256s ]
INFO: [ view_filter ] --END-- [ RunTime:0.000312s ]
INFO: [ app_end ] --START--
INFO: Run Behavior\ShowPageTraceBehavior [ RunTime:0.000431s ]
INFO: [ app_end ] --END-- [ RunTime:0.000499s ]

[ 2016-03-30T09:03:04+08:00 ] 127.0.0.1 /Admin/Goods/goodsList
INFO: [ app_init ] --START--
INFO: Run Behavior\BuildLiteBehavior [ RunTime:0.000018s ]
INFO: [ app_init ] --END-- [ RunTime:0.000667s ]
INFO: [ app_begin ] --START--
INFO: Run Behavior\ReadHtmlCacheBehavior [ RunTime:0.000447s ]
INFO: [ app_begin ] --END-- [ RunTime:0.000524s ]
SQL: SHOW COLUMNS FROM `tl_user` [ RunTime:0.0042s ]
SQL: SELECT * FROM `tl_user` WHERE `id` = 1 LIMIT 1   [ RunTime:0.0003s ]
SQL: SHOW COLUMNS FROM `tl_goods` [ RunTime:0.0026s ]
SQL: SELECT goods.*,user.username,user.nick_name,user.mobile FROM tl_goods as goods left join tl_user as user on user.id = goods.belong_id   WHERE goods.state = 1 ORDER BY id DESC LIMIT 0,20   [ RunTime:0.0027s ]
SQL: SELECT COUNT(*) AS tp_count FROM tl_goods as goods left join tl_user as user on user.id = goods.belong_id   WHERE goods.state = 1 LIMIT 1   [ RunTime:0.0003s ]
INFO: [ view_parse ] --START--
INFO: [ template_filter ] --START--
INFO: Run Behavior\ContentReplaceBehavior [ RunTime:0.000102s ]
INFO: [ template_filter ] --END-- [ RunTime:0.000245s ]
NOTIC: [8] Undefined variable: admin_head_title E:\wamp\www\yege\Application\Runtime\Cache\Admin\3268fbbbd0eb3ffe30140f78ff508f86.php 第 5 行.
INFO: Run Behavior\ParseTemplateBehavior [ RunTime:0.010908s ]
INFO: [ view_parse ] --END-- [ RunTime:0.010985s ]
INFO: [ view_filter ] --START--
INFO: Run Behavior\WriteHtmlCacheBehavior [ RunTime:0.000260s ]
INFO: [ view_filter ] --END-- [ RunTime:0.000316s ]
INFO: [ app_end ] --START--
INFO: Run Behavior\ShowPageTraceBehavior [ RunTime:0.000429s ]
INFO: [ app_end ] --END-- [ RunTime:0.000494s ]

[ 2016-03-30T09:03:05+08:00 ] 127.0.0.1 /Admin/Goods/goodsList
INFO: [ app_init ] --START--
INFO: Run Behavior\BuildLiteBehavior [ RunTime:0.000027s ]
INFO: [ app_init ] --END-- [ RunTime:0.000571s ]
INFO: [ app_begin ] --START--
INFO: Run Behavior\ReadHtmlCacheBehavior [ RunTime:0.000692s ]
INFO: [ app_begin ] --END-- [ RunTime:0.000801s ]
SQL: SHOW COLUMNS FROM `tl_user` [ RunTime:0.0082s ]
SQL: SELECT * FROM `tl_user` WHERE `id` = 1 LIMIT 1   [ RunTime:0.0002s ]
SQL: SHOW COLUMNS FROM `tl_goods` [ RunTime:0.0028s ]
SQL: SELECT goods.*,user.username,user.nick_name,user.mobile FROM tl_goods as goods left join tl_user as user on user.id = goods.belong_id   WHERE goods.state = 1 ORDER BY id DESC LIMIT 0,20   [ RunTime:0.0030s ]
SQL: SELECT COUNT(*) AS tp_count FROM tl_goods as goods left join tl_user as user on user.id = goods.belong_id   WHERE goods.state = 1 LIMIT 1   [ RunTime:0.0002s ]
INFO: [ view_parse ] --START--
INFO: [ template_filter ] --START--
INFO: Run Behavior\ContentReplaceBehavior [ RunTime:0.000048s ]
INFO: [ template_filter ] --END-- [ RunTime:0.000108s ]
NOTIC: [8] Undefined variable: admin_head_title E:\wamp\www\yege\Application\Runtime\Cache\Admin\3268fbbbd0eb3ffe30140f78ff508f86.php 第 5 行.
INFO: Run Behavior\ParseTemplateBehavior [ RunTime:0.007408s ]
INFO: [ view_parse ] --END-- [ RunTime:0.007478s ]
INFO: [ view_filter ] --START--
INFO: Run Behavior\WriteHtmlCacheBehavior [ RunTime:0.000237s ]
INFO: [ view_filter ] --END-- [ RunTime:0.000291s ]
INFO: [ app_end ] --START--
INFO: Run Behavior\ShowPageTraceBehavior [ RunTime:0.000404s ]
INFO: [ app_end ] --END-- [ RunTime:0.000460s ]

[ 2016-03-30T09:03:09+08:00 ] 127.0.0.1 /Admin/Goods/goodsList
INFO: [ app_init ] --START--
INFO: Run Behavior\BuildLiteBehavior [ RunTime:0.000029s ]
INFO: [ app_init ] --END-- [ RunTime:0.000565s ]
INFO: [ app_begin ] --START--
INFO: Run Behavior\ReadHtmlCacheBehavior [ RunTime:0.000678s ]
INFO: [ app_begin ] --END-- [ RunTime:0.000788s ]
SQL: SHOW COLUMNS FROM `tl_user` [ RunTime:0.0029s ]
SQL: SELECT * FROM `tl_user` WHERE `id` = 1 LIMIT 1   [ RunTime:0.0006s ]
SQL: SHOW COLUMNS FROM `tl_goods` [ RunTime:0.0032s ]
SQL: SELECT goods.*,user.username,user.nick_name,user.mobile FROM tl_goods as goods left join tl_user as user on user.id = goods.belong_id   WHERE goods.state = 1 ORDER BY id DESC LIMIT 20,20   [ RunTime:0.0026s ]
SQL: SELECT COUNT(*) AS tp_count FROM tl_goods as goods left join tl_user as user on user.id = goods.belong_id   WHERE goods.state = 1 LIMIT 1   [ RunTime:0.0002s ]
INFO: [ view_parse ] --START--
INFO: [ template_filter ] --START--
INFO: Run Behavior\ContentReplaceBehavior [ RunTime:0.000049s ]
INFO: [ template_filter ] --END-- [ RunTime:0.000109s ]
NOTIC: [8] Undefined variable: admin_head_title E:\wamp\www\yege\Application\Runtime\Cache\Admin\3268fbbbd0eb3ffe30140f78ff508f86.php 第 5 行.
INFO: Run Behavior\ParseTemplateBehavior [ RunTime:0.008427s ]
INFO: [ view_parse ] --END-- [ RunTime:0.008508s ]
INFO: [ view_filter ] --START--
INFO: Run Behavior\WriteHtmlCacheBehavior [ RunTime:0.000248s ]
INFO: [ view_filter ] --END-- [ RunTime:0.000303s ]
INFO: [ app_end ] --START--
INFO: Run Behavior\ShowPageTraceBehavior [ RunTime:0.000411s ]
INFO: [ app_end ] --END-- [ RunTime:0.000470s ]

[ 2016-03-30T09:03:13+08:00 ] 127.0.0.1 /Admin/Goods/goodsList
INFO: [ app_init ] --START--
INFO: Run Behavior\BuildLiteBehavior [ RunTime:0.000029s ]
INFO: [ app_init ] --END-- [ RunTime:0.000652s ]
INFO: [ app_begin ] --START--
INFO: Run Behavior\ReadHtmlCacheBehavior [ RunTime:0.000715s ]
INFO: [ app_begin ] --END-- [ RunTime:0.000831s ]
SQL: SHOW COLUMNS FROM `tl_user` [ RunTime:0.0038s ]
SQL: SELECT * FROM `tl_user` WHERE `id` = 1 LIMIT 1   [ RunTime:0.0003s ]
SQL: SHOW COLUMNS FROM `tl_goods` [ RunTime:0.0025s ]
SQL: SELECT goods.*,user.username,user.nick_name,user.mobile FROM tl_goods as goods left join tl_user as user on user.id = goods.belong_id   WHERE goods.state = 1 ORDER BY id DESC LIMIT 40,20   [ RunTime:0.0025s ]
SQL: SELECT COUNT(*) AS tp_count FROM tl_goods as goods left join tl_user as user on user.id = goods.belong_id   WHERE goods.state = 1 LIMIT 1   [ RunTime:0.0002s ]
INFO: [ view_parse ] --START--
INFO: [ template_filter ] --START--
INFO: Run Behavior\ContentReplaceBehavior [ RunTime:0.000093s ]
INFO: [ template_filter ] --END-- [ RunTime:0.000211s ]
NOTIC: [8] Undefined variable: admin_head_title E:\wamp\www\yege\Application\Runtime\Cache\Admin\3268fbbbd0eb3ffe30140f78ff508f86.php 第 5 行.
INFO: Run Behavior\ParseTemplateBehavior [ RunTime:0.008521s ]
INFO: [ view_parse ] --END-- [ RunTime:0.008601s ]
INFO: [ view_filter ] --START--
INFO: Run Behavior\WriteHtmlCacheBehavior [ RunTime:0.000274s ]
INFO: [ view_filter ] --END-- [ RunTime:0.000330s ]
INFO: [ app_end ] --START--
INFO: Run Behavior\ShowPageTraceBehavior [ RunTime:0.000447s ]
INFO: [ app_end ] --END-- [ RunTime:0.000509s ]

[ 2016-03-30T09:03:17+08:00 ] 127.0.0.1 /Admin/Goods/goodsList
INFO: [ app_init ] --START--
INFO: Run Behavior\BuildLiteBehavior [ RunTime:0.000027s ]
INFO: [ app_init ] --END-- [ RunTime:0.000577s ]
INFO: [ app_begin ] --START--
INFO: Run Behavior\ReadHtmlCacheBehavior [ RunTime:0.000681s ]
INFO: [ app_begin ] --END-- [ RunTime:0.000789s ]
SQL: SHOW COLUMNS FROM `tl_user` [ RunTime:0.0043s ]
SQL: SELECT * FROM `tl_user` WHERE `id` = 1 LIMIT 1   [ RunTime:0.0004s ]
SQL: SHOW COLUMNS FROM `tl_goods` [ RunTime:0.0028s ]
SQL: SELECT goods.*,user.username,user.nick_name,user.mobile FROM tl_goods as goods left join tl_user as user on user.id = goods.belong_id   WHERE goods.state = 1 ORDER BY id DESC LIMIT 0,20   [ RunTime:0.0032s ]
SQL: SELECT COUNT(*) AS tp_count FROM tl_goods as goods left join tl_user as user on user.id = goods.belong_id   WHERE goods.state = 1 LIMIT 1   [ RunTime:0.0003s ]
INFO: [ view_parse ] --START--
INFO: [ template_filter ] --START--
INFO: Run Behavior\ContentReplaceBehavior [ RunTime:0.000051s ]
INFO: [ template_filter ] --END-- [ RunTime:0.000121s ]
NOTIC: [8] Undefined variable: admin_head_title E:\wamp\www\yege\Application\Runtime\Cache\Admin\3268fbbbd0eb3ffe30140f78ff508f86.php 第 5 行.
INFO: Run Behavior\ParseTemplateBehavior [ RunTime:0.009532s ]
INFO: [ view_parse ] --END-- [ RunTime:0.009642s ]
INFO: [ view_filter ] --START--
INFO: Run Behavior\WriteHtmlCacheBehavior [ RunTime:0.000279s ]
INFO: [ view_filter ] --END-- [ RunTime:0.000338s ]
INFO: [ app_end ] --START--
INFO: Run Behavior\ShowPageTraceBehavior [ RunTime:0.000530s ]
INFO: [ app_end ] --END-- [ RunTime:0.000590s ]

[ 2016-03-30T09:03:23+08:00 ] 127.0.0.1 /Admin/Goods/goodsList
INFO: [ app_init ] --START--
INFO: Run Behavior\BuildLiteBehavior [ RunTime:0.000033s ]
INFO: [ app_init ] --END-- [ RunTime:0.000686s ]
INFO: [ app_begin ] --START--
INFO: Run Behavior\ReadHtmlCacheBehavior [ RunTime:0.000823s ]
INFO: [ app_begin ] --END-- [ RunTime:0.000954s ]
SQL: SHOW COLUMNS FROM `tl_user` [ RunTime:0.0029s ]
SQL: SELECT * FROM `tl_user` WHERE `id` = 1 LIMIT 1   [ RunTime:0.0003s ]
SQL: SHOW COLUMNS FROM `tl_goods` [ RunTime:0.0030s ]
SQL: SELECT goods.*,user.username,user.nick_name,user.mobile FROM tl_goods as goods left join tl_user as user on user.id = goods.belong_id   WHERE goods.state = 1 ORDER BY id DESC LIMIT 80,20   [ RunTime:0.0034s ]
SQL: SELECT COUNT(*) AS tp_count FROM tl_goods as goods left join tl_user as user on user.id = goods.belong_id   WHERE goods.state = 1 LIMIT 1   [ RunTime:0.0003s ]
INFO: [ view_parse ] --START--
INFO: [ template_filter ] --START--
INFO: Run Behavior\ContentReplaceBehavior [ RunTime:0.000060s ]
INFO: [ template_filter ] --END-- [ RunTime:0.000138s ]
NOTIC: [8] Undefined variable: admin_head_title E:\wamp\www\yege\Application\Runtime\Cache\Admin\3268fbbbd0eb3ffe30140f78ff508f86.php 第 5 行.
INFO: Run Behavior\ParseTemplateBehavior [ RunTime:0.008861s ]
INFO: [ view_parse ] --END-- [ RunTime:0.008952s ]
INFO: [ view_filter ] --START--
INFO: Run Behavior\WriteHtmlCacheBehavior [ RunTime:0.000311s ]
INFO: [ view_filter ] --END-- [ RunTime:0.000383s ]
INFO: [ app_end ] --START--
INFO: Run Behavior\ShowPageTraceBehavior [ RunTime:0.000515s ]
INFO: [ app_end ] --END-- [ RunTime:0.000587s ]

[ 2016-03-30T09:12:20+08:00 ] 127.0.0.1 /Admin/Goods/goodsList
INFO: [ app_init ] --START--
INFO: Run Behavior\BuildLiteBehavior [ RunTime:0.000020s ]
INFO: [ app_init ] --END-- [ RunTime:0.000502s ]
INFO: [ app_begin ] --START--
INFO: Run Behavior\ReadHtmlCacheBehavior [ RunTime:0.000558s ]
INFO: [ app_begin ] --END-- [ RunTime:0.000641s ]
SQL: SHOW COLUMNS FROM `tl_user` [ RunTime:0.0032s ]
SQL: SELECT * FROM `tl_user` WHERE `id` = 1 LIMIT 1   [ RunTime:0.0005s ]
SQL: SHOW COLUMNS FROM `tl_goods` [ RunTime:0.0030s ]
SQL: SELECT goods.*,user.username,user.nick_name,user.mobile FROM tl_goods as goods left join tl_user as user on user.id = goods.belong_id   WHERE goods.state = 1 ORDER BY id DESC LIMIT 80,20   [ RunTime:0.0026s ]
SQL: SELECT COUNT(*) AS tp_count FROM tl_goods as goods left join tl_user as user on user.id = goods.belong_id   WHERE goods.state = 1 LIMIT 1   [ RunTime:0.0002s ]
INFO: [ view_parse ] --START--
INFO: [ template_filter ] --START--
INFO: Run Behavior\ContentReplaceBehavior [ RunTime:0.000051s ]
INFO: [ template_filter ] --END-- [ RunTime:0.000130s ]
NOTIC: [8] Undefined variable: admin_head_title E:\wamp\www\yege\Application\Runtime\Cache\Admin\3268fbbbd0eb3ffe30140f78ff508f86.php 第 5 行.
INFO: Run Behavior\ParseTemplateBehavior [ RunTime:0.008689s ]
INFO: [ view_parse ] --END-- [ RunTime:0.008773s ]
INFO: [ view_filter ] --START--
INFO: Run Behavior\WriteHtmlCacheBehavior [ RunTime:0.000286s ]
INFO: [ view_filter ] --END-- [ RunTime:0.000339s ]
INFO: [ app_end ] --START--
INFO: Run Behavior\ShowPageTraceBehavior [ RunTime:0.000519s ]
INFO: [ app_end ] --END-- [ RunTime:0.000580s ]

[ 2016-03-30T09:12:23+08:00 ] 127.0.0.1 /Admin/Goods/goodsList
INFO: [ app_init ] --START--
INFO: Run Behavior\BuildLiteBehavior [ RunTime:0.000063s ]
INFO: [ app_init ] --END-- [ RunTime:0.001462s ]
INFO: [ app_begin ] --START--
INFO: Run Behavior\ReadHtmlCacheBehavior [ RunTime:0.000731s ]
INFO: [ app_begin ] --END-- [ RunTime:0.000848s ]
SQL: SHOW COLUMNS FROM `tl_user` [ RunTime:0.0040s ]
SQL: SELECT * FROM `tl_user` WHERE `id` = 1 LIMIT 1   [ RunTime:0.0003s ]
SQL: SHOW COLUMNS FROM `tl_goods` [ RunTime:0.0044s ]
SQL: SELECT goods.*,user.username,user.nick_name,user.mobile FROM tl_goods as goods left join tl_user as user on user.id = goods.belong_id   WHERE goods.state = 1 ORDER BY id DESC LIMIT 20,20   [ RunTime:0.0039s ]
SQL: SELECT COUNT(*) AS tp_count FROM tl_goods as goods left join tl_user as user on user.id = goods.belong_id   WHERE goods.state = 1 LIMIT 1   [ RunTime:0.0003s ]
INFO: [ view_parse ] --START--
INFO: [ template_filter ] --START--
INFO: Run Behavior\ContentReplaceBehavior [ RunTime:0.000083s ]
INFO: [ template_filter ] --END-- [ RunTime:0.000188s ]
NOTIC: [8] Undefined variable: admin_head_title E:\wamp\www\yege\Application\Runtime\Cache\Admin\3268fbbbd0eb3ffe30140f78ff508f86.php 第 5 行.
INFO: Run Behavior\ParseTemplateBehavior [ RunTime:0.012498s ]
INFO: [ view_parse ] --END-- [ RunTime:0.012609s ]
INFO: [ view_filter ] --START--
INFO: Run Behavior\WriteHtmlCacheBehavior [ RunTime:0.000324s ]
INFO: [ view_filter ] --END-- [ RunTime:0.000393s ]
INFO: [ app_end ] --START--
INFO: Run Behavior\ShowPageTraceBehavior [ RunTime:0.000544s ]
INFO: [ app_end ] --END-- [ RunTime:0.000622s ]

[ 2016-03-30T09:12:25+08:00 ] 127.0.0.1 /Admin/Goods/goodsList
INFO: [ app_init ] --START--
INFO: Run Behavior\BuildLiteBehavior [ RunTime:0.000026s ]
INFO: [ app_init ] --END-- [ RunTime:0.000584s ]
INFO: [ app_begin ] --START--
INFO: Run Behavior\ReadHtmlCacheBehavior [ RunTime:0.000720s ]
INFO: [ app_begin ] --END-- [ RunTime:0.000834s ]
SQL: SHOW COLUMNS FROM `tl_user` [ RunTime:0.0029s ]
SQL: SELECT * FROM `tl_user` WHERE `id` = 1 LIMIT 1   [ RunTime:0.0002s ]
SQL: SHOW COLUMNS FROM `tl_goods` [ RunTime:0.0031s ]
SQL: SELECT goods.*,user.username,user.nick_name,user.mobile FROM tl_goods as goods left join tl_user as user on user.id = goods.belong_id   WHERE goods.state = 1 ORDER BY id DESC LIMIT 20,20   [ RunTime:0.0038s ]
SQL: SELECT COUNT(*) AS tp_count FROM tl_goods as goods left join tl_user as user on user.id = goods.belong_id   WHERE goods.state = 1 LIMIT 1   [ RunTime:0.0003s ]
INFO: [ view_parse ] --START--
INFO: [ template_filter ] --START--
INFO: Run Behavior\ContentReplaceBehavior [ RunTime:0.000049s ]
INFO: [ template_filter ] --END-- [ RunTime:0.000145s ]
NOTIC: [8] Undefined variable: admin_head_title E:\wamp\www\yege\Application\Runtime\Cache\Admin\3268fbbbd0eb3ffe30140f78ff508f86.php 第 5 行.
INFO: Run Behavior\ParseTemplateBehavior [ RunTime:0.007217s ]
INFO: [ view_parse ] --END-- [ RunTime:0.007291s ]
INFO: [ view_filter ] --START--
INFO: Run Behavior\WriteHtmlCacheBehavior [ RunTime:0.000232s ]
INFO: [ view_filter ] --END-- [ RunTime:0.000284s ]
INFO: [ app_end ] --START--
INFO: Run Behavior\ShowPageTraceBehavior [ RunTime:0.000545s ]
INFO: [ app_end ] --END-- [ RunTime:0.000602s ]

[ 2016-03-30T09:12:29+08:00 ] 127.0.0.1 /Admin/Goods/goodsList
INFO: [ app_init ] --START--
INFO: Run Behavior\BuildLiteBehavior [ RunTime:0.000035s ]
INFO: [ app_init ] --END-- [ RunTime:0.000800s ]
INFO: [ app_begin ] --START--
INFO: Run Behavior\ReadHtmlCacheBehavior [ RunTime:0.000698s ]
INFO: [ app_begin ] --END-- [ RunTime:0.000796s ]
SQL: SHOW COLUMNS FROM `tl_user` [ RunTime:0.0053s ]
SQL: SELECT * FROM `tl_user` WHERE `id` = 1 LIMIT 1   [ RunTime:0.0003s ]
SQL: SHOW COLUMNS FROM `tl_goods` [ RunTime:0.0030s ]
SQL: SELECT goods.*,user.username,user.nick_name,user.mobile FROM tl_goods as goods left join tl_user as user on user.id = goods.belong_id   WHERE goods.state = 1 ORDER BY id DESC LIMIT 20,20   [ RunTime:0.0034s ]
SQL: SELECT COUNT(*) AS tp_count FROM tl_goods as goods left join tl_user as user on user.id = goods.belong_id   WHERE goods.state = 1 LIMIT 1   [ RunTime:0.0003s ]
INFO: [ view_parse ] --START--
INFO: [ template_filter ] --START--
INFO: Run Behavior\ContentReplaceBehavior [ RunTime:0.000049s ]
INFO: [ template_filter ] --END-- [ RunTime:0.000141s ]
NOTIC: [8] Undefined variable: admin_head_title E:\wamp\www\yege\Application\Runtime\Cache\Admin\3268fbbbd0eb3ffe30140f78ff508f86.php 第 5 行.
INFO: Run Behavior\ParseTemplateBehavior [ RunTime:0.008545s ]
INFO: [ view_parse ] --END-- [ RunTime:0.008657s ]
INFO: [ view_filter ] --START--
INFO: Run Behavior\WriteHtmlCacheBehavior [ RunTime:0.000292s ]
INFO: [ view_filter ] --END-- [ RunTime:0.000347s ]
INFO: [ app_end ] --START--
INFO: Run Behavior\ShowPageTraceBehavior [ RunTime:0.000425s ]
INFO: [ app_end ] --END-- [ RunTime:0.000485s ]

[ 2016-03-30T09:12:30+08:00 ] 127.0.0.1 /Admin/Goods/goodsList
INFO: [ app_init ] --START--
INFO: Run Behavior\BuildLiteBehavior [ RunTime:0.000035s ]
INFO: [ app_init ] --END-- [ RunTime:0.000645s ]
INFO: [ app_begin ] --START--
INFO: Run Behavior\ReadHtmlCacheBehavior [ RunTime:0.000772s ]
INFO: [ app_begin ] --END-- [ RunTime:0.000887s ]
SQL: SHOW COLUMNS FROM `tl_user` [ RunTime:0.0029s ]
SQL: SELECT * FROM `tl_user` WHERE `id` = 1 LIMIT 1   [ RunTime:0.0002s ]
SQL: SHOW COLUMNS FROM `tl_goods` [ RunTime:0.0028s ]
ERR: 1064:You have an error in your SQL syntax; check the manual that corresponds to your MySQL server version for the right syntax to use near '-20,20' at line 1
 [ SQL语句 ] : SELECT goods.*,user.username,user.nick_name,user.mobile FROM tl_goods as goods left join tl_user as user on user.id = goods.belong_id   WHERE goods.state = 1 ORDER BY id DESC LIMIT -20,20  
ERR: 1064:You have an error in your SQL syntax; check the manual that corresponds to your MySQL server version for the right syntax to use near '-20,20' at line 1
 [ SQL语句 ] : SELECT goods.*,user.username,user.nick_name,user.mobile FROM tl_goods as goods left join tl_user as user on user.id = goods.belong_id   WHERE goods.state = 1 ORDER BY id DESC LIMIT -20,20  

[ 2016-03-30T09:13:23+08:00 ] 127.0.0.1 /Admin/Goods/goodsList
INFO: [ app_init ] --START--
INFO: Run Behavior\BuildLiteBehavior [ RunTime:0.000024s ]
INFO: [ app_init ] --END-- [ RunTime:0.000608s ]
INFO: [ app_begin ] --START--
INFO: Run Behavior\ReadHtmlCacheBehavior [ RunTime:0.000768s ]
INFO: [ app_begin ] --END-- [ RunTime:0.001051s ]
SQL: SHOW COLUMNS FROM `tl_user` [ RunTime:0.0032s ]
SQL: SELECT * FROM `tl_user` WHERE `id` = 1 LIMIT 1   [ RunTime:0.0004s ]
SQL: SHOW COLUMNS FROM `tl_goods` [ RunTime:0.0029s ]
ERR: 1064:You have an error in your SQL syntax; check the manual that corresponds to your MySQL server version for the right syntax to use near '-20,20' at line 1
 [ SQL语句 ] : SELECT goods.*,user.username,user.nick_name,user.mobile FROM tl_goods as goods left join tl_user as user on user.id = goods.belong_id   WHERE goods.state = 1 ORDER BY id DESC LIMIT -20,20  
ERR: 1064:You have an error in your SQL syntax; check the manual that corresponds to your MySQL server version for the right syntax to use near '-20,20' at line 1
 [ SQL语句 ] : SELECT goods.*,user.username,user.nick_name,user.mobile FROM tl_goods as goods left join tl_user as user on user.id = goods.belong_id   WHERE goods.state = 1 ORDER BY id DESC LIMIT -20,20  

[ 2016-03-30T09:13:26+08:00 ] 127.0.0.1 /Admin/Goods/goodsList
INFO: [ app_init ] --START--
INFO: Run Behavior\BuildLiteBehavior [ RunTime:0.000033s ]
INFO: [ app_init ] --END-- [ RunTime:0.000656s ]
INFO: [ app_begin ] --START--
INFO: Run Behavior\ReadHtmlCacheBehavior [ RunTime:0.000794s ]
INFO: [ app_begin ] --END-- [ RunTime:0.000922s ]
SQL: SHOW COLUMNS FROM `tl_user` [ RunTime:0.0047s ]
SQL: SELECT * FROM `tl_user` WHERE `id` = 1 LIMIT 1   [ RunTime:0.0004s ]
SQL: SHOW COLUMNS FROM `tl_goods` [ RunTime:0.0049s ]
SQL: SELECT goods.*,user.username,user.nick_name,user.mobile FROM tl_goods as goods left join tl_user as user on user.id = goods.belong_id   WHERE goods.state = 1 ORDER BY id DESC LIMIT 20,20   [ RunTime:0.0045s ]
SQL: SELECT COUNT(*) AS tp_count FROM tl_goods as goods left join tl_user as user on user.id = goods.belong_id   WHERE goods.state = 1 LIMIT 1   [ RunTime:0.0004s ]
INFO: [ view_parse ] --START--
INFO: [ template_filter ] --START--
INFO: Run Behavior\ContentReplaceBehavior [ RunTime:0.000059s ]
INFO: [ template_filter ] --END-- [ RunTime:0.000137s ]
NOTIC: [8] Undefined variable: admin_head_title E:\wamp\www\yege\Application\Runtime\Cache\Admin\3268fbbbd0eb3ffe30140f78ff508f86.php 第 5 行.
INFO: Run Behavior\ParseTemplateBehavior [ RunTime:0.012012s ]
INFO: [ view_parse ] --END-- [ RunTime:0.012122s ]
INFO: [ view_filter ] --START--
INFO: Run Behavior\WriteHtmlCacheBehavior [ RunTime:0.000390s ]
INFO: [ view_filter ] --END-- [ RunTime:0.000453s ]
INFO: [ app_end ] --START--
INFO: Run Behavior\ShowPageTraceBehavior [ RunTime:0.000569s ]
INFO: [ app_end ] --END-- [ RunTime:0.000634s ]

[ 2016-03-30T09:13:29+08:00 ] 127.0.0.1 /Admin/Goods/goodsList
INFO: [ app_init ] --START--
INFO: Run Behavior\BuildLiteBehavior [ RunTime:0.000078s ]
INFO: [ app_init ] --END-- [ RunTime:0.001274s ]
INFO: [ app_begin ] --START--
INFO: Run Behavior\ReadHtmlCacheBehavior [ RunTime:0.000931s ]
INFO: [ app_begin ] --END-- [ RunTime:0.001086s ]
SQL: SHOW COLUMNS FROM `tl_user` [ RunTime:0.0032s ]
SQL: SELECT * FROM `tl_user` WHERE `id` = 1 LIMIT 1   [ RunTime:0.0003s ]
SQL: SHOW COLUMNS FROM `tl_goods` [ RunTime:0.0029s ]
ERR: 1064:You have an error in your SQL syntax; check the manual that corresponds to your MySQL server version for the right syntax to use near '-20,20' at line 1
 [ SQL语句 ] : SELECT goods.*,user.username,user.nick_name,user.mobile FROM tl_goods as goods left join tl_user as user on user.id = goods.belong_id   WHERE goods.state = 1 ORDER BY id DESC LIMIT -20,20  
ERR: 1064:You have an error in your SQL syntax; check the manual that corresponds to your MySQL server version for the right syntax to use near '-20,20' at line 1
 [ SQL语句 ] : SELECT goods.*,user.username,user.nick_name,user.mobile FROM tl_goods as goods left join tl_user as user on user.id = goods.belong_id   WHERE goods.state = 1 ORDER BY id DESC LIMIT -20,20  

[ 2016-03-30T09:15:57+08:00 ] 127.0.0.1 /Admin/Goods/goodsList
INFO: [ app_init ] --START--
INFO: Run Behavior\BuildLiteBehavior [ RunTime:0.000017s ]
INFO: [ app_init ] --END-- [ RunTime:0.000387s ]
INFO: [ app_begin ] --START--
INFO: Run Behavior\ReadHtmlCacheBehavior [ RunTime:0.000514s ]
INFO: [ app_begin ] --END-- [ RunTime:0.000580s ]
SQL: SHOW COLUMNS FROM `tl_user` [ RunTime:0.0042s ]
SQL: SELECT * FROM `tl_user` WHERE `id` = 1 LIMIT 1   [ RunTime:0.0005s ]
SQL: SHOW COLUMNS FROM `tl_goods` [ RunTime:0.0028s ]
SQL: SELECT goods.*,user.username,user.nick_name,user.mobile FROM tl_goods as goods left join tl_user as user on user.id = goods.belong_id   WHERE goods.state = 1 ORDER BY id DESC LIMIT 20,20   [ RunTime:0.0030s ]
SQL: SELECT COUNT(*) AS tp_count FROM tl_goods as goods left join tl_user as user on user.id = goods.belong_id   WHERE goods.state = 1 LIMIT 1   [ RunTime:0.0003s ]
INFO: [ view_parse ] --START--
INFO: [ template_filter ] --START--
INFO: Run Behavior\ContentReplaceBehavior [ RunTime:0.000049s ]
INFO: [ template_filter ] --END-- [ RunTime:0.000141s ]
NOTIC: [8] Undefined variable: admin_head_title E:\wamp\www\yege\Application\Runtime\Cache\Admin\3268fbbbd0eb3ffe30140f78ff508f86.php 第 5 行.
INFO: Run Behavior\ParseTemplateBehavior [ RunTime:0.009281s ]
INFO: [ view_parse ] --END-- [ RunTime:0.009355s ]
INFO: [ view_filter ] --START--
INFO: Run Behavior\WriteHtmlCacheBehavior [ RunTime:0.000410s ]
INFO: [ view_filter ] --END-- [ RunTime:0.000463s ]
INFO: [ app_end ] --START--
INFO: Run Behavior\ShowPageTraceBehavior [ RunTime:0.000501s ]
INFO: [ app_end ] --END-- [ RunTime:0.000559s ]

[ 2016-03-30T09:15:57+08:00 ] 127.0.0.1 /Admin/Goods/goodsList
INFO: [ app_init ] --START--
INFO: Run Behavior\BuildLiteBehavior [ RunTime:0.000035s ]
INFO: [ app_init ] --END-- [ RunTime:0.000776s ]
INFO: [ app_begin ] --START--
INFO: Run Behavior\ReadHtmlCacheBehavior [ RunTime:0.000918s ]
INFO: [ app_begin ] --END-- [ RunTime:0.001064s ]
SQL: SHOW COLUMNS FROM `tl_user` [ RunTime:0.0048s ]
SQL: SELECT * FROM `tl_user` WHERE `id` = 1 LIMIT 1   [ RunTime:0.0004s ]
SQL: SHOW COLUMNS FROM `tl_goods` [ RunTime:0.0057s ]
ERR: 1064:You have an error in your SQL syntax; check the manual that corresponds to your MySQL server version for the right syntax to use near '-20,20' at line 1
 [ SQL语句 ] : SELECT goods.*,user.username,user.nick_name,user.mobile FROM tl_goods as goods left join tl_user as user on user.id = goods.belong_id   WHERE goods.state = 1 ORDER BY id DESC LIMIT -20,20  
ERR: 1064:You have an error in your SQL syntax; check the manual that corresponds to your MySQL server version for the right syntax to use near '-20,20' at line 1
 [ SQL语句 ] : SELECT goods.*,user.username,user.nick_name,user.mobile FROM tl_goods as goods left join tl_user as user on user.id = goods.belong_id   WHERE goods.state = 1 ORDER BY id DESC LIMIT -20,20  

[ 2016-03-30T09:16:11+08:00 ] 127.0.0.1 /Admin/Goods/goodsList
INFO: [ app_init ] --START--
INFO: Run Behavior\BuildLiteBehavior [ RunTime:0.000019s ]
INFO: [ app_init ] --END-- [ RunTime:0.000434s ]
INFO: [ app_begin ] --START--
INFO: Run Behavior\ReadHtmlCacheBehavior [ RunTime:0.000724s ]
INFO: [ app_begin ] --END-- [ RunTime:0.000841s ]
SQL: SHOW COLUMNS FROM `tl_user` [ RunTime:0.0092s ]
SQL: SELECT * FROM `tl_user` WHERE `id` = 1 LIMIT 1   [ RunTime:0.0011s ]
SQL: SHOW COLUMNS FROM `tl_goods` [ RunTime:0.0028s ]
SQL: SELECT goods.*,user.username,user.nick_name,user.mobile FROM tl_goods as goods left join tl_user as user on user.id = goods.belong_id   WHERE goods.state = 1 ORDER BY id DESC LIMIT 20,20   [ RunTime:0.0026s ]
SQL: SELECT COUNT(*) AS tp_count FROM tl_goods as goods left join tl_user as user on user.id = goods.belong_id   WHERE goods.state = 1 LIMIT 1   [ RunTime:0.0003s ]
INFO: [ view_parse ] --START--
INFO: [ template_filter ] --START--
INFO: Run Behavior\ContentReplaceBehavior [ RunTime:0.000051s ]
INFO: [ template_filter ] --END-- [ RunTime:0.000118s ]
NOTIC: [8] Undefined variable: admin_head_title E:\wamp\www\yege\Application\Runtime\Cache\Admin\3268fbbbd0eb3ffe30140f78ff508f86.php 第 5 行.
INFO: Run Behavior\ParseTemplateBehavior [ RunTime:0.009558s ]
INFO: [ view_parse ] --END-- [ RunTime:0.009649s ]
INFO: [ view_filter ] --START--
INFO: Run Behavior\WriteHtmlCacheBehavior [ RunTime:0.000358s ]
INFO: [ view_filter ] --END-- [ RunTime:0.000412s ]
INFO: [ app_end ] --START--
INFO: Run Behavior\ShowPageTraceBehavior [ RunTime:0.000552s ]
INFO: [ app_end ] --END-- [ RunTime:0.000612s ]

[ 2016-03-30T09:16:19+08:00 ] 127.0.0.1 /Admin/Goods/goodsList
INFO: [ app_init ] --START--
INFO: Run Behavior\BuildLiteBehavior [ RunTime:0.000028s ]
INFO: [ app_init ] --END-- [ RunTime:0.000623s ]
INFO: [ app_begin ] --START--
INFO: Run Behavior\ReadHtmlCacheBehavior [ RunTime:0.000973s ]
INFO: [ app_begin ] --END-- [ RunTime:0.001107s ]
SQL: SHOW COLUMNS FROM `tl_user` [ RunTime:0.0029s ]
SQL: SELECT * FROM `tl_user` WHERE `id` = 1 LIMIT 1   [ RunTime:0.0003s ]
SQL: SHOW COLUMNS FROM `tl_goods` [ RunTime:0.0028s ]
SQL: SELECT goods.*,user.username,user.nick_name,user.mobile FROM tl_goods as goods left join tl_user as user on user.id = goods.belong_id   WHERE goods.state = 1 ORDER BY id DESC LIMIT 0,20   [ RunTime:0.0027s ]
SQL: SELECT COUNT(*) AS tp_count FROM tl_goods as goods left join tl_user as user on user.id = goods.belong_id   WHERE goods.state = 1 LIMIT 1   [ RunTime:0.0003s ]
INFO: [ view_parse ] --START--
INFO: [ template_filter ] --START--
INFO: Run Behavior\ContentReplaceBehavior [ RunTime:0.000054s ]
INFO: [ template_filter ] --END-- [ RunTime:0.000122s ]
NOTIC: [8] Undefined variable: admin_head_title E:\wamp\www\yege\Application\Runtime\Cache\Admin\3268fbbbd0eb3ffe30140f78ff508f86.php 第 5 行.
INFO: Run Behavior\ParseTemplateBehavior [ RunTime:0.009627s ]
INFO: [ view_parse ] --END-- [ RunTime:0.009733s ]
INFO: [ view_filter ] --START--
INFO: Run Behavior\WriteHtmlCacheBehavior [ RunTime:0.000347s ]
INFO: [ view_filter ] --END-- [ RunTime:0.000403s ]
INFO: [ app_end ] --START--
INFO: Run Behavior\ShowPageTraceBehavior [ RunTime:0.000530s ]
INFO: [ app_end ] --END-- [ RunTime:0.000590s ]

[ 2016-03-30T09:16:22+08:00 ] 127.0.0.1 /Admin/Goods/goodsList
INFO: [ app_init ] --START--
INFO: Run Behavior\BuildLiteBehavior [ RunTime:0.000019s ]
INFO: [ app_init ] --END-- [ RunTime:0.000390s ]
INFO: [ app_begin ] --START--
INFO: Run Behavior\ReadHtmlCacheBehavior [ RunTime:0.000454s ]
INFO: [ app_begin ] --END-- [ RunTime:0.000525s ]
SQL: SHOW COLUMNS FROM `tl_user` [ RunTime:0.0035s ]
SQL: SELECT * FROM `tl_user` WHERE `id` = 1 LIMIT 1   [ RunTime:0.0003s ]
SQL: SHOW COLUMNS FROM `tl_goods` [ RunTime:0.0024s ]
SQL: SELECT goods.*,user.username,user.nick_name,user.mobile FROM tl_goods as goods left join tl_user as user on user.id = goods.belong_id   WHERE goods.state = 1 ORDER BY id DESC LIMIT 20,20   [ RunTime:0.0026s ]
SQL: SELECT COUNT(*) AS tp_count FROM tl_goods as goods left join tl_user as user on user.id = goods.belong_id   WHERE goods.state = 1 LIMIT 1   [ RunTime:0.0002s ]
INFO: [ view_parse ] --START--
INFO: [ template_filter ] --START--
INFO: Run Behavior\ContentReplaceBehavior [ RunTime:0.000054s ]
INFO: [ template_filter ] --END-- [ RunTime:0.000125s ]
NOTIC: [8] Undefined variable: admin_head_title E:\wamp\www\yege\Application\Runtime\Cache\Admin\3268fbbbd0eb3ffe30140f78ff508f86.php 第 5 行.
INFO: Run Behavior\ParseTemplateBehavior [ RunTime:0.008816s ]
INFO: [ view_parse ] --END-- [ RunTime:0.008955s ]
INFO: [ view_filter ] --START--
INFO: Run Behavior\WriteHtmlCacheBehavior [ RunTime:0.000384s ]
INFO: [ view_filter ] --END-- [ RunTime:0.000437s ]
INFO: [ app_end ] --START--
INFO: Run Behavior\ShowPageTraceBehavior [ RunTime:0.000507s ]
INFO: [ app_end ] --END-- [ RunTime:0.000564s ]

[ 2016-03-30T09:16:25+08:00 ] 127.0.0.1 /Admin/Goods/goodsList
INFO: [ app_init ] --START--
INFO: Run Behavior\BuildLiteBehavior [ RunTime:0.000092s ]
INFO: [ app_init ] --END-- [ RunTime:0.001395s ]
INFO: [ app_begin ] --START--
INFO: Run Behavior\ReadHtmlCacheBehavior [ RunTime:0.001109s ]
INFO: [ app_begin ] --END-- [ RunTime:0.001287s ]
SQL: SHOW COLUMNS FROM `tl_user` [ RunTime:0.0031s ]
SQL: SELECT * FROM `tl_user` WHERE `id` = 1 LIMIT 1   [ RunTime:0.0003s ]
SQL: SHOW COLUMNS FROM `tl_goods` [ RunTime:0.0040s ]
SQL: SELECT goods.*,user.username,user.nick_name,user.mobile FROM tl_goods as goods left join tl_user as user on user.id = goods.belong_id   WHERE goods.state = 1 ORDER BY id DESC LIMIT 20,20   [ RunTime:0.0032s ]
SQL: SELECT COUNT(*) AS tp_count FROM tl_goods as goods left join tl_user as user on user.id = goods.belong_id   WHERE goods.state = 1 LIMIT 1   [ RunTime:0.0002s ]
INFO: [ view_parse ] --START--
INFO: [ template_filter ] --START--
INFO: Run Behavior\ContentReplaceBehavior [ RunTime:0.000063s ]
INFO: [ template_filter ] --END-- [ RunTime:0.000146s ]
NOTIC: [8] Undefined variable: admin_head_title E:\wamp\www\yege\Application\Runtime\Cache\Admin\3268fbbbd0eb3ffe30140f78ff508f86.php 第 5 行.
INFO: Run Behavior\ParseTemplateBehavior [ RunTime:0.009600s ]
INFO: [ view_parse ] --END-- [ RunTime:0.009699s ]
INFO: [ view_filter ] --START--
INFO: Run Behavior\WriteHtmlCacheBehavior [ RunTime:0.000510s ]
INFO: [ view_filter ] --END-- [ RunTime:0.000583s ]
INFO: [ app_end ] --START--
INFO: Run Behavior\ShowPageTraceBehavior [ RunTime:0.000861s ]
INFO: [ app_end ] --END-- [ RunTime:0.000958s ]

[ 2016-03-30T09:16:29+08:00 ] 127.0.0.1 /Admin/Goods/goodsList
INFO: [ app_init ] --START--
INFO: Run Behavior\BuildLiteBehavior [ RunTime:0.000041s ]
INFO: [ app_init ] --END-- [ RunTime:0.000742s ]
INFO: [ app_begin ] --START--
INFO: Run Behavior\ReadHtmlCacheBehavior [ RunTime:0.000698s ]
INFO: [ app_begin ] --END-- [ RunTime:0.000847s ]
SQL: SHOW COLUMNS FROM `tl_user` [ RunTime:0.0029s ]
SQL: SELECT * FROM `tl_user` WHERE `id` = 1 LIMIT 1   [ RunTime:0.0003s ]
SQL: SHOW COLUMNS FROM `tl_goods` [ RunTime:0.0030s ]
SQL: SELECT goods.*,user.username,user.nick_name,user.mobile FROM tl_goods as goods left join tl_user as user on user.id = goods.belong_id   WHERE goods.state = 1 ORDER BY id DESC LIMIT 0,20   [ RunTime:0.0039s ]
SQL: SELECT COUNT(*) AS tp_count FROM tl_goods as goods left join tl_user as user on user.id = goods.belong_id   WHERE goods.state = 1 LIMIT 1   [ RunTime:0.0002s ]
INFO: [ view_parse ] --START--
INFO: [ template_filter ] --START--
INFO: Run Behavior\ContentReplaceBehavior [ RunTime:0.000050s ]
INFO: [ template_filter ] --END-- [ RunTime:0.000116s ]
NOTIC: [8] Undefined variable: admin_head_title E:\wamp\www\yege\Application\Runtime\Cache\Admin\3268fbbbd0eb3ffe30140f78ff508f86.php 第 5 行.
INFO: Run Behavior\ParseTemplateBehavior [ RunTime:0.007459s ]
INFO: [ view_parse ] --END-- [ RunTime:0.007557s ]
INFO: [ view_filter ] --START--
INFO: Run Behavior\WriteHtmlCacheBehavior [ RunTime:0.000335s ]
INFO: [ view_filter ] --END-- [ RunTime:0.000387s ]
INFO: [ app_end ] --START--
INFO: Run Behavior\ShowPageTraceBehavior [ RunTime:0.000538s ]
INFO: [ app_end ] --END-- [ RunTime:0.000595s ]

[ 2016-03-30T09:16:32+08:00 ] 127.0.0.1 /Admin/Goods/goodsList
INFO: [ app_init ] --START--
INFO: Run Behavior\BuildLiteBehavior [ RunTime:0.000035s ]
INFO: [ app_init ] --END-- [ RunTime:0.000604s ]
INFO: [ app_begin ] --START--
INFO: Run Behavior\ReadHtmlCacheBehavior [ RunTime:0.000722s ]
INFO: [ app_begin ] --END-- [ RunTime:0.000837s ]
SQL: SHOW COLUMNS FROM `tl_user` [ RunTime:0.0086s ]
SQL: SELECT * FROM `tl_user` WHERE `id` = 1 LIMIT 1   [ RunTime:0.0002s ]
SQL: SHOW COLUMNS FROM `tl_goods` [ RunTime:0.0032s ]
SQL: SELECT goods.*,user.username,user.nick_name,user.mobile FROM tl_goods as goods left join tl_user as user on user.id = goods.belong_id   WHERE goods.state = 1 ORDER BY id DESC LIMIT 20,20   [ RunTime:0.0029s ]
SQL: SELECT COUNT(*) AS tp_count FROM tl_goods as goods left join tl_user as user on user.id = goods.belong_id   WHERE goods.state = 1 LIMIT 1   [ RunTime:0.0003s ]
INFO: [ view_parse ] --START--
INFO: [ template_filter ] --START--
INFO: Run Behavior\ContentReplaceBehavior [ RunTime:0.000049s ]
INFO: [ template_filter ] --END-- [ RunTime:0.000106s ]
NOTIC: [8] Undefined variable: admin_head_title E:\wamp\www\yege\Application\Runtime\Cache\Admin\3268fbbbd0eb3ffe30140f78ff508f86.php 第 5 行.
INFO: Run Behavior\ParseTemplateBehavior [ RunTime:0.006816s ]
INFO: [ view_parse ] --END-- [ RunTime:0.006889s ]
INFO: [ view_filter ] --START--
INFO: Run Behavior\WriteHtmlCacheBehavior [ RunTime:0.000354s ]
INFO: [ view_filter ] --END-- [ RunTime:0.000434s ]
INFO: [ app_end ] --START--
INFO: Run Behavior\ShowPageTraceBehavior [ RunTime:0.000551s ]
INFO: [ app_end ] --END-- [ RunTime:0.000608s ]

[ 2016-03-30T09:16:35+08:00 ] 127.0.0.1 /Admin/Goods/goodsList
INFO: [ app_init ] --START--
INFO: Run Behavior\BuildLiteBehavior [ RunTime:0.000026s ]
INFO: [ app_init ] --END-- [ RunTime:0.000572s ]
INFO: [ app_begin ] --START--
INFO: Run Behavior\ReadHtmlCacheBehavior [ RunTime:0.000685s ]
INFO: [ app_begin ] --END-- [ RunTime:0.000796s ]
SQL: SHOW COLUMNS FROM `tl_user` [ RunTime:0.0027s ]
SQL: SELECT * FROM `tl_user` WHERE `id` = 1 LIMIT 1   [ RunTime:0.0002s ]
SQL: SHOW COLUMNS FROM `tl_goods` [ RunTime:0.0024s ]
SQL: SELECT goods.*,user.username,user.nick_name,user.mobile FROM tl_goods as goods left join tl_user as user on user.id = goods.belong_id   WHERE goods.state = 1 ORDER BY id DESC LIMIT 0,20   [ RunTime:0.0027s ]
SQL: SELECT COUNT(*) AS tp_count FROM tl_goods as goods left join tl_user as user on user.id = goods.belong_id   WHERE goods.state = 1 LIMIT 1   [ RunTime:0.0002s ]
INFO: [ view_parse ] --START--
INFO: [ template_filter ] --START--
INFO: Run Behavior\ContentReplaceBehavior [ RunTime:0.000055s ]
INFO: [ template_filter ] --END-- [ RunTime:0.000133s ]
NOTIC: [8] Undefined variable: admin_head_title E:\wamp\www\yege\Application\Runtime\Cache\Admin\3268fbbbd0eb3ffe30140f78ff508f86.php 第 5 行.
INFO: Run Behavior\ParseTemplateBehavior [ RunTime:0.009108s ]
INFO: [ view_parse ] --END-- [ RunTime:0.009180s ]
INFO: [ view_filter ] --START--
INFO: Run Behavior\WriteHtmlCacheBehavior [ RunTime:0.000398s ]
INFO: [ view_filter ] --END-- [ RunTime:0.000457s ]
INFO: [ app_end ] --START--
INFO: Run Behavior\ShowPageTraceBehavior [ RunTime:0.000543s ]
INFO: [ app_end ] --END-- [ RunTime:0.000605s ]

[ 2016-03-30T09:16:40+08:00 ] 127.0.0.1 /Admin/Goods/goodsList
INFO: [ app_init ] --START--
INFO: Run Behavior\BuildLiteBehavior [ RunTime:0.000036s ]
INFO: [ app_init ] --END-- [ RunTime:0.000752s ]
INFO: [ app_begin ] --START--
INFO: Run Behavior\ReadHtmlCacheBehavior [ RunTime:0.001060s ]
INFO: [ app_begin ] --END-- [ RunTime:0.001256s ]
SQL: SHOW COLUMNS FROM `tl_user` [ RunTime:0.0044s ]
SQL: SELECT * FROM `tl_user` WHERE `id` = 1 LIMIT 1   [ RunTime:0.0003s ]
SQL: SHOW COLUMNS FROM `tl_goods` [ RunTime:0.0031s ]
SQL: SELECT goods.*,user.username,user.nick_name,user.mobile FROM tl_goods as goods left join tl_user as user on user.id = goods.belong_id   WHERE goods.state = 1 ORDER BY id DESC LIMIT 0,20   [ RunTime:0.0043s ]
SQL: SELECT COUNT(*) AS tp_count FROM tl_goods as goods left join tl_user as user on user.id = goods.belong_id   WHERE goods.state = 1 LIMIT 1   [ RunTime:0.0005s ]
INFO: [ view_parse ] --START--
INFO: [ template_filter ] --START--
INFO: Run Behavior\ContentReplaceBehavior [ RunTime:0.000069s ]
INFO: [ template_filter ] --END-- [ RunTime:0.000160s ]
NOTIC: [8] Undefined variable: admin_head_title E:\wamp\www\yege\Application\Runtime\Cache\Admin\3268fbbbd0eb3ffe30140f78ff508f86.php 第 5 行.
INFO: Run Behavior\ParseTemplateBehavior [ RunTime:0.010784s ]
INFO: [ view_parse ] --END-- [ RunTime:0.010914s ]
INFO: [ view_filter ] --START--
INFO: Run Behavior\WriteHtmlCacheBehavior [ RunTime:0.000589s ]
INFO: [ view_filter ] --END-- [ RunTime:0.000681s ]
INFO: [ app_end ] --START--
INFO: Run Behavior\ShowPageTraceBehavior [ RunTime:0.001106s ]
INFO: [ app_end ] --END-- [ RunTime:0.001207s ]

[ 2016-03-30T09:18:53+08:00 ] 127.0.0.1 /Admin/Goods/goodsList
INFO: [ app_init ] --START--
INFO: Run Behavior\BuildLiteBehavior [ RunTime:0.000023s ]
INFO: [ app_init ] --END-- [ RunTime:0.000491s ]
INFO: [ app_begin ] --START--
INFO: Run Behavior\ReadHtmlCacheBehavior [ RunTime:0.000632s ]
INFO: [ app_begin ] --END-- [ RunTime:0.000720s ]
SQL: SHOW COLUMNS FROM `tl_user` [ RunTime:0.0033s ]
SQL: SELECT * FROM `tl_user` WHERE `id` = 1 LIMIT 1   [ RunTime:0.0004s ]
SQL: SHOW COLUMNS FROM `tl_goods` [ RunTime:0.0026s ]
SQL: SELECT goods.*,user.username,user.nick_name,user.mobile FROM tl_goods as goods left join tl_user as user on user.id = goods.belong_id   WHERE goods.state = 1 ORDER BY id DESC LIMIT 0,20   [ RunTime:0.0029s ]
SQL: SELECT COUNT(*) AS tp_count FROM tl_goods as goods left join tl_user as user on user.id = goods.belong_id   WHERE goods.state = 1 LIMIT 1   [ RunTime:0.0002s ]
INFO: [ view_parse ] --START--
INFO: [ template_filter ] --START--
INFO: Run Behavior\ContentReplaceBehavior [ RunTime:0.000110s ]
INFO: [ template_filter ] --END-- [ RunTime:0.000214s ]
NOTIC: [8] Undefined variable: admin_head_title E:\wamp\www\yege\Application\Runtime\Cache\Admin\3268fbbbd0eb3ffe30140f78ff508f86.php 第 5 行.
INFO: Run Behavior\ParseTemplateBehavior [ RunTime:0.008485s ]
INFO: [ view_parse ] --END-- [ RunTime:0.008553s ]
INFO: [ view_filter ] --START--
INFO: Run Behavior\WriteHtmlCacheBehavior [ RunTime:0.000320s ]
INFO: [ view_filter ] --END-- [ RunTime:0.000374s ]
INFO: [ app_end ] --START--
INFO: Run Behavior\ShowPageTraceBehavior [ RunTime:0.000497s ]
INFO: [ app_end ] --END-- [ RunTime:0.000557s ]

[ 2016-03-30T09:18:55+08:00 ] 127.0.0.1 /Admin/Goods/goodsList
INFO: [ app_init ] --START--
INFO: Run Behavior\BuildLiteBehavior [ RunTime:0.000041s ]
INFO: [ app_init ] --END-- [ RunTime:0.000734s ]
INFO: [ app_begin ] --START--
INFO: Run Behavior\ReadHtmlCacheBehavior [ RunTime:0.000820s ]
INFO: [ app_begin ] --END-- [ RunTime:0.000984s ]
SQL: SHOW COLUMNS FROM `tl_user` [ RunTime:0.0028s ]
SQL: SELECT * FROM `tl_user` WHERE `id` = 1 LIMIT 1   [ RunTime:0.0002s ]
SQL: SHOW COLUMNS FROM `tl_goods` [ RunTime:0.0025s ]
SQL: SELECT goods.*,user.username,user.nick_name,user.mobile FROM tl_goods as goods left join tl_user as user on user.id = goods.belong_id   WHERE goods.state = 1 ORDER BY id DESC LIMIT 0,20   [ RunTime:0.0029s ]
SQL: SELECT COUNT(*) AS tp_count FROM tl_goods as goods left join tl_user as user on user.id = goods.belong_id   WHERE goods.state = 1 LIMIT 1   [ RunTime:0.0003s ]
INFO: [ view_parse ] --START--
INFO: [ template_filter ] --START--
INFO: Run Behavior\ContentReplaceBehavior [ RunTime:0.000046s ]
INFO: [ template_filter ] --END-- [ RunTime:0.000141s ]
NOTIC: [8] Undefined variable: admin_head_title E:\wamp\www\yege\Application\Runtime\Cache\Admin\3268fbbbd0eb3ffe30140f78ff508f86.php 第 5 行.
INFO: Run Behavior\ParseTemplateBehavior [ RunTime:0.007889s ]
INFO: [ view_parse ] --END-- [ RunTime:0.007954s ]
INFO: [ view_filter ] --START--
INFO: Run Behavior\WriteHtmlCacheBehavior [ RunTime:0.000324s ]
INFO: [ view_filter ] --END-- [ RunTime:0.000378s ]
INFO: [ app_end ] --START--
INFO: Run Behavior\ShowPageTraceBehavior [ RunTime:0.000490s ]
INFO: [ app_end ] --END-- [ RunTime:0.000550s ]

[ 2016-03-30T09:18:57+08:00 ] 127.0.0.1 /Admin/Goods/goodsList
INFO: [ app_init ] --START--
INFO: Run Behavior\BuildLiteBehavior [ RunTime:0.000050s ]
INFO: [ app_init ] --END-- [ RunTime:0.000918s ]
INFO: [ app_begin ] --START--
INFO: Run Behavior\ReadHtmlCacheBehavior [ RunTime:0.001102s ]
INFO: [ app_begin ] --END-- [ RunTime:0.001267s ]
SQL: SHOW COLUMNS FROM `tl_user` [ RunTime:0.0058s ]
SQL: SELECT * FROM `tl_user` WHERE `id` = 1 LIMIT 1   [ RunTime:0.0004s ]
SQL: SHOW COLUMNS FROM `tl_goods` [ RunTime:0.0045s ]
SQL: SELECT goods.*,user.username,user.nick_name,user.mobile FROM tl_goods as goods left join tl_user as user on user.id = goods.belong_id   WHERE goods.state = 1 ORDER BY id DESC LIMIT 20,20   [ RunTime:0.0066s ]
SQL: SELECT COUNT(*) AS tp_count FROM tl_goods as goods left join tl_user as user on user.id = goods.belong_id   WHERE goods.state = 1 LIMIT 1   [ RunTime:0.0005s ]
INFO: [ view_parse ] --START--
INFO: [ template_filter ] --START--
INFO: Run Behavior\ContentReplaceBehavior [ RunTime:0.000117s ]
INFO: [ template_filter ] --END-- [ RunTime:0.000295s ]
NOTIC: [8] Undefined variable: admin_head_title E:\wamp\www\yege\Application\Runtime\Cache\Admin\3268fbbbd0eb3ffe30140f78ff508f86.php 第 5 行.
INFO: Run Behavior\ParseTemplateBehavior [ RunTime:0.016188s ]
INFO: [ view_parse ] --END-- [ RunTime:0.016347s ]
INFO: [ view_filter ] --START--
INFO: Run Behavior\WriteHtmlCacheBehavior [ RunTime:0.000693s ]
INFO: [ view_filter ] --END-- [ RunTime:0.000815s ]
INFO: [ app_end ] --START--
INFO: Run Behavior\ShowPageTraceBehavior [ RunTime:0.001067s ]
INFO: [ app_end ] --END-- [ RunTime:0.001193s ]

[ 2016-03-30T09:18:58+08:00 ] 127.0.0.1 /Admin/Goods/goodsList
INFO: [ app_init ] --START--
INFO: Run Behavior\BuildLiteBehavior [ RunTime:0.000030s ]
INFO: [ app_init ] --END-- [ RunTime:0.000652s ]
INFO: [ app_begin ] --START--
INFO: Run Behavior\ReadHtmlCacheBehavior [ RunTime:0.000787s ]
INFO: [ app_begin ] --END-- [ RunTime:0.000917s ]
SQL: SHOW COLUMNS FROM `tl_user` [ RunTime:0.0085s ]
SQL: SELECT * FROM `tl_user` WHERE `id` = 1 LIMIT 1   [ RunTime:0.0003s ]
SQL: SHOW COLUMNS FROM `tl_goods` [ RunTime:0.0032s ]
SQL: SELECT goods.*,user.username,user.nick_name,user.mobile FROM tl_goods as goods left join tl_user as user on user.id = goods.belong_id   WHERE goods.state = 1 ORDER BY id DESC LIMIT 20,20   [ RunTime:0.0041s ]
SQL: SELECT COUNT(*) AS tp_count FROM tl_goods as goods left join tl_user as user on user.id = goods.belong_id   WHERE goods.state = 1 LIMIT 1   [ RunTime:0.0004s ]
INFO: [ view_parse ] --START--
INFO: [ template_filter ] --START--
INFO: Run Behavior\ContentReplaceBehavior [ RunTime:0.000071s ]
INFO: [ template_filter ] --END-- [ RunTime:0.000167s ]
NOTIC: [8] Undefined variable: admin_head_title E:\wamp\www\yege\Application\Runtime\Cache\Admin\3268fbbbd0eb3ffe30140f78ff508f86.php 第 5 行.
INFO: Run Behavior\ParseTemplateBehavior [ RunTime:0.010463s ]
INFO: [ view_parse ] --END-- [ RunTime:0.010588s ]
INFO: [ view_filter ] --START--
INFO: Run Behavior\WriteHtmlCacheBehavior [ RunTime:0.000477s ]
INFO: [ view_filter ] --END-- [ RunTime:0.000553s ]
INFO: [ app_end ] --START--
INFO: Run Behavior\ShowPageTraceBehavior [ RunTime:0.000723s ]
INFO: [ app_end ] --END-- [ RunTime:0.000807s ]

[ 2016-03-30T09:19:02+08:00 ] 127.0.0.1 /Admin/Goods/goodsList
INFO: [ app_init ] --START--
INFO: Run Behavior\BuildLiteBehavior [ RunTime:0.000032s ]
INFO: [ app_init ] --END-- [ RunTime:0.000674s ]
INFO: [ app_begin ] --START--
INFO: Run Behavior\ReadHtmlCacheBehavior [ RunTime:0.000864s ]
INFO: [ app_begin ] --END-- [ RunTime:0.000994s ]
SQL: SHOW COLUMNS FROM `tl_user` [ RunTime:0.0040s ]
SQL: SELECT * FROM `tl_user` WHERE `id` = 1 LIMIT 1   [ RunTime:0.0003s ]
SQL: SHOW COLUMNS FROM `tl_goods` [ RunTime:0.0036s ]
SQL: SELECT goods.*,user.username,user.nick_name,user.mobile FROM tl_goods as goods left join tl_user as user on user.id = goods.belong_id   WHERE goods.state = 1 ORDER BY id DESC LIMIT 20,20   [ RunTime:0.0031s ]
SQL: SELECT COUNT(*) AS tp_count FROM tl_goods as goods left join tl_user as user on user.id = goods.belong_id   WHERE goods.state = 1 LIMIT 1   [ RunTime:0.0002s ]
INFO: [ view_parse ] --START--
INFO: [ template_filter ] --START--
INFO: Run Behavior\ContentReplaceBehavior [ RunTime:0.000058s ]
INFO: [ template_filter ] --END-- [ RunTime:0.000131s ]
NOTIC: [8] Undefined variable: admin_head_title E:\wamp\www\yege\Application\Runtime\Cache\Admin\3268fbbbd0eb3ffe30140f78ff508f86.php 第 5 行.
INFO: Run Behavior\ParseTemplateBehavior [ RunTime:0.008376s ]
INFO: [ view_parse ] --END-- [ RunTime:0.008467s ]
INFO: [ view_filter ] --START--
INFO: Run Behavior\WriteHtmlCacheBehavior [ RunTime:0.000407s ]
INFO: [ view_filter ] --END-- [ RunTime:0.000473s ]
INFO: [ app_end ] --START--
INFO: Run Behavior\ShowPageTraceBehavior [ RunTime:0.000622s ]
INFO: [ app_end ] --END-- [ RunTime:0.000700s ]

[ 2016-03-30T09:19:04+08:00 ] 127.0.0.1 /Admin/Goods/goodsList
INFO: [ app_init ] --START--
INFO: Run Behavior\BuildLiteBehavior [ RunTime:0.000028s ]
INFO: [ app_init ] --END-- [ RunTime:0.000660s ]
INFO: [ app_begin ] --START--
INFO: Run Behavior\ReadHtmlCacheBehavior [ RunTime:0.000971s ]
INFO: [ app_begin ] --END-- [ RunTime:0.001128s ]
SQL: SHOW COLUMNS FROM `tl_user` [ RunTime:0.0039s ]
SQL: SELECT * FROM `tl_user` WHERE `id` = 1 LIMIT 1   [ RunTime:0.0004s ]
SQL: SHOW COLUMNS FROM `tl_goods` [ RunTime:0.0038s ]
SQL: SELECT goods.*,user.username,user.nick_name,user.mobile FROM tl_goods as goods left join tl_user as user on user.id = goods.belong_id   WHERE goods.state = 1 ORDER BY id DESC LIMIT 0,20   [ RunTime:0.0042s ]
SQL: SELECT COUNT(*) AS tp_count FROM tl_goods as goods left join tl_user as user on user.id = goods.belong_id   WHERE goods.state = 1 LIMIT 1   [ RunTime:0.0004s ]
INFO: [ view_parse ] --START--
INFO: [ template_filter ] --START--
INFO: Run Behavior\ContentReplaceBehavior [ RunTime:0.000084s ]
INFO: [ template_filter ] --END-- [ RunTime:0.000196s ]
NOTIC: [8] Undefined variable: admin_head_title E:\wamp\www\yege\Application\Runtime\Cache\Admin\3268fbbbd0eb3ffe30140f78ff508f86.php 第 5 行.
INFO: Run Behavior\ParseTemplateBehavior [ RunTime:0.012744s ]
INFO: [ view_parse ] --END-- [ RunTime:0.012832s ]
INFO: [ view_filter ] --START--
INFO: Run Behavior\WriteHtmlCacheBehavior [ RunTime:0.000381s ]
INFO: [ view_filter ] --END-- [ RunTime:0.000441s ]
INFO: [ app_end ] --START--
INFO: Run Behavior\ShowPageTraceBehavior [ RunTime:0.000558s ]
INFO: [ app_end ] --END-- [ RunTime:0.000623s ]

[ 2016-03-30T09:19:07+08:00 ] 127.0.0.1 /Admin/Goods/goodsList
INFO: [ app_init ] --START--
INFO: Run Behavior\BuildLiteBehavior [ RunTime:0.000042s ]
INFO: [ app_init ] --END-- [ RunTime:0.000730s ]
INFO: [ app_begin ] --START--
INFO: Run Behavior\ReadHtmlCacheBehavior [ RunTime:0.000955s ]
INFO: [ app_begin ] --END-- [ RunTime:0.001107s ]
SQL: SHOW COLUMNS FROM `tl_user` [ RunTime:0.0030s ]
SQL: SELECT * FROM `tl_user` WHERE `id` = 1 LIMIT 1   [ RunTime:0.0003s ]
SQL: SHOW COLUMNS FROM `tl_goods` [ RunTime:0.0034s ]
SQL: SELECT goods.*,user.username,user.nick_name,user.mobile FROM tl_goods as goods left join tl_user as user on user.id = goods.belong_id   WHERE goods.state = 1 ORDER BY id DESC LIMIT 0,20   [ RunTime:0.0030s ]
SQL: SELECT COUNT(*) AS tp_count FROM tl_goods as goods left join tl_user as user on user.id = goods.belong_id   WHERE goods.state = 1 LIMIT 1   [ RunTime:0.0002s ]
INFO: [ view_parse ] --START--
INFO: [ template_filter ] --START--
INFO: Run Behavior\ContentReplaceBehavior [ RunTime:0.000049s ]
INFO: [ template_filter ] --END-- [ RunTime:0.000142s ]
NOTIC: [8] Undefined variable: admin_head_title E:\wamp\www\yege\Application\Runtime\Cache\Admin\3268fbbbd0eb3ffe30140f78ff508f86.php 第 5 行.
INFO: Run Behavior\ParseTemplateBehavior [ RunTime:0.007551s ]
INFO: [ view_parse ] --END-- [ RunTime:0.007614s ]
INFO: [ view_filter ] --START--
INFO: Run Behavior\WriteHtmlCacheBehavior [ RunTime:0.000333s ]
INFO: [ view_filter ] --END-- [ RunTime:0.000386s ]
INFO: [ app_end ] --START--
INFO: Run Behavior\ShowPageTraceBehavior [ RunTime:0.000488s ]
INFO: [ app_end ] --END-- [ RunTime:0.000545s ]

[ 2016-03-30T10:19:09+08:00 ] 127.0.0.1 /Admin/Goods/addGoods
INFO: [ app_init ] --START--
INFO: Run Behavior\BuildLiteBehavior [ RunTime:0.000017s ]
INFO: [ app_init ] --END-- [ RunTime:0.000418s ]
INFO: [ app_begin ] --START--
INFO: Run Behavior\ReadHtmlCacheBehavior [ RunTime:0.000483s ]
INFO: [ app_begin ] --END-- [ RunTime:0.000550s ]
SQL: SHOW COLUMNS FROM `tl_user` [ RunTime:0.0024s ]
SQL: SELECT * FROM `tl_user` WHERE `id` = 1 LIMIT 1   [ RunTime:0.0002s ]
INFO: [ view_parse ] --START--
INFO: [ template_filter ] --START--
INFO: Run Behavior\ContentReplaceBehavior [ RunTime:0.000044s ]
INFO: [ template_filter ] --END-- [ RunTime:0.000107s ]
NOTIC: [8] Undefined variable: admin_head_title E:\wamp\www\yege\Application\Runtime\Cache\Admin\c74fb0c111dc216c19c7bf766c95f466.php 第 5 行.
INFO: Run Behavior\ParseTemplateBehavior [ RunTime:0.005179s ]
INFO: [ view_parse ] --END-- [ RunTime:0.005243s ]
INFO: [ view_filter ] --START--
INFO: Run Behavior\WriteHtmlCacheBehavior [ RunTime:0.000334s ]
INFO: [ view_filter ] --END-- [ RunTime:0.000387s ]
INFO: [ app_end ] --START--
INFO: Run Behavior\ShowPageTraceBehavior [ RunTime:0.000481s ]
INFO: [ app_end ] --END-- [ RunTime:0.000538s ]

[ 2016-03-30T10:19:27+08:00 ] 127.0.0.1 /Admin/Goods/addGoods
INFO: [ app_init ] --START--
INFO: Run Behavior\BuildLiteBehavior [ RunTime:0.000023s ]
INFO: [ app_init ] --END-- [ RunTime:0.000466s ]
INFO: [ app_begin ] --START--
INFO: Run Behavior\ReadHtmlCacheBehavior [ RunTime:0.000549s ]
INFO: [ app_begin ] --END-- [ RunTime:0.000635s ]
SQL: SHOW COLUMNS FROM `tl_user` [ RunTime:0.0042s ]
SQL: SELECT * FROM `tl_user` WHERE `id` = 1 LIMIT 1   [ RunTime:0.0003s ]
SQL: SELECT * FROM `tl_user` WHERE `id` = 123 LIMIT 1   [ RunTime:0.0003s ]
INFO: [ view_parse ] --START--
INFO: [ template_filter ] --START--
INFO: Run Behavior\ContentReplaceBehavior [ RunTime:0.000058s ]
INFO: [ template_filter ] --END-- [ RunTime:0.000144s ]
INFO: Run Behavior\ParseTemplateBehavior [ RunTime:0.019816s ]
INFO: [ view_parse ] --END-- [ RunTime:0.019914s ]
INFO: [ view_filter ] --START--
INFO: Run Behavior\WriteHtmlCacheBehavior [ RunTime:0.000442s ]
INFO: [ view_filter ] --END-- [ RunTime:0.000519s ]

[ 2016-03-30T10:19:31+08:00 ] 127.0.0.1 /Admin/Goods/addGoods
INFO: [ app_init ] --START--
INFO: Run Behavior\BuildLiteBehavior [ RunTime:0.000041s ]
INFO: [ app_init ] --END-- [ RunTime:0.001327s ]
INFO: [ app_begin ] --START--
INFO: Run Behavior\ReadHtmlCacheBehavior [ RunTime:0.000921s ]
INFO: [ app_begin ] --END-- [ RunTime:0.001067s ]
SQL: SHOW COLUMNS FROM `tl_user` [ RunTime:0.0035s ]
SQL: SELECT * FROM `tl_user` WHERE `id` = 1 LIMIT 1   [ RunTime:0.0003s ]
SQL: SELECT * FROM `tl_user` WHERE `id` = 1 LIMIT 1   [ RunTime:0.0002s ]
SQL: SHOW COLUMNS FROM `tl_goods` [ RunTime:0.0024s ]
SQL: SELECT * FROM `tl_goods` WHERE `name` = '测试' AND `ext_name` = '哈哈哈' AND `belong_id` = 1 AND `state` = 1 LIMIT 1   [ RunTime:0.0003s ]
SQL: INSERT INTO `tl_goods` (`belong_id`,`name`,`ext_name`,`attr_id`,`tab`,`price`,`describe`,`updatetime`,`inputtime`) VALUES ('1','测试','哈哈哈','0',',123,4556,67,','12','按时大大','1459304371','1459304371') [ RunTime:0.0536s ]
INFO: [ view_parse ] --START--
INFO: [ template_filter ] --START--
INFO: Run Behavior\ContentReplaceBehavior [ RunTime:0.000136s ]
INFO: [ template_filter ] --END-- [ RunTime:0.000372s ]
INFO: Run Behavior\ParseTemplateBehavior [ RunTime:0.017238s ]
INFO: [ view_parse ] --END-- [ RunTime:0.017536s ]
INFO: [ view_filter ] --START--
INFO: Run Behavior\WriteHtmlCacheBehavior [ RunTime:0.001211s ]
INFO: [ view_filter ] --END-- [ RunTime:0.001433s ]
INFO: [ view_parse ] --START--
INFO: [ template_filter ] --START--
INFO: Run Behavior\ContentReplaceBehavior [ RunTime:0.000108s ]
INFO: [ template_filter ] --END-- [ RunTime:-0.008625s ]
NOTIC: [8] Undefined variable: admin_head_title E:\wamp\www\yege\Application\Runtime\Cache\Admin\c74fb0c111dc216c19c7bf766c95f466.php 第 5 行.
INFO: Run Behavior\ParseTemplateBehavior [ RunTime:0.005979s ]
INFO: [ view_parse ] --END-- [ RunTime:-0.002147s ]
INFO: [ view_filter ] --START--
INFO: Run Behavior\WriteHtmlCacheBehavior [ RunTime:0.000047s ]
INFO: [ view_filter ] --END-- [ RunTime:-0.006769s ]
INFO: [ app_end ] --START--
INFO: Run Behavior\ShowPageTraceBehavior [ RunTime:0.001685s ]
INFO: [ app_end ] --END-- [ RunTime:0.001898s ]

[ 2016-03-30T10:19:32+08:00 ] 127.0.0.1 /Admin/Goods/addGoods
INFO: [ app_init ] --START--
INFO: Run Behavior\BuildLiteBehavior [ RunTime:0.000041s ]
INFO: [ app_init ] --END-- [ RunTime:0.000909s ]
INFO: [ app_begin ] --START--
INFO: Run Behavior\ReadHtmlCacheBehavior [ RunTime:0.001060s ]
INFO: [ app_begin ] --END-- [ RunTime:0.001226s ]
SQL: SHOW COLUMNS FROM `tl_user` [ RunTime:0.0029s ]
SQL: SELECT * FROM `tl_user` WHERE `id` = 1 LIMIT 1   [ RunTime:0.0003s ]
INFO: [ view_parse ] --START--
INFO: [ template_filter ] --START--
INFO: Run Behavior\ContentReplaceBehavior [ RunTime:0.000050s ]
INFO: [ template_filter ] --END-- [ RunTime:0.000121s ]
NOTIC: [8] Undefined variable: admin_head_title E:\wamp\www\yege\Application\Runtime\Cache\Admin\c74fb0c111dc216c19c7bf766c95f466.php 第 5 行.
INFO: Run Behavior\ParseTemplateBehavior [ RunTime:0.005538s ]
INFO: [ view_parse ] --END-- [ RunTime:0.005611s ]
INFO: [ view_filter ] --START--
INFO: Run Behavior\WriteHtmlCacheBehavior [ RunTime:0.000372s ]
INFO: [ view_filter ] --END-- [ RunTime:0.000437s ]
INFO: [ app_end ] --START--
INFO: Run Behavior\ShowPageTraceBehavior [ RunTime:0.000664s ]
INFO: [ app_end ] --END-- [ RunTime:0.000732s ]

[ 2016-03-30T10:19:37+08:00 ] 127.0.0.1 /Admin/Goods/goodsList
INFO: [ app_init ] --START--
INFO: Run Behavior\BuildLiteBehavior [ RunTime:0.000023s ]
INFO: [ app_init ] --END-- [ RunTime:0.000469s ]
INFO: [ app_begin ] --START--
INFO: Run Behavior\ReadHtmlCacheBehavior [ RunTime:0.000552s ]
INFO: [ app_begin ] --END-- [ RunTime:0.000637s ]
SQL: SHOW COLUMNS FROM `tl_user` [ RunTime:0.0053s ]
SQL: SELECT * FROM `tl_user` WHERE `id` = 1 LIMIT 1   [ RunTime:0.0003s ]
SQL: SHOW COLUMNS FROM `tl_goods` [ RunTime:0.0029s ]
SQL: SELECT goods.*,user.username,user.nick_name,user.mobile FROM tl_goods as goods left join tl_user as user on user.id = goods.belong_id   WHERE goods.state = 1 ORDER BY id DESC LIMIT 0,20   [ RunTime:0.0034s ]
SQL: SELECT COUNT(*) AS tp_count FROM tl_goods as goods left join tl_user as user on user.id = goods.belong_id   WHERE goods.state = 1 LIMIT 1   [ RunTime:0.0004s ]
INFO: [ view_parse ] --START--
INFO: [ template_filter ] --START--
INFO: Run Behavior\ContentReplaceBehavior [ RunTime:0.000064s ]
INFO: [ template_filter ] --END-- [ RunTime:0.000148s ]
NOTIC: [8] Undefined variable: admin_head_title E:\wamp\www\yege\Application\Runtime\Cache\Admin\3268fbbbd0eb3ffe30140f78ff508f86.php 第 5 行.
INFO: Run Behavior\ParseTemplateBehavior [ RunTime:0.010143s ]
INFO: [ view_parse ] --END-- [ RunTime:0.010230s ]
INFO: [ view_filter ] --START--
INFO: Run Behavior\WriteHtmlCacheBehavior [ RunTime:0.000441s ]
INFO: [ view_filter ] --END-- [ RunTime:0.000513s ]
INFO: [ app_end ] --START--
INFO: Run Behavior\ShowPageTraceBehavior [ RunTime:0.000662s ]
INFO: [ app_end ] --END-- [ RunTime:0.000738s ]

[ 2016-03-30T10:19:38+08:00 ] 127.0.0.1 /Admin/Goods/goodsList
INFO: [ app_init ] --START--
INFO: Run Behavior\BuildLiteBehavior [ RunTime:0.000036s ]
INFO: [ app_init ] --END-- [ RunTime:0.000782s ]
INFO: [ app_begin ] --START--
INFO: Run Behavior\ReadHtmlCacheBehavior [ RunTime:0.000943s ]
INFO: [ app_begin ] --END-- [ RunTime:0.001083s ]
SQL: SHOW COLUMNS FROM `tl_user` [ RunTime:0.0029s ]
SQL: SELECT * FROM `tl_user` WHERE `id` = 1 LIMIT 1   [ RunTime:0.0004s ]
SQL: SHOW COLUMNS FROM `tl_goods` [ RunTime:0.0030s ]
SQL: SELECT goods.*,user.username,user.nick_name,user.mobile FROM tl_goods as goods left join tl_user as user on user.id = goods.belong_id   WHERE goods.state = 1 ORDER BY id DESC LIMIT 0,20   [ RunTime:0.0026s ]
SQL: SELECT COUNT(*) AS tp_count FROM tl_goods as goods left join tl_user as user on user.id = goods.belong_id   WHERE goods.state = 1 LIMIT 1   [ RunTime:0.0002s ]
INFO: [ view_parse ] --START--
INFO: [ template_filter ] --START--
INFO: Run Behavior\ContentReplaceBehavior [ RunTime:0.000052s ]
INFO: [ template_filter ] --END-- [ RunTime:0.000135s ]
NOTIC: [8] Undefined variable: admin_head_title E:\wamp\www\yege\Application\Runtime\Cache\Admin\3268fbbbd0eb3ffe30140f78ff508f86.php 第 5 行.
INFO: Run Behavior\ParseTemplateBehavior [ RunTime:0.007907s ]
INFO: [ view_parse ] --END-- [ RunTime:0.007982s ]
INFO: [ view_filter ] --START--
INFO: Run Behavior\WriteHtmlCacheBehavior [ RunTime:0.000341s ]
INFO: [ view_filter ] --END-- [ RunTime:0.000401s ]
INFO: [ app_end ] --START--
INFO: Run Behavior\ShowPageTraceBehavior [ RunTime:0.000515s ]
INFO: [ app_end ] --END-- [ RunTime:0.000577s ]

